
*** Running vivado
    with args -log platform_wrapper.vdi -applog -m64 -product Vivado -messageDb vivado.pb -mode batch -source platform_wrapper.tcl -notrace


****** Vivado v2017.4 (64-bit)
  **** SW Build 2086221 on Fri Dec 15 20:54:30 MST 2017
  **** IP Build 2085800 on Fri Dec 15 22:25:07 MST 2017
    ** Copyright 1986-2017 Xilinx, Inc. All Rights Reserved.

source platform_wrapper.tcl -notrace
INFO: [IP_Flow 19-234] Refreshing IP repositories
INFO: [IP_Flow 19-1700] Loaded user IP repository '/home/yarib/work/vivado_hls'.
INFO: [IP_Flow 19-2313] Loaded Vivado IP repository '/opt/Xilinx/Vivado/2017.4/data/ip'.
add_files: Time (s): cpu = 00:00:05 ; elapsed = 00:00:07 . Memory (MB): peak = 1269.926 ; gain = 71.773 ; free physical = 661 ; free virtual = 5738
Command: link_design -top platform_wrapper -part xc7z020clg400-1
Design is defaulting to srcset: sources_1
Design is defaulting to constrset: constrs_1
INFO: [Netlist 29-17] Analyzing 1024 Unisim elements for replacement
INFO: [Netlist 29-28] Unisim Transformation completed in 0 CPU seconds
INFO: [Project 1-479] Netlist was created with Vivado 2017.4
INFO: [Device 21-403] Loading part xc7z020clg400-1
INFO: [Project 1-570] Preparing netlist for logic optimization
Parsing XDC File [/home/yarib/work/vivado/sbs_custom_float/sbs_custom_float.srcs/sources_1/bd/platform/ip/platform_processing_system7_0_0/platform_processing_system7_0_0.xdc] for cell 'platform_i/processing_system7_0/inst'
Finished Parsing XDC File [/home/yarib/work/vivado/sbs_custom_float/sbs_custom_float.srcs/sources_1/bd/platform/ip/platform_processing_system7_0_0/platform_processing_system7_0_0.xdc] for cell 'platform_i/processing_system7_0/inst'
Parsing XDC File [/home/yarib/work/vivado/sbs_custom_float/sbs_custom_float.srcs/sources_1/bd/platform/ip/platform_axi_dma_0_0/platform_axi_dma_0_0.xdc] for cell 'platform_i/axi_dma_0/U0'
Finished Parsing XDC File [/home/yarib/work/vivado/sbs_custom_float/sbs_custom_float.srcs/sources_1/bd/platform/ip/platform_axi_dma_0_0/platform_axi_dma_0_0.xdc] for cell 'platform_i/axi_dma_0/U0'
Parsing XDC File [/home/yarib/work/vivado/sbs_custom_float/sbs_custom_float.srcs/sources_1/bd/platform/ip/platform_axi_dma_0_1/platform_axi_dma_0_1.xdc] for cell 'platform_i/axi_dma_1/U0'
Finished Parsing XDC File [/home/yarib/work/vivado/sbs_custom_float/sbs_custom_float.srcs/sources_1/bd/platform/ip/platform_axi_dma_0_1/platform_axi_dma_0_1.xdc] for cell 'platform_i/axi_dma_1/U0'
Parsing XDC File [/home/yarib/work/vivado/sbs_custom_float/sbs_custom_float.srcs/sources_1/bd/platform/ip/platform_axi_smc_0/bd_0/ip/ip_1/bd_d051_psr_aclk_0_board.xdc] for cell 'platform_i/axi_smc/inst/clk_map/psr_aclk/U0'
Finished Parsing XDC File [/home/yarib/work/vivado/sbs_custom_float/sbs_custom_float.srcs/sources_1/bd/platform/ip/platform_axi_smc_0/bd_0/ip/ip_1/bd_d051_psr_aclk_0_board.xdc] for cell 'platform_i/axi_smc/inst/clk_map/psr_aclk/U0'
Parsing XDC File [/home/yarib/work/vivado/sbs_custom_float/sbs_custom_float.srcs/sources_1/bd/platform/ip/platform_axi_smc_0/bd_0/ip/ip_1/bd_d051_psr_aclk_0.xdc] for cell 'platform_i/axi_smc/inst/clk_map/psr_aclk/U0'
Finished Parsing XDC File [/home/yarib/work/vivado/sbs_custom_float/sbs_custom_float.srcs/sources_1/bd/platform/ip/platform_axi_smc_0/bd_0/ip/ip_1/bd_d051_psr_aclk_0.xdc] for cell 'platform_i/axi_smc/inst/clk_map/psr_aclk/U0'
Parsing XDC File [/home/yarib/work/vivado/sbs_custom_float/sbs_custom_float.srcs/sources_1/bd/platform/ip/platform_rst_ps7_0_250M_0/platform_rst_ps7_0_250M_0_board.xdc] for cell 'platform_i/rst_ps7_0_250M/U0'
Finished Parsing XDC File [/home/yarib/work/vivado/sbs_custom_float/sbs_custom_float.srcs/sources_1/bd/platform/ip/platform_rst_ps7_0_250M_0/platform_rst_ps7_0_250M_0_board.xdc] for cell 'platform_i/rst_ps7_0_250M/U0'
Parsing XDC File [/home/yarib/work/vivado/sbs_custom_float/sbs_custom_float.srcs/sources_1/bd/platform/ip/platform_rst_ps7_0_250M_0/platform_rst_ps7_0_250M_0.xdc] for cell 'platform_i/rst_ps7_0_250M/U0'
Finished Parsing XDC File [/home/yarib/work/vivado/sbs_custom_float/sbs_custom_float.srcs/sources_1/bd/platform/ip/platform_rst_ps7_0_250M_0/platform_rst_ps7_0_250M_0.xdc] for cell 'platform_i/rst_ps7_0_250M/U0'
Parsing XDC File [/home/yarib/work/vivado/sbs_custom_float/sbs_custom_float.srcs/sources_1/bd/platform/ip/platform_axi_dma_0_0/platform_axi_dma_0_0_clocks.xdc] for cell 'platform_i/axi_dma_0/U0'
Finished Parsing XDC File [/home/yarib/work/vivado/sbs_custom_float/sbs_custom_float.srcs/sources_1/bd/platform/ip/platform_axi_dma_0_0/platform_axi_dma_0_0_clocks.xdc] for cell 'platform_i/axi_dma_0/U0'
Parsing XDC File [/home/yarib/work/vivado/sbs_custom_float/sbs_custom_float.srcs/sources_1/bd/platform/ip/platform_axi_dma_0_1/platform_axi_dma_0_1_clocks.xdc] for cell 'platform_i/axi_dma_1/U0'
Finished Parsing XDC File [/home/yarib/work/vivado/sbs_custom_float/sbs_custom_float.srcs/sources_1/bd/platform/ip/platform_axi_dma_0_1/platform_axi_dma_0_1_clocks.xdc] for cell 'platform_i/axi_dma_1/U0'
Sourcing Tcl File [/opt/Xilinx/Vivado/2017.4/data/ip/xpm/xpm_fifo/tcl/xpm_fifo_rst.tcl] for cell 'platform_i/axi_dma_0/U0/I_PRMRY_DATAMOVER/GEN_MM2S_FULL.I_MM2S_FULL_WRAPPER/GEN_INCLUDE_MM2S_SF.I_RD_SF/I_DATA_FIFO/BLK_MEM.I_SYNC_FIFOGEN_FIFO/xpm_fifo_instance.xpm_fifo_sync_inst/xpm_fifo_base_inst'
Finished Sourcing Tcl File [/opt/Xilinx/Vivado/2017.4/data/ip/xpm/xpm_fifo/tcl/xpm_fifo_rst.tcl] for cell 'platform_i/axi_dma_0/U0/I_PRMRY_DATAMOVER/GEN_MM2S_FULL.I_MM2S_FULL_WRAPPER/GEN_INCLUDE_MM2S_SF.I_RD_SF/I_DATA_FIFO/BLK_MEM.I_SYNC_FIFOGEN_FIFO/xpm_fifo_instance.xpm_fifo_sync_inst/xpm_fifo_base_inst'
Sourcing Tcl File [/opt/Xilinx/Vivado/2017.4/data/ip/xpm/xpm_fifo/tcl/xpm_fifo_rst.tcl] for cell 'platform_i/axi_dma_1/U0/I_PRMRY_DATAMOVER/GEN_MM2S_FULL.I_MM2S_FULL_WRAPPER/GEN_INCLUDE_MM2S_SF.I_RD_SF/I_DATA_FIFO/BLK_MEM.I_SYNC_FIFOGEN_FIFO/xpm_fifo_instance.xpm_fifo_sync_inst/xpm_fifo_base_inst'
Finished Sourcing Tcl File [/opt/Xilinx/Vivado/2017.4/data/ip/xpm/xpm_fifo/tcl/xpm_fifo_rst.tcl] for cell 'platform_i/axi_dma_1/U0/I_PRMRY_DATAMOVER/GEN_MM2S_FULL.I_MM2S_FULL_WRAPPER/GEN_INCLUDE_MM2S_SF.I_RD_SF/I_DATA_FIFO/BLK_MEM.I_SYNC_FIFOGEN_FIFO/xpm_fifo_instance.xpm_fifo_sync_inst/xpm_fifo_base_inst'
Sourcing Tcl File [/opt/Xilinx/Vivado/2017.4/data/ip/xpm/xpm_fifo/tcl/xpm_fifo_rst.tcl] for cell 'platform_i/axi_dma_0/U0/I_PRMRY_DATAMOVER/GEN_S2MM_FULL.I_S2MM_FULL_WRAPPER/GEN_ENABLE_INDET_BTT_SF.I_INDET_BTT/I_XD_FIFO/NON_BLK_MEM.I_SYNC_FIFOGEN_FIFO/xpm_fifo_instance.xpm_fifo_sync_inst/xpm_fifo_base_inst'
Finished Sourcing Tcl File [/opt/Xilinx/Vivado/2017.4/data/ip/xpm/xpm_fifo/tcl/xpm_fifo_rst.tcl] for cell 'platform_i/axi_dma_0/U0/I_PRMRY_DATAMOVER/GEN_S2MM_FULL.I_S2MM_FULL_WRAPPER/GEN_ENABLE_INDET_BTT_SF.I_INDET_BTT/I_XD_FIFO/NON_BLK_MEM.I_SYNC_FIFOGEN_FIFO/xpm_fifo_instance.xpm_fifo_sync_inst/xpm_fifo_base_inst'
Sourcing Tcl File [/opt/Xilinx/Vivado/2017.4/data/ip/xpm/xpm_fifo/tcl/xpm_fifo_rst.tcl] for cell 'platform_i/axi_dma_1/U0/I_PRMRY_DATAMOVER/GEN_S2MM_FULL.I_S2MM_FULL_WRAPPER/GEN_ENABLE_INDET_BTT_SF.I_INDET_BTT/I_XD_FIFO/NON_BLK_MEM.I_SYNC_FIFOGEN_FIFO/xpm_fifo_instance.xpm_fifo_sync_inst/xpm_fifo_base_inst'
Finished Sourcing Tcl File [/opt/Xilinx/Vivado/2017.4/data/ip/xpm/xpm_fifo/tcl/xpm_fifo_rst.tcl] for cell 'platform_i/axi_dma_1/U0/I_PRMRY_DATAMOVER/GEN_S2MM_FULL.I_S2MM_FULL_WRAPPER/GEN_ENABLE_INDET_BTT_SF.I_INDET_BTT/I_XD_FIFO/NON_BLK_MEM.I_SYNC_FIFOGEN_FIFO/xpm_fifo_instance.xpm_fifo_sync_inst/xpm_fifo_base_inst'
Sourcing Tcl File [/opt/Xilinx/Vivado/2017.4/data/ip/xpm/xpm_fifo/tcl/xpm_fifo_rst.tcl] for cell 'platform_i/axi_dma_0/U0/I_PRMRY_DATAMOVER/GEN_S2MM_FULL.I_S2MM_FULL_WRAPPER/GEN_ENABLE_INDET_BTT_SF.I_INDET_BTT/I_DATA_FIFO/BLK_MEM.I_SYNC_FIFOGEN_FIFO/xpm_fifo_instance.xpm_fifo_sync_inst/xpm_fifo_base_inst'
Finished Sourcing Tcl File [/opt/Xilinx/Vivado/2017.4/data/ip/xpm/xpm_fifo/tcl/xpm_fifo_rst.tcl] for cell 'platform_i/axi_dma_0/U0/I_PRMRY_DATAMOVER/GEN_S2MM_FULL.I_S2MM_FULL_WRAPPER/GEN_ENABLE_INDET_BTT_SF.I_INDET_BTT/I_DATA_FIFO/BLK_MEM.I_SYNC_FIFOGEN_FIFO/xpm_fifo_instance.xpm_fifo_sync_inst/xpm_fifo_base_inst'
Sourcing Tcl File [/opt/Xilinx/Vivado/2017.4/data/ip/xpm/xpm_fifo/tcl/xpm_fifo_rst.tcl] for cell 'platform_i/axi_dma_1/U0/I_PRMRY_DATAMOVER/GEN_S2MM_FULL.I_S2MM_FULL_WRAPPER/GEN_ENABLE_INDET_BTT_SF.I_INDET_BTT/I_DATA_FIFO/BLK_MEM.I_SYNC_FIFOGEN_FIFO/xpm_fifo_instance.xpm_fifo_sync_inst/xpm_fifo_base_inst'
Finished Sourcing Tcl File [/opt/Xilinx/Vivado/2017.4/data/ip/xpm/xpm_fifo/tcl/xpm_fifo_rst.tcl] for cell 'platform_i/axi_dma_1/U0/I_PRMRY_DATAMOVER/GEN_S2MM_FULL.I_S2MM_FULL_WRAPPER/GEN_ENABLE_INDET_BTT_SF.I_INDET_BTT/I_DATA_FIFO/BLK_MEM.I_SYNC_FIFOGEN_FIFO/xpm_fifo_instance.xpm_fifo_sync_inst/xpm_fifo_base_inst'
Sourcing Tcl File [/opt/Xilinx/Vivado/2017.4/data/ip/xpm/xpm_memory/tcl/xpm_memory_xdc.tcl] for cell 'platform_i/axi_smc/inst/m00_nodes/m00_ar_node/inst/inst_mi_handler/gen_normal_area.gen_node_prog_full.inst_node_prog_full/gen_xpm_memory_fifo.inst_fifo/gen_mem_rep[0].inst_xpm_memory'
Finished Sourcing Tcl File [/opt/Xilinx/Vivado/2017.4/data/ip/xpm/xpm_memory/tcl/xpm_memory_xdc.tcl] for cell 'platform_i/axi_smc/inst/m00_nodes/m00_ar_node/inst/inst_mi_handler/gen_normal_area.gen_node_prog_full.inst_node_prog_full/gen_xpm_memory_fifo.inst_fifo/gen_mem_rep[0].inst_xpm_memory'
Sourcing Tcl File [/opt/Xilinx/Vivado/2017.4/data/ip/xpm/xpm_memory/tcl/xpm_memory_xdc.tcl] for cell 'platform_i/axi_smc/inst/s00_nodes/s00_r_node/inst/inst_mi_handler/gen_normal_area.gen_node_prog_full.inst_node_prog_full/gen_xpm_memory_fifo.inst_fifo/gen_mem_rep[0].inst_xpm_memory'
Finished Sourcing Tcl File [/opt/Xilinx/Vivado/2017.4/data/ip/xpm/xpm_memory/tcl/xpm_memory_xdc.tcl] for cell 'platform_i/axi_smc/inst/s00_nodes/s00_r_node/inst/inst_mi_handler/gen_normal_area.gen_node_prog_full.inst_node_prog_full/gen_xpm_memory_fifo.inst_fifo/gen_mem_rep[0].inst_xpm_memory'
Sourcing Tcl File [/opt/Xilinx/Vivado/2017.4/data/ip/xpm/xpm_memory/tcl/xpm_memory_xdc.tcl] for cell 'platform_i/axi_smc/inst/m00_nodes/m00_w_node/inst/inst_mi_handler/gen_normal_area.gen_node_prog_full.inst_node_prog_full/gen_xpm_memory_fifo.inst_fifo/gen_mem_rep[0].inst_xpm_memory'
Finished Sourcing Tcl File [/opt/Xilinx/Vivado/2017.4/data/ip/xpm/xpm_memory/tcl/xpm_memory_xdc.tcl] for cell 'platform_i/axi_smc/inst/m00_nodes/m00_w_node/inst/inst_mi_handler/gen_normal_area.gen_node_prog_full.inst_node_prog_full/gen_xpm_memory_fifo.inst_fifo/gen_mem_rep[0].inst_xpm_memory'
Sourcing Tcl File [/opt/Xilinx/Vivado/2017.4/data/ip/xpm/xpm_memory/tcl/xpm_memory_xdc.tcl] for cell 'platform_i/axi_smc/inst/m00_nodes/m00_aw_node/inst/inst_mi_handler/gen_normal_area.gen_node_prog_full.inst_node_prog_full/gen_xpm_memory_fifo.inst_fifo/gen_mem_rep[0].inst_xpm_memory'
Finished Sourcing Tcl File [/opt/Xilinx/Vivado/2017.4/data/ip/xpm/xpm_memory/tcl/xpm_memory_xdc.tcl] for cell 'platform_i/axi_smc/inst/m00_nodes/m00_aw_node/inst/inst_mi_handler/gen_normal_area.gen_node_prog_full.inst_node_prog_full/gen_xpm_memory_fifo.inst_fifo/gen_mem_rep[0].inst_xpm_memory'
Sourcing Tcl File [/opt/Xilinx/Vivado/2017.4/data/ip/xpm/xpm_memory/tcl/xpm_memory_xdc.tcl] for cell 'platform_i/axi_smc/inst/s03_nodes/s03_b_node/inst/inst_mi_handler/gen_normal_area.gen_node_prog_full.inst_node_prog_full/gen_xpm_memory_fifo.inst_fifo/gen_mem_rep[0].inst_xpm_memory'
Finished Sourcing Tcl File [/opt/Xilinx/Vivado/2017.4/data/ip/xpm/xpm_memory/tcl/xpm_memory_xdc.tcl] for cell 'platform_i/axi_smc/inst/s03_nodes/s03_b_node/inst/inst_mi_handler/gen_normal_area.gen_node_prog_full.inst_node_prog_full/gen_xpm_memory_fifo.inst_fifo/gen_mem_rep[0].inst_xpm_memory'
Sourcing Tcl File [/opt/Xilinx/Vivado/2017.4/data/ip/xpm/xpm_memory/tcl/xpm_memory_xdc.tcl] for cell 'platform_i/axi_smc/inst/s02_nodes/s02_r_node/inst/inst_mi_handler/gen_normal_area.gen_node_prog_full.inst_node_prog_full/gen_xpm_memory_fifo.inst_fifo/gen_mem_rep[0].inst_xpm_memory'
Finished Sourcing Tcl File [/opt/Xilinx/Vivado/2017.4/data/ip/xpm/xpm_memory/tcl/xpm_memory_xdc.tcl] for cell 'platform_i/axi_smc/inst/s02_nodes/s02_r_node/inst/inst_mi_handler/gen_normal_area.gen_node_prog_full.inst_node_prog_full/gen_xpm_memory_fifo.inst_fifo/gen_mem_rep[0].inst_xpm_memory'
Sourcing Tcl File [/opt/Xilinx/Vivado/2017.4/data/ip/xpm/xpm_memory/tcl/xpm_memory_xdc.tcl] for cell 'platform_i/axi_smc/inst/s01_nodes/s01_b_node/inst/inst_mi_handler/gen_normal_area.gen_node_prog_full.inst_node_prog_full/gen_xpm_memory_fifo.inst_fifo/gen_mem_rep[0].inst_xpm_memory'
Finished Sourcing Tcl File [/opt/Xilinx/Vivado/2017.4/data/ip/xpm/xpm_memory/tcl/xpm_memory_xdc.tcl] for cell 'platform_i/axi_smc/inst/s01_nodes/s01_b_node/inst/inst_mi_handler/gen_normal_area.gen_node_prog_full.inst_node_prog_full/gen_xpm_memory_fifo.inst_fifo/gen_mem_rep[0].inst_xpm_memory'
Sourcing Tcl File [/opt/Xilinx/Vivado/2017.4/data/ip/xpm/xpm_memory/tcl/xpm_memory_xdc.tcl] for cell 'platform_i/axi_smc/inst/m00_nodes/m00_ar_node/inst/inst_mi_handler/gen_normal_area.inst_fifo_node_payld/gen_xpm_memory_fifo.inst_fifo/gen_mem_rep[0].inst_xpm_memory'
Finished Sourcing Tcl File [/opt/Xilinx/Vivado/2017.4/data/ip/xpm/xpm_memory/tcl/xpm_memory_xdc.tcl] for cell 'platform_i/axi_smc/inst/m00_nodes/m00_ar_node/inst/inst_mi_handler/gen_normal_area.inst_fifo_node_payld/gen_xpm_memory_fifo.inst_fifo/gen_mem_rep[0].inst_xpm_memory'
Sourcing Tcl File [/opt/Xilinx/Vivado/2017.4/data/ip/xpm/xpm_memory/tcl/xpm_memory_xdc.tcl] for cell 'platform_i/axi_smc/inst/m00_nodes/m00_aw_node/inst/inst_mi_handler/gen_normal_area.inst_fifo_node_payld/gen_xpm_memory_fifo.inst_fifo/gen_mem_rep[0].inst_xpm_memory'
Finished Sourcing Tcl File [/opt/Xilinx/Vivado/2017.4/data/ip/xpm/xpm_memory/tcl/xpm_memory_xdc.tcl] for cell 'platform_i/axi_smc/inst/m00_nodes/m00_aw_node/inst/inst_mi_handler/gen_normal_area.inst_fifo_node_payld/gen_xpm_memory_fifo.inst_fifo/gen_mem_rep[0].inst_xpm_memory'
Sourcing Tcl File [/opt/Xilinx/Vivado/2017.4/data/ip/xpm/xpm_memory/tcl/xpm_memory_xdc.tcl] for cell 'platform_i/axi_smc/inst/m00_nodes/m00_b_node/inst/inst_mi_handler/gen_normal_area.gen_fifo_req.inst_fifo_req/gen_xpm_memory_fifo.inst_fifo/gen_mem_rep[0].inst_xpm_memory'
Finished Sourcing Tcl File [/opt/Xilinx/Vivado/2017.4/data/ip/xpm/xpm_memory/tcl/xpm_memory_xdc.tcl] for cell 'platform_i/axi_smc/inst/m00_nodes/m00_b_node/inst/inst_mi_handler/gen_normal_area.gen_fifo_req.inst_fifo_req/gen_xpm_memory_fifo.inst_fifo/gen_mem_rep[0].inst_xpm_memory'
Sourcing Tcl File [/opt/Xilinx/Vivado/2017.4/data/ip/xpm/xpm_memory/tcl/xpm_memory_xdc.tcl] for cell 'platform_i/axi_smc/inst/m00_nodes/m00_r_node/inst/inst_mi_handler/gen_normal_area.gen_fifo_req.inst_fifo_req/gen_xpm_memory_fifo.inst_fifo/gen_mem_rep[0].inst_xpm_memory'
Finished Sourcing Tcl File [/opt/Xilinx/Vivado/2017.4/data/ip/xpm/xpm_memory/tcl/xpm_memory_xdc.tcl] for cell 'platform_i/axi_smc/inst/m00_nodes/m00_r_node/inst/inst_mi_handler/gen_normal_area.gen_fifo_req.inst_fifo_req/gen_xpm_memory_fifo.inst_fifo/gen_mem_rep[0].inst_xpm_memory'
Sourcing Tcl File [/opt/Xilinx/Vivado/2017.4/data/ip/xpm/xpm_memory/tcl/xpm_memory_xdc.tcl] for cell 'platform_i/axi_smc/inst/m00_nodes/m00_b_node/inst/inst_mi_handler/gen_normal_area.inst_fifo_node_payld/gen_xpm_memory_fifo.inst_fifo/gen_mem_rep[0].inst_xpm_memory'
Finished Sourcing Tcl File [/opt/Xilinx/Vivado/2017.4/data/ip/xpm/xpm_memory/tcl/xpm_memory_xdc.tcl] for cell 'platform_i/axi_smc/inst/m00_nodes/m00_b_node/inst/inst_mi_handler/gen_normal_area.inst_fifo_node_payld/gen_xpm_memory_fifo.inst_fifo/gen_mem_rep[0].inst_xpm_memory'
Sourcing Tcl File [/opt/Xilinx/Vivado/2017.4/data/ip/xpm/xpm_memory/tcl/xpm_memory_xdc.tcl] for cell 'platform_i/axi_smc/inst/m00_nodes/m00_r_node/inst/inst_mi_handler/gen_normal_area.inst_fifo_node_payld/gen_xpm_memory_fifo.inst_fifo/gen_mem_rep[0].inst_xpm_memory'
Finished Sourcing Tcl File [/opt/Xilinx/Vivado/2017.4/data/ip/xpm/xpm_memory/tcl/xpm_memory_xdc.tcl] for cell 'platform_i/axi_smc/inst/m00_nodes/m00_r_node/inst/inst_mi_handler/gen_normal_area.inst_fifo_node_payld/gen_xpm_memory_fifo.inst_fifo/gen_mem_rep[0].inst_xpm_memory'
Sourcing Tcl File [/opt/Xilinx/Vivado/2017.4/data/ip/xpm/xpm_memory/tcl/xpm_memory_xdc.tcl] for cell 'platform_i/axi_smc/inst/s03_nodes/s03_w_node/inst/inst_mi_handler/gen_normal_area.inst_fifo_node_payld/gen_xpm_memory_fifo.inst_fifo/gen_mem_rep[0].inst_xpm_memory'
Finished Sourcing Tcl File [/opt/Xilinx/Vivado/2017.4/data/ip/xpm/xpm_memory/tcl/xpm_memory_xdc.tcl] for cell 'platform_i/axi_smc/inst/s03_nodes/s03_w_node/inst/inst_mi_handler/gen_normal_area.inst_fifo_node_payld/gen_xpm_memory_fifo.inst_fifo/gen_mem_rep[0].inst_xpm_memory'
Sourcing Tcl File [/opt/Xilinx/Vivado/2017.4/data/ip/xpm/xpm_memory/tcl/xpm_memory_xdc.tcl] for cell 'platform_i/axi_smc/inst/s01_nodes/s01_w_node/inst/inst_mi_handler/gen_normal_area.inst_fifo_node_payld/gen_xpm_memory_fifo.inst_fifo/gen_mem_rep[0].inst_xpm_memory'
Finished Sourcing Tcl File [/opt/Xilinx/Vivado/2017.4/data/ip/xpm/xpm_memory/tcl/xpm_memory_xdc.tcl] for cell 'platform_i/axi_smc/inst/s01_nodes/s01_w_node/inst/inst_mi_handler/gen_normal_area.inst_fifo_node_payld/gen_xpm_memory_fifo.inst_fifo/gen_mem_rep[0].inst_xpm_memory'
Sourcing Tcl File [/opt/Xilinx/Vivado/2017.4/data/ip/xpm/xpm_memory/tcl/xpm_memory_xdc.tcl] for cell 'platform_i/axi_smc/inst/m00_nodes/m00_w_node/inst/inst_si_handler/gen_si_handler.gen_request_fifos.gen_req_fifo[0].inst_req_fifo/gen_xpm_memory_fifo.inst_fifo/gen_mem_rep[0].inst_xpm_memory'
Finished Sourcing Tcl File [/opt/Xilinx/Vivado/2017.4/data/ip/xpm/xpm_memory/tcl/xpm_memory_xdc.tcl] for cell 'platform_i/axi_smc/inst/m00_nodes/m00_w_node/inst/inst_si_handler/gen_si_handler.gen_request_fifos.gen_req_fifo[0].inst_req_fifo/gen_xpm_memory_fifo.inst_fifo/gen_mem_rep[0].inst_xpm_memory'
Sourcing Tcl File [/opt/Xilinx/Vivado/2017.4/data/ip/xpm/xpm_memory/tcl/xpm_memory_xdc.tcl] for cell 'platform_i/axi_smc/inst/m00_nodes/m00_w_node/inst/inst_si_handler/gen_si_handler.gen_request_fifos.gen_req_fifo[3].inst_req_fifo/gen_xpm_memory_fifo.inst_fifo/gen_mem_rep[0].inst_xpm_memory'
Finished Sourcing Tcl File [/opt/Xilinx/Vivado/2017.4/data/ip/xpm/xpm_memory/tcl/xpm_memory_xdc.tcl] for cell 'platform_i/axi_smc/inst/m00_nodes/m00_w_node/inst/inst_si_handler/gen_si_handler.gen_request_fifos.gen_req_fifo[3].inst_req_fifo/gen_xpm_memory_fifo.inst_fifo/gen_mem_rep[0].inst_xpm_memory'
Sourcing Tcl File [/opt/Xilinx/Vivado/2017.4/data/ip/xpm/xpm_memory/tcl/xpm_memory_xdc.tcl] for cell 'platform_i/axi_smc/inst/m00_nodes/m00_w_node/inst/inst_si_handler/gen_si_handler.gen_request_fifos.gen_req_fifo[2].inst_req_fifo/gen_xpm_memory_fifo.inst_fifo/gen_mem_rep[0].inst_xpm_memory'
Finished Sourcing Tcl File [/opt/Xilinx/Vivado/2017.4/data/ip/xpm/xpm_memory/tcl/xpm_memory_xdc.tcl] for cell 'platform_i/axi_smc/inst/m00_nodes/m00_w_node/inst/inst_si_handler/gen_si_handler.gen_request_fifos.gen_req_fifo[2].inst_req_fifo/gen_xpm_memory_fifo.inst_fifo/gen_mem_rep[0].inst_xpm_memory'
Sourcing Tcl File [/opt/Xilinx/Vivado/2017.4/data/ip/xpm/xpm_memory/tcl/xpm_memory_xdc.tcl] for cell 'platform_i/axi_smc/inst/m00_nodes/m00_w_node/inst/inst_si_handler/gen_si_handler.gen_request_fifos.gen_req_fifo[1].inst_req_fifo/gen_xpm_memory_fifo.inst_fifo/gen_mem_rep[0].inst_xpm_memory'
Finished Sourcing Tcl File [/opt/Xilinx/Vivado/2017.4/data/ip/xpm/xpm_memory/tcl/xpm_memory_xdc.tcl] for cell 'platform_i/axi_smc/inst/m00_nodes/m00_w_node/inst/inst_si_handler/gen_si_handler.gen_request_fifos.gen_req_fifo[1].inst_req_fifo/gen_xpm_memory_fifo.inst_fifo/gen_mem_rep[0].inst_xpm_memory'
Sourcing Tcl File [/opt/Xilinx/Vivado/2017.4/data/ip/xpm/xpm_memory/tcl/xpm_memory_xdc.tcl] for cell 'platform_i/axi_smc/inst/m00_nodes/m00_w_node/inst/inst_mi_handler/gen_normal_area.inst_fifo_node_payld/gen_xpm_memory_fifo.inst_fifo/gen_mem_rep[0].inst_xpm_memory'
Finished Sourcing Tcl File [/opt/Xilinx/Vivado/2017.4/data/ip/xpm/xpm_memory/tcl/xpm_memory_xdc.tcl] for cell 'platform_i/axi_smc/inst/m00_nodes/m00_w_node/inst/inst_mi_handler/gen_normal_area.inst_fifo_node_payld/gen_xpm_memory_fifo.inst_fifo/gen_mem_rep[0].inst_xpm_memory'
Sourcing Tcl File [/opt/Xilinx/Vivado/2017.4/data/ip/xpm/xpm_memory/tcl/xpm_memory_xdc.tcl] for cell 'platform_i/axi_smc/inst/s00_nodes/s00_ar_node/inst/inst_mi_handler/gen_normal_area.gen_fifo_req.inst_fifo_req/gen_xpm_memory_fifo.inst_fifo/gen_mem_rep[0].inst_xpm_memory'
Finished Sourcing Tcl File [/opt/Xilinx/Vivado/2017.4/data/ip/xpm/xpm_memory/tcl/xpm_memory_xdc.tcl] for cell 'platform_i/axi_smc/inst/s00_nodes/s00_ar_node/inst/inst_mi_handler/gen_normal_area.gen_fifo_req.inst_fifo_req/gen_xpm_memory_fifo.inst_fifo/gen_mem_rep[0].inst_xpm_memory'
Sourcing Tcl File [/opt/Xilinx/Vivado/2017.4/data/ip/xpm/xpm_memory/tcl/xpm_memory_xdc.tcl] for cell 'platform_i/axi_smc/inst/s03_nodes/s03_w_node/inst/inst_mi_handler/gen_normal_area.gen_fifo_req.inst_fifo_req/gen_xpm_memory_fifo.inst_fifo/gen_mem_rep[0].inst_xpm_memory'
Finished Sourcing Tcl File [/opt/Xilinx/Vivado/2017.4/data/ip/xpm/xpm_memory/tcl/xpm_memory_xdc.tcl] for cell 'platform_i/axi_smc/inst/s03_nodes/s03_w_node/inst/inst_mi_handler/gen_normal_area.gen_fifo_req.inst_fifo_req/gen_xpm_memory_fifo.inst_fifo/gen_mem_rep[0].inst_xpm_memory'
Sourcing Tcl File [/opt/Xilinx/Vivado/2017.4/data/ip/xpm/xpm_memory/tcl/xpm_memory_xdc.tcl] for cell 'platform_i/axi_smc/inst/s03_nodes/s03_aw_node/inst/inst_mi_handler/gen_normal_area.gen_fifo_req.inst_fifo_req/gen_xpm_memory_fifo.inst_fifo/gen_mem_rep[0].inst_xpm_memory'
Finished Sourcing Tcl File [/opt/Xilinx/Vivado/2017.4/data/ip/xpm/xpm_memory/tcl/xpm_memory_xdc.tcl] for cell 'platform_i/axi_smc/inst/s03_nodes/s03_aw_node/inst/inst_mi_handler/gen_normal_area.gen_fifo_req.inst_fifo_req/gen_xpm_memory_fifo.inst_fifo/gen_mem_rep[0].inst_xpm_memory'
Sourcing Tcl File [/opt/Xilinx/Vivado/2017.4/data/ip/xpm/xpm_memory/tcl/xpm_memory_xdc.tcl] for cell 'platform_i/axi_smc/inst/s02_nodes/s02_ar_node/inst/inst_mi_handler/gen_normal_area.gen_fifo_req.inst_fifo_req/gen_xpm_memory_fifo.inst_fifo/gen_mem_rep[0].inst_xpm_memory'
Finished Sourcing Tcl File [/opt/Xilinx/Vivado/2017.4/data/ip/xpm/xpm_memory/tcl/xpm_memory_xdc.tcl] for cell 'platform_i/axi_smc/inst/s02_nodes/s02_ar_node/inst/inst_mi_handler/gen_normal_area.gen_fifo_req.inst_fifo_req/gen_xpm_memory_fifo.inst_fifo/gen_mem_rep[0].inst_xpm_memory'
Sourcing Tcl File [/opt/Xilinx/Vivado/2017.4/data/ip/xpm/xpm_memory/tcl/xpm_memory_xdc.tcl] for cell 'platform_i/axi_smc/inst/s01_nodes/s01_w_node/inst/inst_mi_handler/gen_normal_area.gen_fifo_req.inst_fifo_req/gen_xpm_memory_fifo.inst_fifo/gen_mem_rep[0].inst_xpm_memory'
Finished Sourcing Tcl File [/opt/Xilinx/Vivado/2017.4/data/ip/xpm/xpm_memory/tcl/xpm_memory_xdc.tcl] for cell 'platform_i/axi_smc/inst/s01_nodes/s01_w_node/inst/inst_mi_handler/gen_normal_area.gen_fifo_req.inst_fifo_req/gen_xpm_memory_fifo.inst_fifo/gen_mem_rep[0].inst_xpm_memory'
Sourcing Tcl File [/opt/Xilinx/Vivado/2017.4/data/ip/xpm/xpm_memory/tcl/xpm_memory_xdc.tcl] for cell 'platform_i/axi_smc/inst/s01_nodes/s01_aw_node/inst/inst_mi_handler/gen_normal_area.gen_fifo_req.inst_fifo_req/gen_xpm_memory_fifo.inst_fifo/gen_mem_rep[0].inst_xpm_memory'
Finished Sourcing Tcl File [/opt/Xilinx/Vivado/2017.4/data/ip/xpm/xpm_memory/tcl/xpm_memory_xdc.tcl] for cell 'platform_i/axi_smc/inst/s01_nodes/s01_aw_node/inst/inst_mi_handler/gen_normal_area.gen_fifo_req.inst_fifo_req/gen_xpm_memory_fifo.inst_fifo/gen_mem_rep[0].inst_xpm_memory'
Sourcing Tcl File [/opt/Xilinx/Vivado/2017.4/data/ip/xpm/xpm_memory/tcl/xpm_memory_xdc.tcl] for cell 'platform_i/axi_smc/inst/s00_nodes/s00_ar_node/inst/inst_mi_handler/gen_normal_area.inst_fifo_node_payld/gen_xpm_memory_fifo.inst_fifo/gen_mem_rep[0].inst_xpm_memory'
Finished Sourcing Tcl File [/opt/Xilinx/Vivado/2017.4/data/ip/xpm/xpm_memory/tcl/xpm_memory_xdc.tcl] for cell 'platform_i/axi_smc/inst/s00_nodes/s00_ar_node/inst/inst_mi_handler/gen_normal_area.inst_fifo_node_payld/gen_xpm_memory_fifo.inst_fifo/gen_mem_rep[0].inst_xpm_memory'
Sourcing Tcl File [/opt/Xilinx/Vivado/2017.4/data/ip/xpm/xpm_memory/tcl/xpm_memory_xdc.tcl] for cell 'platform_i/axi_smc/inst/s03_nodes/s03_aw_node/inst/inst_mi_handler/gen_normal_area.inst_fifo_node_payld/gen_xpm_memory_fifo.inst_fifo/gen_mem_rep[0].inst_xpm_memory'
Finished Sourcing Tcl File [/opt/Xilinx/Vivado/2017.4/data/ip/xpm/xpm_memory/tcl/xpm_memory_xdc.tcl] for cell 'platform_i/axi_smc/inst/s03_nodes/s03_aw_node/inst/inst_mi_handler/gen_normal_area.inst_fifo_node_payld/gen_xpm_memory_fifo.inst_fifo/gen_mem_rep[0].inst_xpm_memory'
Sourcing Tcl File [/opt/Xilinx/Vivado/2017.4/data/ip/xpm/xpm_memory/tcl/xpm_memory_xdc.tcl] for cell 'platform_i/axi_smc/inst/s02_nodes/s02_ar_node/inst/inst_mi_handler/gen_normal_area.inst_fifo_node_payld/gen_xpm_memory_fifo.inst_fifo/gen_mem_rep[0].inst_xpm_memory'
Finished Sourcing Tcl File [/opt/Xilinx/Vivado/2017.4/data/ip/xpm/xpm_memory/tcl/xpm_memory_xdc.tcl] for cell 'platform_i/axi_smc/inst/s02_nodes/s02_ar_node/inst/inst_mi_handler/gen_normal_area.inst_fifo_node_payld/gen_xpm_memory_fifo.inst_fifo/gen_mem_rep[0].inst_xpm_memory'
Sourcing Tcl File [/opt/Xilinx/Vivado/2017.4/data/ip/xpm/xpm_memory/tcl/xpm_memory_xdc.tcl] for cell 'platform_i/axi_smc/inst/s01_nodes/s01_aw_node/inst/inst_mi_handler/gen_normal_area.inst_fifo_node_payld/gen_xpm_memory_fifo.inst_fifo/gen_mem_rep[0].inst_xpm_memory'
Finished Sourcing Tcl File [/opt/Xilinx/Vivado/2017.4/data/ip/xpm/xpm_memory/tcl/xpm_memory_xdc.tcl] for cell 'platform_i/axi_smc/inst/s01_nodes/s01_aw_node/inst/inst_mi_handler/gen_normal_area.inst_fifo_node_payld/gen_xpm_memory_fifo.inst_fifo/gen_mem_rep[0].inst_xpm_memory'
Sourcing Tcl File [/opt/Xilinx/Vivado/2017.4/data/ip/xpm/xpm_memory/tcl/xpm_memory_xdc.tcl] for cell 'platform_i/axi_smc/inst/s00_nodes/s00_r_node/inst/inst_mi_handler/gen_normal_area.inst_fifo_node_payld/gen_xpm_memory_fifo.inst_fifo/gen_mem_rep[0].inst_xpm_memory'
Finished Sourcing Tcl File [/opt/Xilinx/Vivado/2017.4/data/ip/xpm/xpm_memory/tcl/xpm_memory_xdc.tcl] for cell 'platform_i/axi_smc/inst/s00_nodes/s00_r_node/inst/inst_mi_handler/gen_normal_area.inst_fifo_node_payld/gen_xpm_memory_fifo.inst_fifo/gen_mem_rep[0].inst_xpm_memory'
Sourcing Tcl File [/opt/Xilinx/Vivado/2017.4/data/ip/xpm/xpm_memory/tcl/xpm_memory_xdc.tcl] for cell 'platform_i/axi_smc/inst/s02_nodes/s02_r_node/inst/inst_mi_handler/gen_normal_area.inst_fifo_node_payld/gen_xpm_memory_fifo.inst_fifo/gen_mem_rep[0].inst_xpm_memory'
Finished Sourcing Tcl File [/opt/Xilinx/Vivado/2017.4/data/ip/xpm/xpm_memory/tcl/xpm_memory_xdc.tcl] for cell 'platform_i/axi_smc/inst/s02_nodes/s02_r_node/inst/inst_mi_handler/gen_normal_area.inst_fifo_node_payld/gen_xpm_memory_fifo.inst_fifo/gen_mem_rep[0].inst_xpm_memory'
Sourcing Tcl File [/opt/Xilinx/Vivado/2017.4/data/ip/xpm/xpm_memory/tcl/xpm_memory_xdc.tcl] for cell 'platform_i/axi_smc/inst/s01_nodes/s01_b_node/inst/inst_mi_handler/gen_normal_area.inst_fifo_node_payld/gen_xpm_memory_fifo.inst_fifo/gen_mem_rep[0].inst_xpm_memory'
Finished Sourcing Tcl File [/opt/Xilinx/Vivado/2017.4/data/ip/xpm/xpm_memory/tcl/xpm_memory_xdc.tcl] for cell 'platform_i/axi_smc/inst/s01_nodes/s01_b_node/inst/inst_mi_handler/gen_normal_area.inst_fifo_node_payld/gen_xpm_memory_fifo.inst_fifo/gen_mem_rep[0].inst_xpm_memory'
Sourcing Tcl File [/opt/Xilinx/Vivado/2017.4/data/ip/xpm/xpm_memory/tcl/xpm_memory_xdc.tcl] for cell 'platform_i/axi_smc/inst/s03_nodes/s03_b_node/inst/inst_mi_handler/gen_normal_area.inst_fifo_node_payld/gen_xpm_memory_fifo.inst_fifo/gen_mem_rep[0].inst_xpm_memory'
Finished Sourcing Tcl File [/opt/Xilinx/Vivado/2017.4/data/ip/xpm/xpm_memory/tcl/xpm_memory_xdc.tcl] for cell 'platform_i/axi_smc/inst/s03_nodes/s03_b_node/inst/inst_mi_handler/gen_normal_area.inst_fifo_node_payld/gen_xpm_memory_fifo.inst_fifo/gen_mem_rep[0].inst_xpm_memory'
INFO: [Opt 31-138] Pushed 0 inverter(s) to 0 load pin(s).
INFO: [Project 1-111] Unisim Transformation Summary:
  A total of 304 instances were transformed.
  RAM16X1D => RAM32X1D (RAMD32, RAMD32): 4 instances
  RAM32M => RAM32M (RAMD32, RAMD32, RAMD32, RAMD32, RAMD32, RAMD32, RAMS32, RAMS32): 293 instances
  RAM32X1D => RAM32X1D (RAMD32, RAMD32): 7 instances

10 Infos, 2 Warnings, 0 Critical Warnings and 0 Errors encountered.
link_design completed successfully
link_design: Time (s): cpu = 00:00:20 ; elapsed = 00:00:54 . Memory (MB): peak = 1700.797 ; gain = 430.871 ; free physical = 220 ; free virtual = 5344
Command: opt_design
Attempting to get a license for feature 'Implementation' and/or device 'xc7z020'
INFO: [Common 17-349] Got license for feature 'Implementation' and/or device 'xc7z020'
Running DRC as a precondition to command opt_design

Starting DRC Task
INFO: [DRC 23-27] Running DRC with 4 threads
INFO: [Project 1-461] DRC finished with 0 Errors
INFO: [Project 1-462] Please refer to the DRC report (report_drc) for more information.

Time (s): cpu = 00:00:02 ; elapsed = 00:00:02 . Memory (MB): peak = 1732.801 ; gain = 32.004 ; free physical = 215 ; free virtual = 5340
INFO: [Timing 38-35] Done setting XDC timing constraints.

Starting Logic Optimization Task

Phase 1 Retarget
INFO: [Opt 31-138] Pushed 25 inverter(s) to 122 load pin(s).
INFO: [Opt 31-49] Retargeted 0 cell(s).
Phase 1 Retarget | Checksum: fbcb909d

Time (s): cpu = 00:00:03 ; elapsed = 00:00:02 . Memory (MB): peak = 2203.293 ; gain = 0.000 ; free physical = 110 ; free virtual = 4963
INFO: [Opt 31-389] Phase Retarget created 161 cells and removed 350 cells

Phase 2 Constant propagation
INFO: [Opt 31-138] Pushed 0 inverter(s) to 0 load pin(s).
Phase 2 Constant propagation | Checksum: 1b6743659

Time (s): cpu = 00:00:03 ; elapsed = 00:00:03 . Memory (MB): peak = 2203.293 ; gain = 0.000 ; free physical = 108 ; free virtual = 4961
INFO: [Opt 31-389] Phase Constant propagation created 169 cells and removed 829 cells

Phase 3 Sweep
Phase 3 Sweep | Checksum: 1e4a71587

Time (s): cpu = 00:00:06 ; elapsed = 00:00:05 . Memory (MB): peak = 2203.293 ; gain = 0.000 ; free physical = 107 ; free virtual = 4961
INFO: [Opt 31-389] Phase Sweep created 0 cells and removed 2043 cells

Phase 4 BUFG optimization
Phase 4 BUFG optimization | Checksum: 1e4a71587

Time (s): cpu = 00:00:06 ; elapsed = 00:00:06 . Memory (MB): peak = 2203.293 ; gain = 0.000 ; free physical = 107 ; free virtual = 4961
INFO: [Opt 31-389] Phase BUFG optimization created 0 cells and removed 0 cells

Phase 5 Shift Register Optimization
Phase 5 Shift Register Optimization | Checksum: 1e4a71587

Time (s): cpu = 00:00:07 ; elapsed = 00:00:07 . Memory (MB): peak = 2203.293 ; gain = 0.000 ; free physical = 109 ; free virtual = 4963
INFO: [Opt 31-389] Phase Shift Register Optimization created 0 cells and removed 0 cells

Starting Connectivity Check Task

Time (s): cpu = 00:00:00.05 ; elapsed = 00:00:00.06 . Memory (MB): peak = 2203.293 ; gain = 0.000 ; free physical = 108 ; free virtual = 4961
Ending Logic Optimization Task | Checksum: 12efa841f

Time (s): cpu = 00:00:08 ; elapsed = 00:00:08 . Memory (MB): peak = 2203.293 ; gain = 0.000 ; free physical = 108 ; free virtual = 4962

Starting Power Optimization Task
INFO: [Pwropt 34-132] Skipping clock gating for clocks with a period < 2.00 ns.
INFO: [Timing 38-35] Done setting XDC timing constraints.
INFO: [Pwropt 34-9] Applying IDT optimizations ...
INFO: [Pwropt 34-10] Applying ODC optimizations ...
INFO: [Physopt 32-619] Estimated Timing Summary | WNS=-3.639 | TNS=-1608.554 |
Running Vector-less Activity Propagation...

Finished Running Vector-less Activity Propagation


Starting PowerOpt Patch Enables Task
INFO: [Pwropt 34-162] WRITE_MODE attribute of 0 BRAM(s) out of a total of 18 has been updated to save power. Run report_power_opt to get a complete listing of the BRAMs updated.
INFO: [Pwropt 34-201] Structural ODC has moved 0 WE to EN ports
Number of BRAM Ports augmented: 3 newly gated: 0 Total Ports: 36
Ending PowerOpt Patch Enables Task | Checksum: 1b9cecaa2

Time (s): cpu = 00:00:00.13 ; elapsed = 00:00:00.24 . Memory (MB): peak = 2604.594 ; gain = 0.000 ; free physical = 340 ; free virtual = 4912
Ending Power Optimization Task | Checksum: 1b9cecaa2

Time (s): cpu = 00:00:18 ; elapsed = 00:00:12 . Memory (MB): peak = 2604.594 ; gain = 401.301 ; free physical = 364 ; free virtual = 4936
INFO: [Common 17-83] Releasing license: Implementation
31 Infos, 2 Warnings, 0 Critical Warnings and 0 Errors encountered.
opt_design completed successfully
opt_design: Time (s): cpu = 00:00:42 ; elapsed = 00:00:58 . Memory (MB): peak = 2604.594 ; gain = 903.797 ; free physical = 364 ; free virtual = 4936
Writing placer database...
Writing XDEF routing.
Writing XDEF routing logical nets.
Writing XDEF routing special nets.
Write XDEF Complete: Time (s): cpu = 00:00:00.19 ; elapsed = 00:00:00.06 . Memory (MB): peak = 2604.594 ; gain = 0.000 ; free physical = 359 ; free virtual = 4937
INFO: [Common 17-1381] The checkpoint '/home/yarib/work/vivado/sbs_custom_float/sbs_custom_float.runs/impl_1/platform_wrapper_opt.dcp' has been generated.
write_checkpoint: Time (s): cpu = 00:00:11 ; elapsed = 00:00:12 . Memory (MB): peak = 2604.594 ; gain = 0.000 ; free physical = 310 ; free virtual = 4933
INFO: [runtcl-4] Executing : report_drc -file platform_wrapper_drc_opted.rpt -pb platform_wrapper_drc_opted.pb -rpx platform_wrapper_drc_opted.rpx
Command: report_drc -file platform_wrapper_drc_opted.rpt -pb platform_wrapper_drc_opted.pb -rpx platform_wrapper_drc_opted.rpx
INFO: [IP_Flow 19-1839] IP Catalog is up to date.
INFO: [DRC 23-27] Running DRC with 4 threads
INFO: [Coretcl 2-168] The results of DRC are in file /home/yarib/work/vivado/sbs_custom_float/sbs_custom_float.runs/impl_1/platform_wrapper_drc_opted.rpt.
report_drc completed successfully
INFO: [Chipscope 16-241] No debug cores found in the current design.
Before running the implement_debug_core command, either use the Set Up Debug wizard (GUI mode)
or use the create_debug_core and connect_debug_core Tcl commands to insert debug cores into the design.
Command: place_design
Attempting to get a license for feature 'Implementation' and/or device 'xc7z020'
INFO: [Common 17-349] Got license for feature 'Implementation' and/or device 'xc7z020'
INFO: [DRC 23-27] Running DRC with 4 threads
INFO: [Vivado_Tcl 4-198] DRC finished with 0 Errors
INFO: [Vivado_Tcl 4-199] Please refer to the DRC report (report_drc) for more information.
Running DRC as a precondition to command place_design
INFO: [DRC 23-27] Running DRC with 4 threads
INFO: [DRC REQP-1725] DSP_Abus_sign_bit_alert: platform_i/sbs_accelerator_0/U0/sbs_accelerator_feOg_U1/sbs_accelerator_ap_fadd_8_full_dsp_32_u/U0/i_synth/ADDSUB_OP.ADDSUB/SPEED_OP.DSP.OP/DSP48E1_BODY.ALIGN_ADD/DSP2/DSP: When using the PreAdder and USE_DPORT is TRUE, the A operand should be restricted to 24 bit two's complement (and sign extended) to avoid over/underflow in the pre-add stage.
INFO: [DRC REQP-1725] DSP_Abus_sign_bit_alert: platform_i/sbs_spike_50_0/U0/sbs_spike_50_faddbkb_U1/sbs_spike_50_ap_fadd_8_full_dsp_32_u/U0/i_synth/ADDSUB_OP.ADDSUB/SPEED_OP.DSP.OP/DSP48E1_BODY.ALIGN_ADD/DSP2/DSP: When using the PreAdder and USE_DPORT is TRUE, the A operand should be restricted to 24 bit two's complement (and sign extended) to avoid over/underflow in the pre-add stage.
INFO: [Vivado_Tcl 4-198] DRC finished with 0 Errors, 2 Advisories
INFO: [Vivado_Tcl 4-199] Please refer to the DRC report (report_drc) for more information.

Starting Placer Task
INFO: [Place 30-611] Multithreading enabled for place_design using a maximum of 4 CPUs

Phase 1 Placer Initialization

Phase 1.1 Placer Initialization Netlist Sorting
Netlist sorting complete. Time (s): cpu = 00:00:00.05 ; elapsed = 00:00:00.05 . Memory (MB): peak = 2604.594 ; gain = 0.000 ; free physical = 290 ; free virtual = 4934
Phase 1.1 Placer Initialization Netlist Sorting | Checksum: 15178e9c7

Time (s): cpu = 00:00:00.07 ; elapsed = 00:00:00.11 . Memory (MB): peak = 2604.594 ; gain = 0.000 ; free physical = 290 ; free virtual = 4934
INFO: [Timing 38-35] Done setting XDC timing constraints.
INFO: [Opt 31-138] Pushed 0 inverter(s) to 0 load pin(s).
Netlist sorting complete. Time (s): cpu = 00:00:00.05 ; elapsed = 00:00:00.05 . Memory (MB): peak = 2604.594 ; gain = 0.000 ; free physical = 294 ; free virtual = 4940

Phase 1.2 IO Placement/ Clock Placement/ Build Placer Device
INFO: [Timing 38-35] Done setting XDC timing constraints.
Phase 1.2 IO Placement/ Clock Placement/ Build Placer Device | Checksum: 639df391

Time (s): cpu = 00:00:08 ; elapsed = 00:00:07 . Memory (MB): peak = 2604.594 ; gain = 0.000 ; free physical = 264 ; free virtual = 4910

Phase 1.3 Build Placer Netlist Model
Phase 1.3 Build Placer Netlist Model | Checksum: 1097d5386

Time (s): cpu = 00:00:16 ; elapsed = 00:00:12 . Memory (MB): peak = 2604.594 ; gain = 0.000 ; free physical = 209 ; free virtual = 4864

Phase 1.4 Constrain Clocks/Macros
Phase 1.4 Constrain Clocks/Macros | Checksum: 1097d5386

Time (s): cpu = 00:00:16 ; elapsed = 00:00:12 . Memory (MB): peak = 2604.594 ; gain = 0.000 ; free physical = 209 ; free virtual = 4864
Phase 1 Placer Initialization | Checksum: 1097d5386

Time (s): cpu = 00:00:17 ; elapsed = 00:00:13 . Memory (MB): peak = 2604.594 ; gain = 0.000 ; free physical = 211 ; free virtual = 4865

Phase 2 Global Placement
Phase 2 Global Placement | Checksum: 123715918

Time (s): cpu = 00:00:52 ; elapsed = 00:00:31 . Memory (MB): peak = 2604.594 ; gain = 0.000 ; free physical = 190 ; free virtual = 4847

Phase 3 Detail Placement

Phase 3.1 Commit Multi Column Macros
Phase 3.1 Commit Multi Column Macros | Checksum: 123715918

Time (s): cpu = 00:00:53 ; elapsed = 00:00:31 . Memory (MB): peak = 2604.594 ; gain = 0.000 ; free physical = 190 ; free virtual = 4847

Phase 3.2 Commit Most Macros & LUTRAMs
Phase 3.2 Commit Most Macros & LUTRAMs | Checksum: 2170ef8a2

Time (s): cpu = 00:00:58 ; elapsed = 00:00:34 . Memory (MB): peak = 2604.594 ; gain = 0.000 ; free physical = 179 ; free virtual = 4841

Phase 3.3 Area Swap Optimization
Phase 3.3 Area Swap Optimization | Checksum: 1969f8a64

Time (s): cpu = 00:00:59 ; elapsed = 00:00:35 . Memory (MB): peak = 2604.594 ; gain = 0.000 ; free physical = 179 ; free virtual = 4841

Phase 3.4 Pipeline Register Optimization
Phase 3.4 Pipeline Register Optimization | Checksum: 237eed18e

Time (s): cpu = 00:00:59 ; elapsed = 00:00:35 . Memory (MB): peak = 2604.594 ; gain = 0.000 ; free physical = 179 ; free virtual = 4840

Phase 3.5 Timing Path Optimizer
Phase 3.5 Timing Path Optimizer | Checksum: 237eed18e

Time (s): cpu = 00:00:59 ; elapsed = 00:00:35 . Memory (MB): peak = 2604.594 ; gain = 0.000 ; free physical = 179 ; free virtual = 4840

Phase 3.6 Fast Optimization
Phase 3.6 Fast Optimization | Checksum: 1ac4c2658

Time (s): cpu = 00:01:00 ; elapsed = 00:00:36 . Memory (MB): peak = 2604.594 ; gain = 0.000 ; free physical = 170 ; free virtual = 4833

Phase 3.7 Small Shape Detail Placement
Phase 3.7 Small Shape Detail Placement | Checksum: 181929474

Time (s): cpu = 00:01:06 ; elapsed = 00:00:42 . Memory (MB): peak = 2604.594 ; gain = 0.000 ; free physical = 112 ; free virtual = 4803

Phase 3.8 Re-assign LUT pins
Phase 3.8 Re-assign LUT pins | Checksum: bca541bc

Time (s): cpu = 00:01:07 ; elapsed = 00:00:43 . Memory (MB): peak = 2604.594 ; gain = 0.000 ; free physical = 74 ; free virtual = 4779

Phase 3.9 Pipeline Register Optimization
Phase 3.9 Pipeline Register Optimization | Checksum: bca541bc

Time (s): cpu = 00:01:07 ; elapsed = 00:00:43 . Memory (MB): peak = 2604.594 ; gain = 0.000 ; free physical = 82 ; free virtual = 4779

Phase 3.10 Fast Optimization
Phase 3.10 Fast Optimization | Checksum: 23b82e28f

Time (s): cpu = 00:01:13 ; elapsed = 00:00:47 . Memory (MB): peak = 2604.594 ; gain = 0.000 ; free physical = 84 ; free virtual = 4750
Phase 3 Detail Placement | Checksum: 23b82e28f

Time (s): cpu = 00:01:13 ; elapsed = 00:00:48 . Memory (MB): peak = 2604.594 ; gain = 0.000 ; free physical = 132 ; free virtual = 4779

Phase 4 Post Placement Optimization and Clean-Up

Phase 4.1 Post Commit Optimization
INFO: [Timing 38-35] Done setting XDC timing constraints.

Phase 4.1.1 Post Placement Optimization
Post Placement Optimization Initialization | Checksum: 21c1cf4b0

Phase 4.1.1.1 BUFG Insertion
INFO: [Physopt 32-721] Multithreading enabled for phys_opt_design using a maximum of 4 CPUs
INFO: [Place 46-31] BUFG insertion identified 0 candidate nets, 0 success, 0 skipped for placement/routing, 0 skipped for timing, 0 skipped for netlist change reason.
Phase 4.1.1.1 BUFG Insertion | Checksum: 21c1cf4b0

Time (s): cpu = 00:01:22 ; elapsed = 00:00:52 . Memory (MB): peak = 2604.594 ; gain = 0.000 ; free physical = 142 ; free virtual = 4793
INFO: [Place 30-746] Post Placement Timing Summary WNS=-2.394. For the most accurate timing information please run report_timing.
Phase 4.1.1 Post Placement Optimization | Checksum: 19575521d

Time (s): cpu = 00:01:37 ; elapsed = 00:01:02 . Memory (MB): peak = 2604.594 ; gain = 0.000 ; free physical = 142 ; free virtual = 4793
Phase 4.1 Post Commit Optimization | Checksum: 19575521d

Time (s): cpu = 00:01:37 ; elapsed = 00:01:02 . Memory (MB): peak = 2604.594 ; gain = 0.000 ; free physical = 141 ; free virtual = 4792

Phase 4.2 Post Placement Cleanup
Phase 4.2 Post Placement Cleanup | Checksum: 19575521d

Time (s): cpu = 00:01:37 ; elapsed = 00:01:02 . Memory (MB): peak = 2604.594 ; gain = 0.000 ; free physical = 140 ; free virtual = 4792

Phase 4.3 Placer Reporting
Phase 4.3 Placer Reporting | Checksum: 19575521d

Time (s): cpu = 00:01:37 ; elapsed = 00:01:02 . Memory (MB): peak = 2604.594 ; gain = 0.000 ; free physical = 140 ; free virtual = 4792

Phase 4.4 Final Placement Cleanup
Phase 4.4 Final Placement Cleanup | Checksum: 1673d8cc4

Time (s): cpu = 00:01:38 ; elapsed = 00:01:02 . Memory (MB): peak = 2604.594 ; gain = 0.000 ; free physical = 141 ; free virtual = 4793
Phase 4 Post Placement Optimization and Clean-Up | Checksum: 1673d8cc4

Time (s): cpu = 00:01:38 ; elapsed = 00:01:03 . Memory (MB): peak = 2604.594 ; gain = 0.000 ; free physical = 141 ; free virtual = 4793
Ending Placer Task | Checksum: 7b03ff5a

Time (s): cpu = 00:01:38 ; elapsed = 00:01:03 . Memory (MB): peak = 2604.594 ; gain = 0.000 ; free physical = 161 ; free virtual = 4813
INFO: [Common 17-83] Releasing license: Implementation
55 Infos, 2 Warnings, 0 Critical Warnings and 0 Errors encountered.
place_design completed successfully
place_design: Time (s): cpu = 00:01:43 ; elapsed = 00:01:06 . Memory (MB): peak = 2604.594 ; gain = 0.000 ; free physical = 161 ; free virtual = 4813
Writing placer database...
Writing XDEF routing.
Writing XDEF routing logical nets.
Writing XDEF routing special nets.
Write XDEF Complete: Time (s): cpu = 00:00:03 ; elapsed = 00:00:02 . Memory (MB): peak = 2604.594 ; gain = 0.000 ; free physical = 156 ; free virtual = 4839
INFO: [Common 17-1381] The checkpoint '/home/yarib/work/vivado/sbs_custom_float/sbs_custom_float.runs/impl_1/platform_wrapper_placed.dcp' has been generated.
write_checkpoint: Time (s): cpu = 00:00:12 ; elapsed = 00:00:13 . Memory (MB): peak = 2604.594 ; gain = 0.000 ; free physical = 183 ; free virtual = 4848
INFO: [runtcl-4] Executing : report_io -file platform_wrapper_io_placed.rpt
report_io: Time (s): cpu = 00:00:00.17 ; elapsed = 00:00:00.37 . Memory (MB): peak = 2604.594 ; gain = 0.000 ; free physical = 174 ; free virtual = 4840
INFO: [runtcl-4] Executing : report_utilization -file platform_wrapper_utilization_placed.rpt -pb platform_wrapper_utilization_placed.pb
report_utilization: Time (s): cpu = 00:00:00.30 ; elapsed = 00:00:00.48 . Memory (MB): peak = 2604.594 ; gain = 0.000 ; free physical = 181 ; free virtual = 4848
INFO: [runtcl-4] Executing : report_control_sets -verbose -file platform_wrapper_control_sets_placed.rpt
report_control_sets: Time (s): cpu = 00:00:00.14 ; elapsed = 00:00:00.36 . Memory (MB): peak = 2604.594 ; gain = 0.000 ; free physical = 179 ; free virtual = 4847
Command: route_design
Attempting to get a license for feature 'Implementation' and/or device 'xc7z020'
INFO: [Common 17-349] Got license for feature 'Implementation' and/or device 'xc7z020'
Running DRC as a precondition to command route_design
INFO: [DRC 23-27] Running DRC with 4 threads
INFO: [Vivado_Tcl 4-198] DRC finished with 0 Errors
INFO: [Vivado_Tcl 4-199] Please refer to the DRC report (report_drc) for more information.


Starting Routing Task
INFO: [Route 35-254] Multithreading enabled for route_design using a maximum of 4 CPUs
Checksum: PlaceDB: 2f177f61 ConstDB: 0 ShapeSum: 4bec7ff9 RouteDB: 0

Phase 1 Build RT Design
Phase 1 Build RT Design | Checksum: 1322c28d4

Time (s): cpu = 00:00:27 ; elapsed = 00:00:20 . Memory (MB): peak = 2604.594 ; gain = 0.000 ; free physical = 124 ; free virtual = 4711
Post Restoration Checksum: NetGraph: ec13d836 NumContArr: 4618509e Constraints: 0 Timing: 0

Phase 2 Router Initialization

Phase 2.1 Create Timer
Phase 2.1 Create Timer | Checksum: 1322c28d4

Time (s): cpu = 00:00:27 ; elapsed = 00:00:21 . Memory (MB): peak = 2604.594 ; gain = 0.000 ; free physical = 121 ; free virtual = 4710

Phase 2.2 Fix Topology Constraints
Phase 2.2 Fix Topology Constraints | Checksum: 1322c28d4

Time (s): cpu = 00:00:27 ; elapsed = 00:00:21 . Memory (MB): peak = 2604.594 ; gain = 0.000 ; free physical = 105 ; free virtual = 4695

Phase 2.3 Pre Route Cleanup
Phase 2.3 Pre Route Cleanup | Checksum: 1322c28d4

Time (s): cpu = 00:00:27 ; elapsed = 00:00:21 . Memory (MB): peak = 2604.594 ; gain = 0.000 ; free physical = 104 ; free virtual = 4694
 Number of Nodes with overlaps = 0

Phase 2.4 Update Timing
Phase 2.4 Update Timing | Checksum: 25089ce17

Time (s): cpu = 00:00:38 ; elapsed = 00:00:26 . Memory (MB): peak = 2604.594 ; gain = 0.000 ; free physical = 112 ; free virtual = 4679
INFO: [Route 35-416] Intermediate Timing Summary | WNS=-2.405 | TNS=-1450.969| WHS=-0.338 | THS=-682.122|

Phase 2 Router Initialization | Checksum: 24daebff7

Time (s): cpu = 00:00:43 ; elapsed = 00:00:29 . Memory (MB): peak = 2604.594 ; gain = 0.000 ; free physical = 107 ; free virtual = 4674

Phase 3 Initial Routing
Phase 3 Initial Routing | Checksum: 11c2b1d1b

Time (s): cpu = 00:00:53 ; elapsed = 00:00:31 . Memory (MB): peak = 2604.594 ; gain = 0.000 ; free physical = 103 ; free virtual = 4671

Phase 4 Rip-up And Reroute

Phase 4.1 Global Iteration 0
 Number of Nodes with overlaps = 1691
 Number of Nodes with overlaps = 187
 Number of Nodes with overlaps = 33
 Number of Nodes with overlaps = 7
 Number of Nodes with overlaps = 1
 Number of Nodes with overlaps = 1
 Number of Nodes with overlaps = 0
INFO: [Route 35-416] Intermediate Timing Summary | WNS=-2.963 | TNS=-4322.527| WHS=N/A    | THS=N/A    |

Phase 4.1 Global Iteration 0 | Checksum: 13d39ff98

Time (s): cpu = 00:01:19 ; elapsed = 00:00:41 . Memory (MB): peak = 2604.594 ; gain = 0.000 ; free physical = 100 ; free virtual = 4669

Phase 4.2 Global Iteration 1
 Number of Nodes with overlaps = 138
 Number of Nodes with overlaps = 59
 Number of Nodes with overlaps = 11
 Number of Nodes with overlaps = 3
 Number of Nodes with overlaps = 3
 Number of Nodes with overlaps = 0
INFO: [Route 35-416] Intermediate Timing Summary | WNS=-2.955 | TNS=-4345.418| WHS=N/A    | THS=N/A    |

Phase 4.2 Global Iteration 1 | Checksum: 15df97973

Time (s): cpu = 00:01:26 ; elapsed = 00:00:44 . Memory (MB): peak = 2604.594 ; gain = 0.000 ; free physical = 101 ; free virtual = 4670
Phase 4 Rip-up And Reroute | Checksum: 15df97973

Time (s): cpu = 00:01:26 ; elapsed = 00:00:44 . Memory (MB): peak = 2604.594 ; gain = 0.000 ; free physical = 101 ; free virtual = 4670

Phase 5 Delay and Skew Optimization

Phase 5.1 Delay CleanUp

Phase 5.1.1 Update Timing
Phase 5.1.1 Update Timing | Checksum: a2e40dc0

Time (s): cpu = 00:01:27 ; elapsed = 00:00:45 . Memory (MB): peak = 2604.594 ; gain = 0.000 ; free physical = 101 ; free virtual = 4670
INFO: [Route 35-416] Intermediate Timing Summary | WNS=-2.840 | TNS=-3837.600| WHS=N/A    | THS=N/A    |

 Number of Nodes with overlaps = 0
Phase 5.1 Delay CleanUp | Checksum: 15074628e

Time (s): cpu = 00:01:35 ; elapsed = 00:00:47 . Memory (MB): peak = 2604.594 ; gain = 0.000 ; free physical = 105 ; free virtual = 4654

Phase 5.2 Clock Skew Optimization
Phase 5.2 Clock Skew Optimization | Checksum: 15074628e

Time (s): cpu = 00:01:35 ; elapsed = 00:00:48 . Memory (MB): peak = 2604.594 ; gain = 0.000 ; free physical = 105 ; free virtual = 4654
Phase 5 Delay and Skew Optimization | Checksum: 15074628e

Time (s): cpu = 00:01:35 ; elapsed = 00:00:48 . Memory (MB): peak = 2604.594 ; gain = 0.000 ; free physical = 105 ; free virtual = 4654

Phase 6 Post Hold Fix

Phase 6.1 Hold Fix Iter

Phase 6.1.1 Update Timing
Phase 6.1.1 Update Timing | Checksum: 181f99560

Time (s): cpu = 00:01:37 ; elapsed = 00:00:48 . Memory (MB): peak = 2604.594 ; gain = 0.000 ; free physical = 103 ; free virtual = 4651
INFO: [Route 35-416] Intermediate Timing Summary | WNS=-2.840 | TNS=-3764.816| WHS=0.012  | THS=0.000  |

Phase 6.1 Hold Fix Iter | Checksum: 199eaa8da

Time (s): cpu = 00:01:37 ; elapsed = 00:00:49 . Memory (MB): peak = 2604.594 ; gain = 0.000 ; free physical = 103 ; free virtual = 4651
Phase 6 Post Hold Fix | Checksum: 199eaa8da

Time (s): cpu = 00:01:38 ; elapsed = 00:00:49 . Memory (MB): peak = 2604.594 ; gain = 0.000 ; free physical = 103 ; free virtual = 4651

Phase 7 Route finalize

Router Utilization Summary
  Global Vertical Routing Utilization    = 4.18179 %
  Global Horizontal Routing Utilization  = 5.66346 %
  Routable Net Status*
  *Does not include unroutable nets such as driverless and loadless.
  Run report_route_status for detailed report.
  Number of Failed Nets               = 0
  Number of Unrouted Nets             = 0
  Number of Partially Routed Nets     = 0
  Number of Node Overlaps             = 0

Utilization threshold used for congestion level computation: 0.85
Congestion Report
North Dir 1x1 Area, Max Cong = 59.4595%, No Congested Regions.
South Dir 1x1 Area, Max Cong = 60.3604%, No Congested Regions.
East Dir 1x1 Area, Max Cong = 75%, No Congested Regions.
West Dir 1x1 Area, Max Cong = 63.2353%, No Congested Regions.
Phase 7 Route finalize | Checksum: 19e969508

Time (s): cpu = 00:01:38 ; elapsed = 00:00:49 . Memory (MB): peak = 2604.594 ; gain = 0.000 ; free physical = 102 ; free virtual = 4651

Phase 8 Verifying routed nets

 Verification completed successfully
Phase 8 Verifying routed nets | Checksum: 19e969508

Time (s): cpu = 00:01:38 ; elapsed = 00:00:49 . Memory (MB): peak = 2604.594 ; gain = 0.000 ; free physical = 102 ; free virtual = 4651

Phase 9 Depositing Routes
Phase 9 Depositing Routes | Checksum: 1a6da7be5

Time (s): cpu = 00:01:39 ; elapsed = 00:00:50 . Memory (MB): peak = 2604.594 ; gain = 0.000 ; free physical = 100 ; free virtual = 4650

Phase 10 Post Router Timing
INFO: [Route 35-57] Estimated Timing Summary | WNS=-2.840 | TNS=-3764.816| WHS=0.012  | THS=0.000  |

WARNING: [Route 35-328] Router estimated timing not met.
Resolution: For a complete and accurate timing signoff, report_timing_summary must be run after route_design. Alternatively, route_design can be run with the -timing_summary option to enable a complete timing signoff at the end of route_design.
Phase 10 Post Router Timing | Checksum: 1a6da7be5

Time (s): cpu = 00:01:39 ; elapsed = 00:00:50 . Memory (MB): peak = 2604.594 ; gain = 0.000 ; free physical = 100 ; free virtual = 4650
INFO: [Route 35-16] Router Completed Successfully

Time (s): cpu = 00:01:39 ; elapsed = 00:00:50 . Memory (MB): peak = 2604.594 ; gain = 0.000 ; free physical = 137 ; free virtual = 4687

Routing Is Done.
INFO: [Common 17-83] Releasing license: Implementation
72 Infos, 3 Warnings, 0 Critical Warnings and 0 Errors encountered.
route_design completed successfully
route_design: Time (s): cpu = 00:01:45 ; elapsed = 00:00:54 . Memory (MB): peak = 2604.594 ; gain = 0.000 ; free physical = 137 ; free virtual = 4688
Writing placer database...
Writing XDEF routing.
Writing XDEF routing logical nets.
Writing XDEF routing special nets.
Write XDEF Complete: Time (s): cpu = 00:00:04 ; elapsed = 00:00:02 . Memory (MB): peak = 2604.594 ; gain = 0.000 ; free physical = 88 ; free virtual = 4677
INFO: [Common 17-1381] The checkpoint '/home/yarib/work/vivado/sbs_custom_float/sbs_custom_float.runs/impl_1/platform_wrapper_routed.dcp' has been generated.
write_checkpoint: Time (s): cpu = 00:00:13 ; elapsed = 00:00:13 . Memory (MB): peak = 2604.594 ; gain = 0.000 ; free physical = 126 ; free virtual = 4687
INFO: [runtcl-4] Executing : report_drc -file platform_wrapper_drc_routed.rpt -pb platform_wrapper_drc_routed.pb -rpx platform_wrapper_drc_routed.rpx
Command: report_drc -file platform_wrapper_drc_routed.rpt -pb platform_wrapper_drc_routed.pb -rpx platform_wrapper_drc_routed.rpx
INFO: [IP_Flow 19-1839] IP Catalog is up to date.
INFO: [DRC 23-27] Running DRC with 4 threads
INFO: [Coretcl 2-168] The results of DRC are in file /home/yarib/work/vivado/sbs_custom_float/sbs_custom_float.runs/impl_1/platform_wrapper_drc_routed.rpt.
report_drc completed successfully
INFO: [runtcl-4] Executing : report_methodology -file platform_wrapper_methodology_drc_routed.rpt -pb platform_wrapper_methodology_drc_routed.pb -rpx platform_wrapper_methodology_drc_routed.rpx
Command: report_methodology -file platform_wrapper_methodology_drc_routed.rpt -pb platform_wrapper_methodology_drc_routed.pb -rpx platform_wrapper_methodology_drc_routed.rpx
INFO: [Timing 38-35] Done setting XDC timing constraints.
INFO: [Timing 38-35] Done setting XDC timing constraints.
INFO: [DRC 23-133] Running Methodology with 4 threads
INFO: [Coretcl 2-1520] The results of Report Methodology are in file /home/yarib/work/vivado/sbs_custom_float/sbs_custom_float.runs/impl_1/platform_wrapper_methodology_drc_routed.rpt.
report_methodology completed successfully
report_methodology: Time (s): cpu = 00:00:19 ; elapsed = 00:00:09 . Memory (MB): peak = 2613.602 ; gain = 0.000 ; free physical = 104 ; free virtual = 4550
INFO: [runtcl-4] Executing : report_power -file platform_wrapper_power_routed.rpt -pb platform_wrapper_power_summary_routed.pb -rpx platform_wrapper_power_routed.rpx
Command: report_power -file platform_wrapper_power_routed.rpt -pb platform_wrapper_power_summary_routed.pb -rpx platform_wrapper_power_routed.rpx
INFO: [Timing 38-35] Done setting XDC timing constraints.
Running Vector-less Activity Propagation...

Finished Running Vector-less Activity Propagation
WARNING: [Power 33-332] Found switching activity that implies high-fanout reset nets being asserted for excessive periods of time which may result in inaccurate power analysis.
Resolution: To review and fix problems, please run Power Constraints Advisor in the GUI from Tools > Power Constraints Advisor or run report_power with the -advisory option to generate a text report.
84 Infos, 4 Warnings, 0 Critical Warnings and 0 Errors encountered.
report_power completed successfully
report_power: Time (s): cpu = 00:00:12 ; elapsed = 00:00:07 . Memory (MB): peak = 2671.621 ; gain = 58.020 ; free physical = 109 ; free virtual = 4515
INFO: [runtcl-4] Executing : report_route_status -file platform_wrapper_route_status.rpt -pb platform_wrapper_route_status.pb
INFO: [runtcl-4] Executing : report_timing_summary -max_paths 10 -file platform_wrapper_timing_summary_routed.rpt -rpx platform_wrapper_timing_summary_routed.rpx -warn_on_violation 
INFO: [Timing 38-91] UpdateTimingParams: Speed grade: -1, Delay Type: min_max.
INFO: [Timing 38-191] Multithreading enabled for timing update using a maximum of 4 CPUs
CRITICAL WARNING: [Timing 38-282] The design failed to meet the timing requirements. Please see the timing summary report for details on the timing violations.
INFO: [runtcl-4] Executing : report_incremental_reuse -file platform_wrapper_incremental_reuse_routed.rpt
INFO: [Vivado_Tcl 4-545] No incremental reuse to report, no incremental placement and routing data was found.
INFO: [runtcl-4] Executing : report_clock_utilization -file platform_wrapper_clock_utilization_routed.rpt
WARNING: [Memdata 28-167] Found XPM memory block platform_i/axi_smc/inst/s03_nodes/s03_w_node/inst/inst_mi_handler/gen_normal_area.inst_fifo_node_payld/gen_xpm_memory_fifo.inst_fifo/gen_mem_rep[0].inst_xpm_memory/xpm_memory_base_inst with a P_MEMORY_PRIMITIVE property set to distributed. A value of block is required. You will not be able to use the updatemem program to update the bitstream with new data for the platform_i/axi_smc/inst/s03_nodes/s03_w_node/inst/inst_mi_handler/gen_normal_area.inst_fifo_node_payld/gen_xpm_memory_fifo.inst_fifo/gen_mem_rep[0].inst_xpm_memory/xpm_memory_base_inst block.
WARNING: [Memdata 28-167] Found XPM memory block platform_i/axi_smc/inst/s03_nodes/s03_w_node/inst/inst_mi_handler/gen_normal_area.gen_fifo_req.inst_fifo_req/gen_xpm_memory_fifo.inst_fifo/gen_mem_rep[0].inst_xpm_memory/xpm_memory_base_inst with a P_MEMORY_PRIMITIVE property set to distributed. A value of block is required. You will not be able to use the updatemem program to update the bitstream with new data for the platform_i/axi_smc/inst/s03_nodes/s03_w_node/inst/inst_mi_handler/gen_normal_area.gen_fifo_req.inst_fifo_req/gen_xpm_memory_fifo.inst_fifo/gen_mem_rep[0].inst_xpm_memory/xpm_memory_base_inst block.
WARNING: [Memdata 28-167] Found XPM memory block platform_i/axi_smc/inst/s03_nodes/s03_b_node/inst/inst_mi_handler/gen_normal_area.inst_fifo_node_payld/gen_xpm_memory_fifo.inst_fifo/gen_mem_rep[0].inst_xpm_memory/xpm_memory_base_inst with a P_MEMORY_PRIMITIVE property set to distributed. A value of block is required. You will not be able to use the updatemem program to update the bitstream with new data for the platform_i/axi_smc/inst/s03_nodes/s03_b_node/inst/inst_mi_handler/gen_normal_area.inst_fifo_node_payld/gen_xpm_memory_fifo.inst_fifo/gen_mem_rep[0].inst_xpm_memory/xpm_memory_base_inst block.
WARNING: [Memdata 28-167] Found XPM memory block platform_i/axi_smc/inst/s03_nodes/s03_aw_node/inst/inst_mi_handler/gen_normal_area.inst_fifo_node_payld/gen_xpm_memory_fifo.inst_fifo/gen_mem_rep[0].inst_xpm_memory/xpm_memory_base_inst with a P_MEMORY_PRIMITIVE property set to distributed. A value of block is required. You will not be able to use the updatemem program to update the bitstream with new data for the platform_i/axi_smc/inst/s03_nodes/s03_aw_node/inst/inst_mi_handler/gen_normal_area.inst_fifo_node_payld/gen_xpm_memory_fifo.inst_fifo/gen_mem_rep[0].inst_xpm_memory/xpm_memory_base_inst block.
WARNING: [Memdata 28-167] Found XPM memory block platform_i/axi_smc/inst/s02_nodes/s02_r_node/inst/inst_mi_handler/gen_normal_area.inst_fifo_node_payld/gen_xpm_memory_fifo.inst_fifo/gen_mem_rep[0].inst_xpm_memory/xpm_memory_base_inst with a P_MEMORY_PRIMITIVE property set to distributed. A value of block is required. You will not be able to use the updatemem program to update the bitstream with new data for the platform_i/axi_smc/inst/s02_nodes/s02_r_node/inst/inst_mi_handler/gen_normal_area.inst_fifo_node_payld/gen_xpm_memory_fifo.inst_fifo/gen_mem_rep[0].inst_xpm_memory/xpm_memory_base_inst block.
WARNING: [Memdata 28-167] Found XPM memory block platform_i/axi_smc/inst/s02_nodes/s02_ar_node/inst/inst_mi_handler/gen_normal_area.inst_fifo_node_payld/gen_xpm_memory_fifo.inst_fifo/gen_mem_rep[0].inst_xpm_memory/xpm_memory_base_inst with a P_MEMORY_PRIMITIVE property set to distributed. A value of block is required. You will not be able to use the updatemem program to update the bitstream with new data for the platform_i/axi_smc/inst/s02_nodes/s02_ar_node/inst/inst_mi_handler/gen_normal_area.inst_fifo_node_payld/gen_xpm_memory_fifo.inst_fifo/gen_mem_rep[0].inst_xpm_memory/xpm_memory_base_inst block.
WARNING: [Memdata 28-167] Found XPM memory block platform_i/axi_smc/inst/s01_nodes/s01_w_node/inst/inst_mi_handler/gen_normal_area.inst_fifo_node_payld/gen_xpm_memory_fifo.inst_fifo/gen_mem_rep[0].inst_xpm_memory/xpm_memory_base_inst with a P_MEMORY_PRIMITIVE property set to distributed. A value of block is required. You will not be able to use the updatemem program to update the bitstream with new data for the platform_i/axi_smc/inst/s01_nodes/s01_w_node/inst/inst_mi_handler/gen_normal_area.inst_fifo_node_payld/gen_xpm_memory_fifo.inst_fifo/gen_mem_rep[0].inst_xpm_memory/xpm_memory_base_inst block.
WARNING: [Memdata 28-167] Found XPM memory block platform_i/axi_smc/inst/s01_nodes/s01_w_node/inst/inst_mi_handler/gen_normal_area.gen_fifo_req.inst_fifo_req/gen_xpm_memory_fifo.inst_fifo/gen_mem_rep[0].inst_xpm_memory/xpm_memory_base_inst with a P_MEMORY_PRIMITIVE property set to distributed. A value of block is required. You will not be able to use the updatemem program to update the bitstream with new data for the platform_i/axi_smc/inst/s01_nodes/s01_w_node/inst/inst_mi_handler/gen_normal_area.gen_fifo_req.inst_fifo_req/gen_xpm_memory_fifo.inst_fifo/gen_mem_rep[0].inst_xpm_memory/xpm_memory_base_inst block.
WARNING: [Memdata 28-167] Found XPM memory block platform_i/axi_smc/inst/s01_nodes/s01_b_node/inst/inst_mi_handler/gen_normal_area.inst_fifo_node_payld/gen_xpm_memory_fifo.inst_fifo/gen_mem_rep[0].inst_xpm_memory/xpm_memory_base_inst with a P_MEMORY_PRIMITIVE property set to distributed. A value of block is required. You will not be able to use the updatemem program to update the bitstream with new data for the platform_i/axi_smc/inst/s01_nodes/s01_b_node/inst/inst_mi_handler/gen_normal_area.inst_fifo_node_payld/gen_xpm_memory_fifo.inst_fifo/gen_mem_rep[0].inst_xpm_memory/xpm_memory_base_inst block.
WARNING: [Memdata 28-167] Found XPM memory block platform_i/axi_smc/inst/s01_nodes/s01_aw_node/inst/inst_mi_handler/gen_normal_area.inst_fifo_node_payld/gen_xpm_memory_fifo.inst_fifo/gen_mem_rep[0].inst_xpm_memory/xpm_memory_base_inst with a P_MEMORY_PRIMITIVE property set to distributed. A value of block is required. You will not be able to use the updatemem program to update the bitstream with new data for the platform_i/axi_smc/inst/s01_nodes/s01_aw_node/inst/inst_mi_handler/gen_normal_area.inst_fifo_node_payld/gen_xpm_memory_fifo.inst_fifo/gen_mem_rep[0].inst_xpm_memory/xpm_memory_base_inst block.
WARNING: [Memdata 28-167] Found XPM memory block platform_i/axi_smc/inst/s00_nodes/s00_r_node/inst/inst_mi_handler/gen_normal_area.inst_fifo_node_payld/gen_xpm_memory_fifo.inst_fifo/gen_mem_rep[0].inst_xpm_memory/xpm_memory_base_inst with a P_MEMORY_PRIMITIVE property set to distributed. A value of block is required. You will not be able to use the updatemem program to update the bitstream with new data for the platform_i/axi_smc/inst/s00_nodes/s00_r_node/inst/inst_mi_handler/gen_normal_area.inst_fifo_node_payld/gen_xpm_memory_fifo.inst_fifo/gen_mem_rep[0].inst_xpm_memory/xpm_memory_base_inst block.
WARNING: [Memdata 28-167] Found XPM memory block platform_i/axi_smc/inst/s00_nodes/s00_ar_node/inst/inst_mi_handler/gen_normal_area.inst_fifo_node_payld/gen_xpm_memory_fifo.inst_fifo/gen_mem_rep[0].inst_xpm_memory/xpm_memory_base_inst with a P_MEMORY_PRIMITIVE property set to distributed. A value of block is required. You will not be able to use the updatemem program to update the bitstream with new data for the platform_i/axi_smc/inst/s00_nodes/s00_ar_node/inst/inst_mi_handler/gen_normal_area.inst_fifo_node_payld/gen_xpm_memory_fifo.inst_fifo/gen_mem_rep[0].inst_xpm_memory/xpm_memory_base_inst block.
WARNING: [Memdata 28-167] Found XPM memory block platform_i/axi_smc/inst/m00_nodes/m00_w_node/inst/inst_si_handler/gen_si_handler.gen_request_fifos.gen_req_fifo[3].inst_req_fifo/gen_xpm_memory_fifo.inst_fifo/gen_mem_rep[0].inst_xpm_memory/xpm_memory_base_inst with a P_MEMORY_PRIMITIVE property set to distributed. A value of block is required. You will not be able to use the updatemem program to update the bitstream with new data for the platform_i/axi_smc/inst/m00_nodes/m00_w_node/inst/inst_si_handler/gen_si_handler.gen_request_fifos.gen_req_fifo[3].inst_req_fifo/gen_xpm_memory_fifo.inst_fifo/gen_mem_rep[0].inst_xpm_memory/xpm_memory_base_inst block.
WARNING: [Memdata 28-167] Found XPM memory block platform_i/axi_smc/inst/m00_nodes/m00_w_node/inst/inst_si_handler/gen_si_handler.gen_request_fifos.gen_req_fifo[1].inst_req_fifo/gen_xpm_memory_fifo.inst_fifo/gen_mem_rep[0].inst_xpm_memory/xpm_memory_base_inst with a P_MEMORY_PRIMITIVE property set to distributed. A value of block is required. You will not be able to use the updatemem program to update the bitstream with new data for the platform_i/axi_smc/inst/m00_nodes/m00_w_node/inst/inst_si_handler/gen_si_handler.gen_request_fifos.gen_req_fifo[1].inst_req_fifo/gen_xpm_memory_fifo.inst_fifo/gen_mem_rep[0].inst_xpm_memory/xpm_memory_base_inst block.
WARNING: [Memdata 28-167] Found XPM memory block platform_i/axi_smc/inst/m00_nodes/m00_w_node/inst/inst_mi_handler/gen_normal_area.inst_fifo_node_payld/gen_xpm_memory_fifo.inst_fifo/gen_mem_rep[0].inst_xpm_memory/xpm_memory_base_inst with a P_MEMORY_PRIMITIVE property set to distributed. A value of block is required. You will not be able to use the updatemem program to update the bitstream with new data for the platform_i/axi_smc/inst/m00_nodes/m00_w_node/inst/inst_mi_handler/gen_normal_area.inst_fifo_node_payld/gen_xpm_memory_fifo.inst_fifo/gen_mem_rep[0].inst_xpm_memory/xpm_memory_base_inst block.
WARNING: [Memdata 28-167] Found XPM memory block platform_i/axi_smc/inst/m00_nodes/m00_r_node/inst/inst_mi_handler/gen_normal_area.inst_fifo_node_payld/gen_xpm_memory_fifo.inst_fifo/gen_mem_rep[0].inst_xpm_memory/xpm_memory_base_inst with a P_MEMORY_PRIMITIVE property set to distributed. A value of block is required. You will not be able to use the updatemem program to update the bitstream with new data for the platform_i/axi_smc/inst/m00_nodes/m00_r_node/inst/inst_mi_handler/gen_normal_area.inst_fifo_node_payld/gen_xpm_memory_fifo.inst_fifo/gen_mem_rep[0].inst_xpm_memory/xpm_memory_base_inst block.
WARNING: [Memdata 28-167] Found XPM memory block platform_i/axi_smc/inst/m00_nodes/m00_r_node/inst/inst_mi_handler/gen_normal_area.gen_fifo_req.inst_fifo_req/gen_xpm_memory_fifo.inst_fifo/gen_mem_rep[0].inst_xpm_memory/xpm_memory_base_inst with a P_MEMORY_PRIMITIVE property set to distributed. A value of block is required. You will not be able to use the updatemem program to update the bitstream with new data for the platform_i/axi_smc/inst/m00_nodes/m00_r_node/inst/inst_mi_handler/gen_normal_area.gen_fifo_req.inst_fifo_req/gen_xpm_memory_fifo.inst_fifo/gen_mem_rep[0].inst_xpm_memory/xpm_memory_base_inst block.
WARNING: [Memdata 28-167] Found XPM memory block platform_i/axi_smc/inst/m00_nodes/m00_b_node/inst/inst_mi_handler/gen_normal_area.inst_fifo_node_payld/gen_xpm_memory_fifo.inst_fifo/gen_mem_rep[0].inst_xpm_memory/xpm_memory_base_inst with a P_MEMORY_PRIMITIVE property set to distributed. A value of block is required. You will not be able to use the updatemem program to update the bitstream with new data for the platform_i/axi_smc/inst/m00_nodes/m00_b_node/inst/inst_mi_handler/gen_normal_area.inst_fifo_node_payld/gen_xpm_memory_fifo.inst_fifo/gen_mem_rep[0].inst_xpm_memory/xpm_memory_base_inst block.
WARNING: [Memdata 28-167] Found XPM memory block platform_i/axi_smc/inst/m00_nodes/m00_b_node/inst/inst_mi_handler/gen_normal_area.gen_fifo_req.inst_fifo_req/gen_xpm_memory_fifo.inst_fifo/gen_mem_rep[0].inst_xpm_memory/xpm_memory_base_inst with a P_MEMORY_PRIMITIVE property set to distributed. A value of block is required. You will not be able to use the updatemem program to update the bitstream with new data for the platform_i/axi_smc/inst/m00_nodes/m00_b_node/inst/inst_mi_handler/gen_normal_area.gen_fifo_req.inst_fifo_req/gen_xpm_memory_fifo.inst_fifo/gen_mem_rep[0].inst_xpm_memory/xpm_memory_base_inst block.
WARNING: [Memdata 28-167] Found XPM memory block platform_i/axi_smc/inst/m00_nodes/m00_aw_node/inst/inst_mi_handler/gen_normal_area.inst_fifo_node_payld/gen_xpm_memory_fifo.inst_fifo/gen_mem_rep[0].inst_xpm_memory/xpm_memory_base_inst with a P_MEMORY_PRIMITIVE property set to distributed. A value of block is required. You will not be able to use the updatemem program to update the bitstream with new data for the platform_i/axi_smc/inst/m00_nodes/m00_aw_node/inst/inst_mi_handler/gen_normal_area.inst_fifo_node_payld/gen_xpm_memory_fifo.inst_fifo/gen_mem_rep[0].inst_xpm_memory/xpm_memory_base_inst block.
WARNING: [Memdata 28-167] Found XPM memory block platform_i/axi_smc/inst/m00_nodes/m00_ar_node/inst/inst_mi_handler/gen_normal_area.inst_fifo_node_payld/gen_xpm_memory_fifo.inst_fifo/gen_mem_rep[0].inst_xpm_memory/xpm_memory_base_inst with a P_MEMORY_PRIMITIVE property set to distributed. A value of block is required. You will not be able to use the updatemem program to update the bitstream with new data for the platform_i/axi_smc/inst/m00_nodes/m00_ar_node/inst/inst_mi_handler/gen_normal_area.inst_fifo_node_payld/gen_xpm_memory_fifo.inst_fifo/gen_mem_rep[0].inst_xpm_memory/xpm_memory_base_inst block.
WARNING: [Memdata 28-167] Found XPM memory block platform_i/axi_dma_1/U0/I_PRMRY_DATAMOVER/GEN_S2MM_FULL.I_S2MM_FULL_WRAPPER/GEN_ENABLE_INDET_BTT_SF.I_INDET_BTT/I_XD_FIFO/NON_BLK_MEM.I_SYNC_FIFOGEN_FIFO/xpm_fifo_instance.xpm_fifo_sync_inst/xpm_fifo_base_inst/gen_sdpram.xpm_memory_base_inst with a P_MEMORY_PRIMITIVE property set to auto. A value of block is required. You will not be able to use the updatemem program to update the bitstream with new data for the platform_i/axi_dma_1/U0/I_PRMRY_DATAMOVER/GEN_S2MM_FULL.I_S2MM_FULL_WRAPPER/GEN_ENABLE_INDET_BTT_SF.I_INDET_BTT/I_XD_FIFO/NON_BLK_MEM.I_SYNC_FIFOGEN_FIFO/xpm_fifo_instance.xpm_fifo_sync_inst/xpm_fifo_base_inst/gen_sdpram.xpm_memory_base_inst block.
INFO: [Memdata 28-208] The XPM instance: <platform_i/axi_dma_1/U0/I_PRMRY_DATAMOVER/GEN_S2MM_FULL.I_S2MM_FULL_WRAPPER/GEN_ENABLE_INDET_BTT_SF.I_INDET_BTT/I_DATA_FIFO/BLK_MEM.I_SYNC_FIFOGEN_FIFO/xpm_fifo_instance.xpm_fifo_sync_inst/xpm_fifo_base_inst/gen_sdpram.xpm_memory_base_inst> is part of IP: <platform_i/axi_dma_1>. This XPM instance will be excluded from the .mmi because updatemem is prohibited from making changes to an XPM that is part of an IP.
INFO: [Memdata 28-208] The XPM instance: <platform_i/axi_dma_1/U0/I_PRMRY_DATAMOVER/GEN_MM2S_FULL.I_MM2S_FULL_WRAPPER/GEN_INCLUDE_MM2S_SF.I_RD_SF/I_DATA_FIFO/BLK_MEM.I_SYNC_FIFOGEN_FIFO/xpm_fifo_instance.xpm_fifo_sync_inst/xpm_fifo_base_inst/gen_sdpram.xpm_memory_base_inst> is part of IP: <platform_i/axi_dma_1>. This XPM instance will be excluded from the .mmi because updatemem is prohibited from making changes to an XPM that is part of an IP.
WARNING: [Memdata 28-167] Found XPM memory block platform_i/axi_dma_0/U0/I_PRMRY_DATAMOVER/GEN_S2MM_FULL.I_S2MM_FULL_WRAPPER/GEN_ENABLE_INDET_BTT_SF.I_INDET_BTT/I_XD_FIFO/NON_BLK_MEM.I_SYNC_FIFOGEN_FIFO/xpm_fifo_instance.xpm_fifo_sync_inst/xpm_fifo_base_inst/gen_sdpram.xpm_memory_base_inst with a P_MEMORY_PRIMITIVE property set to auto. A value of block is required. You will not be able to use the updatemem program to update the bitstream with new data for the platform_i/axi_dma_0/U0/I_PRMRY_DATAMOVER/GEN_S2MM_FULL.I_S2MM_FULL_WRAPPER/GEN_ENABLE_INDET_BTT_SF.I_INDET_BTT/I_XD_FIFO/NON_BLK_MEM.I_SYNC_FIFOGEN_FIFO/xpm_fifo_instance.xpm_fifo_sync_inst/xpm_fifo_base_inst/gen_sdpram.xpm_memory_base_inst block.
INFO: [Memdata 28-208] The XPM instance: <platform_i/axi_dma_0/U0/I_PRMRY_DATAMOVER/GEN_S2MM_FULL.I_S2MM_FULL_WRAPPER/GEN_ENABLE_INDET_BTT_SF.I_INDET_BTT/I_DATA_FIFO/BLK_MEM.I_SYNC_FIFOGEN_FIFO/xpm_fifo_instance.xpm_fifo_sync_inst/xpm_fifo_base_inst/gen_sdpram.xpm_memory_base_inst> is part of IP: <platform_i/axi_dma_0>. This XPM instance will be excluded from the .mmi because updatemem is prohibited from making changes to an XPM that is part of an IP.
INFO: [Memdata 28-208] The XPM instance: <platform_i/axi_dma_0/U0/I_PRMRY_DATAMOVER/GEN_MM2S_FULL.I_MM2S_FULL_WRAPPER/GEN_INCLUDE_MM2S_SF.I_RD_SF/I_DATA_FIFO/BLK_MEM.I_SYNC_FIFOGEN_FIFO/xpm_fifo_instance.xpm_fifo_sync_inst/xpm_fifo_base_inst/gen_sdpram.xpm_memory_base_inst> is part of IP: <platform_i/axi_dma_0>. This XPM instance will be excluded from the .mmi because updatemem is prohibited from making changes to an XPM that is part of an IP.
Command: write_bitstream -force platform_wrapper.bit
Attempting to get a license for feature 'Implementation' and/or device 'xc7z020'
INFO: [Common 17-349] Got license for feature 'Implementation' and/or device 'xc7z020'
Running DRC as a precondition to command write_bitstream
INFO: [IP_Flow 19-1839] IP Catalog is up to date.
INFO: [DRC 23-27] Running DRC with 4 threads
WARNING: [DRC DPIP-1] Input pipelining: DSP platform_i/sbs_accelerator_0/U0/sbs_accelerator_feOg_U1/sbs_accelerator_ap_fadd_8_full_dsp_32_u/U0/i_synth/ADDSUB_OP.ADDSUB/SPEED_OP.DSP.OP/DSP48E1_BODY.ALIGN_ADD/DSP2/DSP input platform_i/sbs_accelerator_0/U0/sbs_accelerator_feOg_U1/sbs_accelerator_ap_fadd_8_full_dsp_32_u/U0/i_synth/ADDSUB_OP.ADDSUB/SPEED_OP.DSP.OP/DSP48E1_BODY.ALIGN_ADD/DSP2/DSP/B[17:0] is not pipelined. Pipelining DSP48 input will improve performance.
WARNING: [DRC DPIP-1] Input pipelining: DSP platform_i/sbs_accelerator_0/U0/sbs_accelerator_feOg_U1/sbs_accelerator_ap_fadd_8_full_dsp_32_u/U0/i_synth/ADDSUB_OP.ADDSUB/SPEED_OP.DSP.OP/DSP48E1_BODY.NORM_RND/FULL_USAGE_DSP.SHIFT_RND/DSP input platform_i/sbs_accelerator_0/U0/sbs_accelerator_feOg_U1/sbs_accelerator_ap_fadd_8_full_dsp_32_u/U0/i_synth/ADDSUB_OP.ADDSUB/SPEED_OP.DSP.OP/DSP48E1_BODY.NORM_RND/FULL_USAGE_DSP.SHIFT_RND/DSP/C[47:0] is not pipelined. Pipelining DSP48 input will improve performance.
WARNING: [DRC DPIP-1] Input pipelining: DSP platform_i/sbs_spike_50_0/U0/sbs_spike_50_faddbkb_U1/sbs_spike_50_ap_fadd_8_full_dsp_32_u/U0/i_synth/ADDSUB_OP.ADDSUB/SPEED_OP.DSP.OP/DSP48E1_BODY.ALIGN_ADD/DSP2/DSP input platform_i/sbs_spike_50_0/U0/sbs_spike_50_faddbkb_U1/sbs_spike_50_ap_fadd_8_full_dsp_32_u/U0/i_synth/ADDSUB_OP.ADDSUB/SPEED_OP.DSP.OP/DSP48E1_BODY.ALIGN_ADD/DSP2/DSP/B[17:0] is not pipelined. Pipelining DSP48 input will improve performance.
WARNING: [DRC DPIP-1] Input pipelining: DSP platform_i/sbs_spike_50_0/U0/sbs_spike_50_faddbkb_U1/sbs_spike_50_ap_fadd_8_full_dsp_32_u/U0/i_synth/ADDSUB_OP.ADDSUB/SPEED_OP.DSP.OP/DSP48E1_BODY.NORM_RND/FULL_USAGE_DSP.SHIFT_RND/DSP input platform_i/sbs_spike_50_0/U0/sbs_spike_50_faddbkb_U1/sbs_spike_50_ap_fadd_8_full_dsp_32_u/U0/i_synth/ADDSUB_OP.ADDSUB/SPEED_OP.DSP.OP/DSP48E1_BODY.NORM_RND/FULL_USAGE_DSP.SHIFT_RND/DSP/C[47:0] is not pipelined. Pipelining DSP48 input will improve performance.
WARNING: [DRC DPOP-2] MREG Output pipelining: DSP platform_i/sbs_accelerator_0/U0/sbs_accelerator_feOg_U1/sbs_accelerator_ap_fadd_8_full_dsp_32_u/U0/i_synth/ADDSUB_OP.ADDSUB/SPEED_OP.DSP.OP/DSP48E1_BODY.NORM_RND/FULL_USAGE_DSP.SHIFT_RND/DSP multiplier stage platform_i/sbs_accelerator_0/U0/sbs_accelerator_feOg_U1/sbs_accelerator_ap_fadd_8_full_dsp_32_u/U0/i_synth/ADDSUB_OP.ADDSUB/SPEED_OP.DSP.OP/DSP48E1_BODY.NORM_RND/FULL_USAGE_DSP.SHIFT_RND/DSP/P[47:0] is not pipelined (MREG=0). Pipelining the multiplier function will improve performance and will save significant power so it is suggested whenever possible to fully pipeline this function.  If this multiplier was inferred, it is suggested to describe an additional register stage after this function.  If there is no registered adder/accumulator following the multiply function, two pipeline stages are suggested to allow both the MREG and PREG registers to be used.  If the DSP48 was instantiated in the design, it is suggested to set both the MREG and PREG attributes to 1 when performing multiply functions.
WARNING: [DRC DPOP-2] MREG Output pipelining: DSP platform_i/sbs_spike_50_0/U0/sbs_spike_50_faddbkb_U1/sbs_spike_50_ap_fadd_8_full_dsp_32_u/U0/i_synth/ADDSUB_OP.ADDSUB/SPEED_OP.DSP.OP/DSP48E1_BODY.NORM_RND/FULL_USAGE_DSP.SHIFT_RND/DSP multiplier stage platform_i/sbs_spike_50_0/U0/sbs_spike_50_faddbkb_U1/sbs_spike_50_ap_fadd_8_full_dsp_32_u/U0/i_synth/ADDSUB_OP.ADDSUB/SPEED_OP.DSP.OP/DSP48E1_BODY.NORM_RND/FULL_USAGE_DSP.SHIFT_RND/DSP/P[47:0] is not pipelined (MREG=0). Pipelining the multiplier function will improve performance and will save significant power so it is suggested whenever possible to fully pipeline this function.  If this multiplier was inferred, it is suggested to describe an additional register stage after this function.  If there is no registered adder/accumulator following the multiply function, two pipeline stages are suggested to allow both the MREG and PREG registers to be used.  If the DSP48 was instantiated in the design, it is suggested to set both the MREG and PREG attributes to 1 when performing multiply functions.
INFO: [DRC AVAL-4] enum_USE_DPORT_FALSE_enum_DREG_ADREG_0_connects_CED_CEAD_RSTD_GND: platform_i/sbs_accelerator_0/U0/sbs_accelerator_feOg_U1/sbs_accelerator_ap_fadd_8_full_dsp_32_u/U0/i_synth/ADDSUB_OP.ADDSUB/SPEED_OP.DSP.OP/DSP48E1_BODY.NORM_RND/FULL_USAGE_DSP.SHIFT_RND/DSP: DSP48E1 is not using the D port (USE_DPORT = FALSE). For improved power characteristics, set DREG and ADREG to '1', tie CED, CEAD, and RSTD to logic '0'.
INFO: [DRC AVAL-4] enum_USE_DPORT_FALSE_enum_DREG_ADREG_0_connects_CED_CEAD_RSTD_GND: platform_i/sbs_accelerator_0/U0/sbs_accelerator_ffYi_U2/sbs_accelerator_ap_fmul_6_max_dsp_32_u/U0/i_synth/MULT.OP/MULT/DSP48E1_SPD_SGL_VARIANT.FIX_MULT/DSP1/DSP: DSP48E1 is not using the D port (USE_DPORT = FALSE). For improved power characteristics, set DREG and ADREG to '1', tie CED, CEAD, and RSTD to logic '0'.
INFO: [DRC AVAL-4] enum_USE_DPORT_FALSE_enum_DREG_ADREG_0_connects_CED_CEAD_RSTD_GND: platform_i/sbs_accelerator_0/U0/sbs_accelerator_ffYi_U2/sbs_accelerator_ap_fmul_6_max_dsp_32_u/U0/i_synth/MULT.OP/MULT/DSP48E1_SPD_SGL_VARIANT.FIX_MULT/DSP2/DSP: DSP48E1 is not using the D port (USE_DPORT = FALSE). For improved power characteristics, set DREG and ADREG to '1', tie CED, CEAD, and RSTD to logic '0'.
INFO: [DRC AVAL-4] enum_USE_DPORT_FALSE_enum_DREG_ADREG_0_connects_CED_CEAD_RSTD_GND: platform_i/sbs_accelerator_0/U0/sbs_accelerator_ffYi_U2/sbs_accelerator_ap_fmul_6_max_dsp_32_u/U0/i_synth/MULT.OP/R_AND_R/LAT_OPT.FULL.R_AND_R/DSP48E1_SGL_EXP_IP.OLD_ADD.ADD/DSP: DSP48E1 is not using the D port (USE_DPORT = FALSE). For improved power characteristics, set DREG and ADREG to '1', tie CED, CEAD, and RSTD to logic '0'.
INFO: [DRC AVAL-4] enum_USE_DPORT_FALSE_enum_DREG_ADREG_0_connects_CED_CEAD_RSTD_GND: platform_i/sbs_accelerator_0/U0/sbs_accelerator_ffYi_U3/sbs_accelerator_ap_fmul_6_max_dsp_32_u/U0/i_synth/MULT.OP/MULT/DSP48E1_SPD_SGL_VARIANT.FIX_MULT/DSP1/DSP: DSP48E1 is not using the D port (USE_DPORT = FALSE). For improved power characteristics, set DREG and ADREG to '1', tie CED, CEAD, and RSTD to logic '0'.
INFO: [DRC AVAL-4] enum_USE_DPORT_FALSE_enum_DREG_ADREG_0_connects_CED_CEAD_RSTD_GND: platform_i/sbs_accelerator_0/U0/sbs_accelerator_ffYi_U3/sbs_accelerator_ap_fmul_6_max_dsp_32_u/U0/i_synth/MULT.OP/MULT/DSP48E1_SPD_SGL_VARIANT.FIX_MULT/DSP2/DSP: DSP48E1 is not using the D port (USE_DPORT = FALSE). For improved power characteristics, set DREG and ADREG to '1', tie CED, CEAD, and RSTD to logic '0'.
INFO: [DRC AVAL-4] enum_USE_DPORT_FALSE_enum_DREG_ADREG_0_connects_CED_CEAD_RSTD_GND: platform_i/sbs_accelerator_0/U0/sbs_accelerator_ffYi_U3/sbs_accelerator_ap_fmul_6_max_dsp_32_u/U0/i_synth/MULT.OP/R_AND_R/LAT_OPT.FULL.R_AND_R/DSP48E1_SGL_EXP_IP.OLD_ADD.ADD/DSP: DSP48E1 is not using the D port (USE_DPORT = FALSE). For improved power characteristics, set DREG and ADREG to '1', tie CED, CEAD, and RSTD to logic '0'.
INFO: [DRC AVAL-4] enum_USE_DPORT_FALSE_enum_DREG_ADREG_0_connects_CED_CEAD_RSTD_GND: platform_i/sbs_spike_50_0/U0/sbs_spike_50_faddbkb_U1/sbs_spike_50_ap_fadd_8_full_dsp_32_u/U0/i_synth/ADDSUB_OP.ADDSUB/SPEED_OP.DSP.OP/DSP48E1_BODY.NORM_RND/FULL_USAGE_DSP.SHIFT_RND/DSP: DSP48E1 is not using the D port (USE_DPORT = FALSE). For improved power characteristics, set DREG and ADREG to '1', tie CED, CEAD, and RSTD to logic '0'.
INFO: [DRC AVAL-5] enum_USE_MULT_NONE_enum_DREG_ADREG_0_connects_CED_CEAD_RSTD_GND: platform_i/sbs_accelerator_0/U0/sbs_accelerator_ffYi_U2/sbs_accelerator_ap_fmul_6_max_dsp_32_u/U0/i_synth/MULT.OP/R_AND_R/LAT_OPT.FULL.R_AND_R/DSP48E1_SGL_EXP_IP.OLD_ADD.ADD/DSP: DSP48E1 is not using the Multiplier (USE_MULT = NONE). For improved power characteristics, set DREG and ADREG to '1', tie CED, CEAD, and RSTD to logic '0'.
INFO: [DRC AVAL-5] enum_USE_MULT_NONE_enum_DREG_ADREG_0_connects_CED_CEAD_RSTD_GND: platform_i/sbs_accelerator_0/U0/sbs_accelerator_ffYi_U3/sbs_accelerator_ap_fmul_6_max_dsp_32_u/U0/i_synth/MULT.OP/R_AND_R/LAT_OPT.FULL.R_AND_R/DSP48E1_SGL_EXP_IP.OLD_ADD.ADD/DSP: DSP48E1 is not using the Multiplier (USE_MULT = NONE). For improved power characteristics, set DREG and ADREG to '1', tie CED, CEAD, and RSTD to logic '0'.
INFO: [DRC REQP-1725] DSP_Abus_sign_bit_alert: platform_i/sbs_accelerator_0/U0/sbs_accelerator_feOg_U1/sbs_accelerator_ap_fadd_8_full_dsp_32_u/U0/i_synth/ADDSUB_OP.ADDSUB/SPEED_OP.DSP.OP/DSP48E1_BODY.ALIGN_ADD/DSP2/DSP: When using the PreAdder and USE_DPORT is TRUE, the A operand should be restricted to 24 bit two's complement (and sign extended) to avoid over/underflow in the pre-add stage.
INFO: [DRC REQP-1725] DSP_Abus_sign_bit_alert: platform_i/sbs_spike_50_0/U0/sbs_spike_50_faddbkb_U1/sbs_spike_50_ap_fadd_8_full_dsp_32_u/U0/i_synth/ADDSUB_OP.ADDSUB/SPEED_OP.DSP.OP/DSP48E1_BODY.ALIGN_ADD/DSP2/DSP: When using the PreAdder and USE_DPORT is TRUE, the A operand should be restricted to 24 bit two's complement (and sign extended) to avoid over/underflow in the pre-add stage.
INFO: [Vivado 12-3199] DRC finished with 0 Errors, 6 Warnings, 12 Advisories
INFO: [Vivado 12-3200] Please refer to the DRC report (report_drc) for more information.
INFO: [Project 1-821] Please set project.enableDesignId to be 'true'.
INFO: [Designutils 20-2272] Running write_bitstream with 4 threads.
Loading data files...
Loading site data...
Loading route data...
Processing options...
Creating bitmap...
Creating bitstream...
Writing bitstream ./platform_wrapper.bit...
INFO: [Vivado 12-1842] Bitgen Completed Successfully.
INFO: [Project 1-120] WebTalk data collection is mandatory when using a WebPACK part without a full Vivado license. To see the specific WebTalk data collected for your design, open the usage_statistics_webtalk.html or usage_statistics_webtalk.xml file in the implementation directory.
INFO: [Common 17-83] Releasing license: Implementation
117 Infos, 33 Warnings, 1 Critical Warnings and 0 Errors encountered.
write_bitstream completed successfully
write_bitstream: Time (s): cpu = 00:00:36 ; elapsed = 00:00:31 . Memory (MB): peak = 3028.996 ; gain = 357.375 ; free physical = 367 ; free virtual = 4500
INFO: [Common 17-206] Exiting Vivado at Wed Mar 25 16:49:20 2020...
