INFO-FLOW: Workspace /home/nevarez/work/vivado/hls/sbs_fixedpoint_spike/sbs_fixedpoint_spike opened at Wed Feb 12 09:44:45 CET 2020
Execute     config_clock -quiet -name default -period 4 -unit ns -default=false 
INFO: [SYN 201-201] Setting up clock 'default' with a period of 4ns.
Execute     open_platform DefaultPlatform 
Execute     import_lib /tools/Xilinx/Vivado/2019.1/common/technology/xilinx/zynq/zynq 
Execute       source /tools/Xilinx/Vivado/2019.1/common/technology/xilinx/common/xilinx.lib 
Execute         source /tools/Xilinx/Vivado/2019.1/common/technology/xilinx/interface/xilinx_interface.lib 
Execute           source /tools/Xilinx/Vivado/2019.1/common/technology/xilinx/interface/plb46.lib 
Execute           source /tools/Xilinx/Vivado/2019.1/common/technology/xilinx/interface/fsl.lib 
Execute           source /tools/Xilinx/Vivado/2019.1/common/technology/xilinx/interface/axi4.lib 
Execute           source /tools/Xilinx/Vivado/2019.1/common/technology/xilinx/interface/maxi.lib 
Execute           source /tools/Xilinx/Vivado/2019.1/common/technology/xilinx/interface/saxilite.lib 
Execute         source /tools/Xilinx/Vivado/2019.1/common/technology/xilinx/common/dsp48.lib 
Execute         source /tools/Xilinx/Vivado/2019.1/common/technology/xilinx/ip/dds_compiler.lib 
Execute         source /tools/Xilinx/Vivado/2019.1/common/technology/xilinx/ip/xfft.lib 
Execute         source /tools/Xilinx/Vivado/2019.1/common/technology/xilinx/ip/xfir.lib 
Execute       source /tools/Xilinx/Vivado/2019.1/common/technology/xilinx/common/xilinx.hlp 
Execute         source /tools/Xilinx/Vivado/2019.1/common/technology/xilinx/common/target_info.tcl 
Execute         source /tools/Xilinx/Vivado/2019.1/common/technology/xilinx/interface/xilinx_interface.hlp 
Execute           source /tools/Xilinx/Vivado/2019.1/common/technology/xilinx/interface/maxi.hlp 
Execute           source /tools/Xilinx/Vivado/2019.1/common/technology/xilinx/interface/saxilite.hlp 
Execute         source /tools/Xilinx/Vivado/2019.1/common/technology/xilinx/common/dsp48.hlp 
Execute       source /tools/Xilinx/Vivado/2019.1/common/technology/xilinx/zynq/dsp48e1.hlp 
Execute       source /tools/Xilinx/Vivado/2019.1/common/technology/xilinx/common/xilinx.hlp 
Execute         source /tools/Xilinx/Vivado/2019.1/common/technology/xilinx/common/target_info.tcl 
Execute         source /tools/Xilinx/Vivado/2019.1/common/technology/xilinx/interface/xilinx_interface.hlp 
Execute           source /tools/Xilinx/Vivado/2019.1/common/technology/xilinx/interface/maxi.hlp 
Execute           source /tools/Xilinx/Vivado/2019.1/common/technology/xilinx/interface/saxilite.hlp 
Execute         source /tools/Xilinx/Vivado/2019.1/common/technology/xilinx/common/dsp48.hlp 
Execute     source /tools/Xilinx/Vivado/2019.1/common/technology/xilinx/zynq/zynq.gen 
Execute       source /tools/Xilinx/Vivado/2019.1/common/technology/xilinx/common/xilinx.gen 
Execute         source /tools/Xilinx/Vivado/2019.1/common/technology/xilinx/interface/plb46.gen 
Execute         source /tools/Xilinx/Vivado/2019.1/common/technology/xilinx/interface/fsl.gen 
Execute         source /tools/Xilinx/Vivado/2019.1/common/technology/xilinx/interface/axi4.gen 
Execute         source /tools/Xilinx/Vivado/2019.1/common/technology/xilinx/interface/nativeAXI4.gen 
Execute           source /tools/Xilinx/Vivado/2019.1/common/technology/xilinx/interface/saxilite.gen 
Execute           source /tools/Xilinx/Vivado/2019.1/common/technology/xilinx/interface/maxi.gen 
Execute         source /tools/Xilinx/Vivado/2019.1/common/technology/xilinx/scripts/xilinxcoregen.gen 
Execute         source /tools/Xilinx/Vivado/2019.1/common/technology/xilinx/interface/XilEDKCoreGen.gen 
Execute         source /tools/Xilinx/Vivado/2019.1/common/technology/xilinx/ip/dds_compiler.gen 
Execute         source /tools/Xilinx/Vivado/2019.1/common/technology/xilinx/ip/util.gen 
Execute         source /tools/Xilinx/Vivado/2019.1/common/technology/xilinx/ip/xfft.gen 
Execute         source /tools/Xilinx/Vivado/2019.1/common/technology/xilinx/ip/xfir.gen 
Execute         source /tools/Xilinx/Vivado/2019.1/common/technology/xilinx/common/dsp48.gen 
Execute     set_part xc7z020clg400-1 
Execute       ap_part_info -name xc7z020clg400-1 -data single -quiet 
Command       ap_part_info done; 0.71 sec.
Execute       ap_part_info -name xc7z020clg400-1 -data info 
Execute       add_library xilinx/zynq/zynq:xc7z020:-clg400:-1 
Execute         get_default_platform 
Execute         ap_part_info -data single -name xc7z020-clg400-1 
Execute         ap_part_info -name xc7z020-clg400-1 -data resources 
Execute         ap_part_info -name xc7z020-clg400-1 -data info 
Execute         ap_part_info -name xc7z020-clg400-1 -data info 
Execute         config_chip_info -quiet -resource {SLICE 13300} {LUT 53200} {FF 106400} {DSP48E 220} {BRAM 280} {URAM 0} 
Execute         ap_part_info -name xc7z020-clg400-1 -data info 
Execute         config_chip_info -quiet -speed slow 
Execute       add_library xilinx/zynq/zynq_fpv6 
Execute         get_default_platform 
Execute         open_platform DefaultPlatform 
Execute         import_lib /tools/Xilinx/Vivado/2019.1/common/technology/xilinx/zynq/zynq_fpv6 
Execute           source /tools/Xilinx/Vivado/2019.1/common/technology/xilinx/common/xilinx_fp.lib 
Execute           source /tools/Xilinx/Vivado/2019.1/common/technology/xilinx/common/xilinx_fp.hlp 
Execute             source /tools/Xilinx/Vivado/2019.1/common/technology/xilinx/common/xilinx.hlp 
Execute               source /tools/Xilinx/Vivado/2019.1/common/technology/xilinx/common/target_info.tcl 
Execute               source /tools/Xilinx/Vivado/2019.1/common/technology/xilinx/interface/xilinx_interface.hlp 
Execute                 source /tools/Xilinx/Vivado/2019.1/common/technology/xilinx/interface/maxi.hlp 
Execute                 source /tools/Xilinx/Vivado/2019.1/common/technology/xilinx/interface/saxilite.hlp 
Execute               source /tools/Xilinx/Vivado/2019.1/common/technology/xilinx/common/dsp48.hlp 
Execute         source /tools/Xilinx/Vivado/2019.1/common/technology/xilinx/zynq/zynq_fpv6.gen 
Execute           source /tools/Xilinx/Vivado/2019.1/common/technology/xilinx/common/xilinx_fp.gen 
INFO: [HLS 200-10] Setting target device to 'xc7z020-clg400-1'
Execute       ap_part_info -name xc7z020-clg400-1 -data info 
Execute       get_default_platform 
Command     set_part done; 0.78 sec.
Execute     ap_part_info -data single -name xc7z020clg400-1 
Execute     ap_part_info -name xc7z020clg400-1 -data resources 
Execute     ap_part_info -name xc7z020clg400-1 -data info 
Execute     ap_part_info -name xc7z020clg400-1 -data info 
Execute     config_chip_info -quiet -resource {SLICE 13300} {LUT 53200} {FF 106400} {DSP48E 220} {BRAM 280} {URAM 0} 
Execute     ap_part_info -name xc7z020clg400-1 -data info 
Execute     config_chip_info -quiet -speed slow 
Command   open_solution done; 0.91 sec.
Execute   set_part xc7z020clg400-1 -tool vivado 
Execute     ap_part_info -name xc7z020clg400-1 -data single -quiet 
Execute     ap_part_info -name xc7z020clg400-1 -data info 
Execute     add_library xilinx/zynq/zynq:xc7z020:-clg400:-1 
Execute       get_default_platform 
Execute       ap_part_info -data single -name xc7z020-clg400-1 
Execute       ap_part_info -name xc7z020-clg400-1 -data resources 
Execute       ap_part_info -name xc7z020-clg400-1 -data info 
Execute       ap_part_info -name xc7z020-clg400-1 -data info 
Execute       config_chip_info -quiet -resource {SLICE 13300} {LUT 53200} {FF 106400} {DSP48E 220} {BRAM 280} {URAM 0} 
Execute       ap_part_info -name xc7z020-clg400-1 -data info 
Execute       config_chip_info -quiet -speed slow 
Execute     add_library xilinx/zynq/zynq_fpv6 
Execute       get_default_platform 
Execute       open_platform DefaultPlatform 
Execute       import_lib /tools/Xilinx/Vivado/2019.1/common/technology/xilinx/zynq/zynq_fpv6 
Execute         source /tools/Xilinx/Vivado/2019.1/common/technology/xilinx/common/xilinx_fp.lib 
Execute         source /tools/Xilinx/Vivado/2019.1/common/technology/xilinx/common/xilinx_fp.hlp 
Execute           source /tools/Xilinx/Vivado/2019.1/common/technology/xilinx/common/xilinx.hlp 
Execute             source /tools/Xilinx/Vivado/2019.1/common/technology/xilinx/common/target_info.tcl 
Execute             source /tools/Xilinx/Vivado/2019.1/common/technology/xilinx/interface/xilinx_interface.hlp 
Execute               source /tools/Xilinx/Vivado/2019.1/common/technology/xilinx/interface/maxi.hlp 
Execute               source /tools/Xilinx/Vivado/2019.1/common/technology/xilinx/interface/saxilite.hlp 
Execute             source /tools/Xilinx/Vivado/2019.1/common/technology/xilinx/common/dsp48.hlp 
Execute       source /tools/Xilinx/Vivado/2019.1/common/technology/xilinx/zynq/zynq_fpv6.gen 
Execute         source /tools/Xilinx/Vivado/2019.1/common/technology/xilinx/common/xilinx_fp.gen 
Execute     ap_part_info -name xc7z020-clg400-1 -data info 
Execute     get_default_platform 
Execute   create_clock -period 250MHz -name default 
Execute     config_clock -quiet -name default -period 4 -unit ns -default=false 
INFO: [SYN 201-201] Setting up clock 'default' with a period of 4ns.
Execute   csynth_design 
Execute     get_config_compile -dump_cfg 
Execute     get_config_compile -effort 
Execute     get_config_compile -enable_clang39 
Execute     get_config_compile -g 
Execute     get_config_compile -ng 
Execute     get_config_compile -opt_fp 
Execute     get_config_compile -skip_cdt 
Execute     get_config_compile -skip_syncheck 
Execute     get_config_compile -skip_transform 
Execute     get_config_compile -keep_printf 
Execute     elaborate -effort=medium -skip_syncheck=0 -keep_printf=0 -skip_cdt=0 -skip_transform=0 -ng=0 -g=0 -opt_fp=0 -from_csynth_design=1 
Execute       get_config_schedule -relax_ii_for_timing 
INFO: [SCHED 204-61] Option 'relax_ii_for_timing' is enabled, will increase II to preserve clock frequency constraints.
Execute       get_config_schedule -suppress_dependence_error_break 
INFO: [HLS 200-10] Analyzing design file '../../GITHUB/app-framework-baremetal/libs/sbs_neural_network/systemc/sbs_fixedpoint_spike.cpp' ... 
INFO-FLOW: Compiling one TU...
Execute       is_m_axi_addr64 
INFO-FLOW: Handling ../../GITHUB/app-framework-baremetal/libs/sbs_neural_network/systemc/sbs_fixedpoint_spike.cpp as C++
Execute       ap_part_info -name xc7z020-clg400-1 -data info 
Execute       is_encrypted ../../GITHUB/app-framework-baremetal/libs/sbs_neural_network/systemc/sbs_fixedpoint_spike.cpp 
Execute       ap_part_info -name xc7z020-clg400-1 -data info 
INFO-FLOW: Running: GCC PP
INFO-FLOW: Source preprocessing
Execute       clang  -fno-limit-debug-info -gcc-toolchain "/tools/Xilinx/Vivado/2019.1/lnx64/tools/gcc" -hls  -fno-exceptions  -D__llvm__  -E "../../GITHUB/app-framework-baremetal/libs/sbs_neural_network/systemc/sbs_fixedpoint_spike.cpp"     -fno-math-errno -c -emit-llvm -O0  -mllvm -disable-llvm-optzns -fno-threadsafe-statics  -fno-use-cxa-atexit  -fno-threadsafe-statics -fno-use-cxa-atexit -D__CLANG_3_1__ -DAESL_SYN -D__SYNTHESIS__ -D__HLS_SYN__ -I "/tools/Xilinx/Vivado/2019.1/common/technology/autopilot" -I "/tools/Xilinx/Vivado/2019.1/common/technology/autopilot/ap_sysc" -include etc/autopilot_ssdm_op.h -D__DSP48E1__  -o "/home/nevarez/work/vivado/hls/sbs_fixedpoint_spike/sbs_fixedpoint_spike/.autopilot/db/sbs_fixedpoint_spike.pp.0.cpp" 
INFO-FLOW: exec /tools/Xilinx/Vivado/2019.1/lnx64/tools/clang/bin/clang -fno-limit-debug-info -gcc-toolchain /tools/Xilinx/Vivado/2019.1/lnx64/tools/gcc -hls -fno-exceptions -D__llvm__ -E ../../GITHUB/app-framework-baremetal/libs/sbs_neural_network/systemc/sbs_fixedpoint_spike.cpp -fno-math-errno -c -emit-llvm -O0 -mllvm -disable-llvm-optzns -fno-threadsafe-statics -fno-use-cxa-atexit -fno-threadsafe-statics -fno-use-cxa-atexit -D__CLANG_3_1__ -DAESL_SYN -D__SYNTHESIS__ -D__HLS_SYN__ -I /tools/Xilinx/Vivado/2019.1/common/technology/autopilot -I /tools/Xilinx/Vivado/2019.1/common/technology/autopilot/ap_sysc -include etc/autopilot_ssdm_op.h -D__DSP48E1__ -o /home/nevarez/work/vivado/hls/sbs_fixedpoint_spike/sbs_fixedpoint_spike/.autopilot/db/sbs_fixedpoint_spike.pp.0.cpp
Command       clang done; 1.29 sec.
Execute       tidy_31 xilinx-xfmat-array-geometry /home/nevarez/work/vivado/hls/sbs_fixedpoint_spike/sbs_fixedpoint_spike/.autopilot/db/sbs_fixedpoint_spike.pp.0.cpp std=gnu++98 
INFO-FLOW: exec /tools/Xilinx/Vivado/2019.1/lnx64/tools/clang-3.9-csynth/bin/tidy-3.1 -header-filter=.* -checks=-*,xilinx-xfmat-array-geometry -quiet -fix /home/nevarez/work/vivado/hls/sbs_fixedpoint_spike/sbs_fixedpoint_spike/.autopilot/db/sbs_fixedpoint_spike.pp.0.cpp -- -std=gnu++98 -fhls -ferror-limit=0
Command       tidy_31 done; 0.61 sec.
INFO-FLOW: Syntax Checking before pre-processing...
Execute       clang -syntaxcheck -src /home/nevarez/work/vivado/hls/sbs_fixedpoint_spike/sbs_fixedpoint_spike/.autopilot/db/sbs_fixedpoint_spike.pp.0.cpp  -fno-limit-debug-info -gcc-toolchain "/tools/Xilinx/Vivado/2019.1/lnx64/tools/gcc" -hls    -fno-math-errno -c -emit-llvm -O0  -mllvm -disable-llvm-optzns -fno-threadsafe-statics  -fno-use-cxa-atexit  -fno-threadsafe-statics -fno-use-cxa-atexit -D__CLANG_3_1__ -DAESL_SYN -D__SYNTHESIS__ -D__HLS_SYN__ -I "/tools/Xilinx/Vivado/2019.1/common/technology/autopilot" -I "/tools/Xilinx/Vivado/2019.1/common/technology/autopilot/ap_sysc" -include etc/autopilot_ssdm_op.h -D__DSP48E1__  "/home/nevarez/work/vivado/hls/sbs_fixedpoint_spike/sbs_fixedpoint_spike/.autopilot/db/sbs_fixedpoint_spike.pp.0.cpp"  -o "/home/nevarez/work/vivado/hls/sbs_fixedpoint_spike/sbs_fixedpoint_spike/.autopilot/db/useless.bc"  
INFO-FLOW: exec /tools/Xilinx/Vivado/2019.1/lnx64/tools/clang/bin/clang -fno-limit-debug-info -gcc-toolchain /tools/Xilinx/Vivado/2019.1/lnx64/tools/gcc -hls -fno-math-errno -c -emit-llvm -O0 -mllvm -disable-llvm-optzns -fno-threadsafe-statics -fno-use-cxa-atexit -fno-threadsafe-statics -fno-use-cxa-atexit -D__CLANG_3_1__ -DAESL_SYN -D__SYNTHESIS__ -D__HLS_SYN__ -I /tools/Xilinx/Vivado/2019.1/common/technology/autopilot -I /tools/Xilinx/Vivado/2019.1/common/technology/autopilot/ap_sysc -include etc/autopilot_ssdm_op.h -D__DSP48E1__ /home/nevarez/work/vivado/hls/sbs_fixedpoint_spike/sbs_fixedpoint_spike/.autopilot/db/sbs_fixedpoint_spike.pp.0.cpp -o /home/nevarez/work/vivado/hls/sbs_fixedpoint_spike/sbs_fixedpoint_spike/.autopilot/db/useless.bc
Command       clang done; 1.54 sec.
INFO-FLOW: Done: GCC PP time: 3.4 seconds per iteration
Execute       source /tools/Xilinx/Vivado/2019.1/tps/tcl/tcllib1.11.1/yaml/huddle.tcl 
Execute       source /tools/Xilinx/Vivado/2019.1/tps/tcl/tcllib1.11.1/yaml/json2huddle.tcl 
Execute         source /tools/Xilinx/Vivado/2019.1/tps/tcl/tcllib1.11.1/try/try.tcl 
Execute       list_core -type functional_unit 
Execute       tidy_31 xilinx-systemc-detector /home/nevarez/work/vivado/hls/sbs_fixedpoint_spike/sbs_fixedpoint_spike/.autopilot/db/sbs_fixedpoint_spike.pp.0.cpp std=gnu++98 -directive=/home/nevarez/work/vivado/hls/sbs_fixedpoint_spike/sbs_fixedpoint_spike/.autopilot/db/.systemc_flag 
INFO-FLOW: exec /tools/Xilinx/Vivado/2019.1/lnx64/tools/clang-3.9-csynth/bin/tidy-3.1 -header-filter=.* -checks=-*,xilinx-systemc-detector -import-directive=/home/nevarez/work/vivado/hls/sbs_fixedpoint_spike/sbs_fixedpoint_spike/.autopilot/db/.systemc_flag -quiet -fix-errors /home/nevarez/work/vivado/hls/sbs_fixedpoint_spike/sbs_fixedpoint_spike/.autopilot/db/sbs_fixedpoint_spike.pp.0.cpp -- -std=gnu++98 -fhls -ferror-limit=0
Command       tidy_31 done; 0.43 sec.
INFO-FLOW: Running: tidy-3.1 CDT preprocess
Execute       tidy_31 xilinx-directive2pragma /home/nevarez/work/vivado/hls/sbs_fixedpoint_spike/sbs_fixedpoint_spike/.autopilot/db/sbs_fixedpoint_spike.pp.0.cpp std=gnu++98 -directive=/home/nevarez/work/vivado/hls/sbs_fixedpoint_spike/sbs_fixedpoint_spike/.autopilot/db/all.directive.json 
INFO-FLOW: exec /tools/Xilinx/Vivado/2019.1/lnx64/tools/clang-3.9-csynth/bin/tidy-3.1 -header-filter=.* -checks=-*,xilinx-directive2pragma -import-directive=/home/nevarez/work/vivado/hls/sbs_fixedpoint_spike/sbs_fixedpoint_spike/.autopilot/db/all.directive.json -quiet -fix-errors /home/nevarez/work/vivado/hls/sbs_fixedpoint_spike/sbs_fixedpoint_spike/.autopilot/db/sbs_fixedpoint_spike.pp.0.cpp -- -std=gnu++98 -fhls -ferror-limit=0
Command       tidy_31 done; 0.43 sec.
Execute       get_config_dataflow -strict_mode 
Execute       ap_eval exec -ignorestderr /tools/Xilinx/Vivado/2019.1/lnx64/tools/clang-3.9-csynth/bin/xilinx-dataflow-lawyer -export-fixes=/home/nevarez/work/vivado/hls/sbs_fixedpoint_spike/sbs_fixedpoint_spike/.autopilot/db/xilinx-dataflow-lawyer.sbs_fixedpoint_spike.pp.0.cpp.diag.yml /home/nevarez/work/vivado/hls/sbs_fixedpoint_spike/sbs_fixedpoint_spike/.autopilot/db/sbs_fixedpoint_spike.pp.0.cpp -- -std=gnu++98 -fhls -ferror-limit=0 -fstrict-dataflow > /home/nevarez/work/vivado/hls/sbs_fixedpoint_spike/sbs_fixedpoint_spike/.autopilot/db/xilinx-dataflow-lawyer.sbs_fixedpoint_spike.pp.0.cpp.out.log 2> /home/nevarez/work/vivado/hls/sbs_fixedpoint_spike/sbs_fixedpoint_spike/.autopilot/db/xilinx-dataflow-lawyer.sbs_fixedpoint_spike.pp.0.cpp.err.log 
Command       ap_eval done; 0.49 sec.
Execute       tidy_31 -errorcheck xilinx-constantarray-param,xilinx-resource-pragma-transformer,xilinx-xfmat-array-geometry /home/nevarez/work/vivado/hls/sbs_fixedpoint_spike/sbs_fixedpoint_spike/.autopilot/db/sbs_fixedpoint_spike.pp.0.cpp std=gnu++98 
Execute         ap_eval exec -ignorestderr /tools/Xilinx/Vivado/2019.1/lnx64/tools/clang-3.9-csynth/bin/tidy-3.1 -export-fixes=/home/nevarez/work/vivado/hls/sbs_fixedpoint_spike/sbs_fixedpoint_spike/.autopilot/db/tidy-3.1.sbs_fixedpoint_spike.pp.0.cpp.diag.yml -header-filter=.* -checks=-*,xilinx-constantarray-param,xilinx-resource-pragma-transformer,xilinx-xfmat-array-geometry -quiet -fix-errors /home/nevarez/work/vivado/hls/sbs_fixedpoint_spike/sbs_fixedpoint_spike/.autopilot/db/sbs_fixedpoint_spike.pp.0.cpp -- -std=gnu++98 -fhls -ferror-limit=0 > /home/nevarez/work/vivado/hls/sbs_fixedpoint_spike/sbs_fixedpoint_spike/.autopilot/db/tidy-3.1.sbs_fixedpoint_spike.pp.0.cpp.out.log 2> /home/nevarez/work/vivado/hls/sbs_fixedpoint_spike/sbs_fixedpoint_spike/.autopilot/db/tidy-3.1.sbs_fixedpoint_spike.pp.0.cpp.err.log 
Command         ap_eval done; 0.52 sec.
Execute         ap_eval exec -ignorestderr /tools/Xilinx/Vivado/2019.1/lnx64/tools/clang-3.9-csynth/bin/xilinx-legacy-rewriter /home/nevarez/work/vivado/hls/sbs_fixedpoint_spike/sbs_fixedpoint_spike/.autopilot/db/sbs_fixedpoint_spike.pp.0.cpp -- -std=gnu++98 -fhls -ferror-limit=0 > /home/nevarez/work/vivado/hls/sbs_fixedpoint_spike/sbs_fixedpoint_spike/.autopilot/db/xilinx-legacy-rewriter.sbs_fixedpoint_spike.pp.0.cpp.out.log 2> /home/nevarez/work/vivado/hls/sbs_fixedpoint_spike/sbs_fixedpoint_spike/.autopilot/db/xilinx-legacy-rewriter.sbs_fixedpoint_spike.pp.0.cpp.err.log 
Command         ap_eval done; 0.48 sec.
Command       tidy_31 done; 1.01 sec.
INFO-FLOW: Done: tidy-3.1 CDT preprocess time: 1.9 seconds per iteration
INFO-FLOW: Pragma Handling...
Execute       tidy_31 xilinx-ssdm-intrinsics-arguments /home/nevarez/work/vivado/hls/sbs_fixedpoint_spike/sbs_fixedpoint_spike/.autopilot/db/sbs_fixedpoint_spike.pragma.1.cpp std=gnu++98 
INFO-FLOW: exec /tools/Xilinx/Vivado/2019.1/lnx64/tools/clang-3.9-csynth/bin/tidy-3.1 -header-filter=.* -checks=-*,xilinx-ssdm-intrinsics-arguments -quiet -fix-errors /home/nevarez/work/vivado/hls/sbs_fixedpoint_spike/sbs_fixedpoint_spike/.autopilot/db/sbs_fixedpoint_spike.pragma.1.cpp -- -std=gnu++98 -fhls -ferror-limit=0
Command       tidy_31 done; 0.81 sec.
Execute       ap_part_info -name xc7z020-clg400-1 -data info 
INFO-FLOW: Processing labels
Execute       clang -src /home/nevarez/work/vivado/hls/sbs_fixedpoint_spike/sbs_fixedpoint_spike/.autopilot/db/sbs_fixedpoint_spike.pragma.2.cpp  -fno-limit-debug-info -gcc-toolchain /tools/Xilinx/Vivado/2019.1/lnx64/tools/gcc -hls -hls-analyze-label -hls-analyze-pragma -fno-exceptions  -D__llvm__  -w  "/home/nevarez/work/vivado/hls/sbs_fixedpoint_spike/sbs_fixedpoint_spike/.autopilot/db/sbs_fixedpoint_spike.pragma.2.cpp"    -fno-math-errno -c -emit-llvm -O0  -mllvm -disable-llvm-optzns -fno-threadsafe-statics  -fno-use-cxa-atexit -DAESL_SYN -D__SYNTHESIS__ -D__HLS_SYN__ -I "/tools/Xilinx/Vivado/2019.1/common/technology/autopilot" -I "/tools/Xilinx/Vivado/2019.1/common/technology/autopilot/ap_sysc" -include etc/autopilot_ssdm_op.h -D__DSP48E1__ -g -o "/home/nevarez/work/vivado/hls/sbs_fixedpoint_spike/sbs_fixedpoint_spike/.autopilot/db/sbs_fixedpoint_spike.bc" 
INFO-FLOW: exec /tools/Xilinx/Vivado/2019.1/lnx64/tools/clang/bin/clang -fno-limit-debug-info -gcc-toolchain /tools/Xilinx/Vivado/2019.1/lnx64/tools/gcc -hls -hls-analyze-label -hls-analyze-pragma -fno-exceptions -D__llvm__ -w /home/nevarez/work/vivado/hls/sbs_fixedpoint_spike/sbs_fixedpoint_spike/.autopilot/db/sbs_fixedpoint_spike.pragma.2.cpp -fno-math-errno -c -emit-llvm -O0 -mllvm -disable-llvm-optzns -fno-threadsafe-statics -fno-use-cxa-atexit -DAESL_SYN -D__SYNTHESIS__ -D__HLS_SYN__ -I /tools/Xilinx/Vivado/2019.1/common/technology/autopilot -I /tools/Xilinx/Vivado/2019.1/common/technology/autopilot/ap_sysc -include etc/autopilot_ssdm_op.h -D__DSP48E1__ -g -o /home/nevarez/work/vivado/hls/sbs_fixedpoint_spike/sbs_fixedpoint_spike/.autopilot/db/sbs_fixedpoint_spike.bc
Command       clang done; 1.56 sec.
INFO-FLOW: Linking Debug ...
Execute       llvm-ld /home/nevarez/work/vivado/hls/sbs_fixedpoint_spike/sbs_fixedpoint_spike/.autopilot/db/sbs_fixedpoint_spike.g.bc -hls-opt -except-internalize sbs_fixedpoint_spike -L/tools/Xilinx/Vivado/2019.1/lnx64/lib -lhlsm -lhlsmc++ -o /home/nevarez/work/vivado/hls/sbs_fixedpoint_spike/sbs_fixedpoint_spike/.autopilot/db/a.g 
Command       llvm-ld done; 0.65 sec.
INFO: [HLS 200-111] Finished Linking Time (s): cpu = 00:00:09 ; elapsed = 00:00:10 . Memory (MB): peak = 895.164 ; gain = 194.969 ; free physical = 353 ; free virtual = 11999
INFO: [HLS 200-111] Finished Checking Pragmas Time (s): cpu = 00:00:09 ; elapsed = 00:00:10 . Memory (MB): peak = 895.164 ; gain = 194.969 ; free physical = 353 ; free virtual = 11999
Execute       get_config_sdx -target 
Execute       opt_and_import_c a -opt_level=2 -skip_syncheck=0 -ng=0 -keep_printf=0 
Execute         cleanup_all_models 
INFO: [HLS 200-10] Starting code transformations ...
Execute         transform -promote-dbg-pointer /home/nevarez/work/vivado/hls/sbs_fixedpoint_spike/sbs_fixedpoint_spike/.autopilot/db/a.pp.bc -o /home/nevarez/work/vivado/hls/sbs_fixedpoint_spike/sbs_fixedpoint_spike/.autopilot/db/a.pp.0.bc -f 
Execute         llvm-ld /home/nevarez/work/vivado/hls/sbs_fixedpoint_spike/sbs_fixedpoint_spike/.autopilot/db/a.pp.0.bc -disable-opt -L/tools/Xilinx/Vivado/2019.1/lnx64/lib -lfloatconversion -o /home/nevarez/work/vivado/hls/sbs_fixedpoint_spike/sbs_fixedpoint_spike/.autopilot/db/a.g.0 
Command         llvm-ld done; 0.64 sec.
INFO-FLOW: Running Standard Transforms...
Execute         transform -hls -share-std-xform -demangle-name -inline-byval-memcpy -always-inline -promote-dbg-pointer -interface-preproc -mem2reg -scalarrepl -mem2reg -keep-read-access -instcombine -dce -promote-dbg-pointer -bitop-raise -loop-simplify -indvarspre -indvars -loop-simplify -xunroll -constprop -instcombine -simplifycfg -indvars -simplifycfg -dce -globaldce -basicaa -simplifycfg -mem2reg -globalopt -global-constprop -deadargelim -instcombine -simplifycfg -prune-eh -simplifycfg -scalarrepl -instcombine -reassociate -licm -simplifycfg -loop-simplify -indvars -instcombine -simplifycfg -mem2reg -loop-simplify -indvars -instcombine -gvn -gvn -instcombine -adce -break-crit-edges -simplifycfg -loop-delete -global-array-opt -dce -dse -adce -find-syn-modules -top sbs_fixedpoint_spike -deadargelim -mem2reg -instcombine -dce -presyn-prepare -auto-rom-infer -interface-preproc -syn-check -check-rec-only -find-region -simplifycfg -func-extr -function-inline -globaldce -mem2reg -instcombine -dce -gvn -globaldce -adce -adse -constprop -instcombine -bit-constprop -instcombine -dce -simplifycfg -bitop-raise -simplifycfg -dce -loop-delete -reassociate -globalopt -global-privatize -mem2reg -dce -global-constprop -pointer-simplify -constprop -dce -func-inst -deadargelim -auto-shift-reg-idiom -promote-dbg-pointer -norm-name /home/nevarez/work/vivado/hls/sbs_fixedpoint_spike/sbs_fixedpoint_spike/.autopilot/db/a.g.0.bc -o /home/nevarez/work/vivado/hls/sbs_fixedpoint_spike/sbs_fixedpoint_spike/.autopilot/db/a.g.1.bc -f -phase std-opt 
INFO: [HLS 200-111] Finished Standard Transforms Time (s): cpu = 00:00:10 ; elapsed = 00:00:11 . Memory (MB): peak = 895.164 ; gain = 194.969 ; free physical = 372 ; free virtual = 12032
INFO: [HLS 200-10] Checking synthesizability ...
INFO-FLOW: Checking Synthesizability 1/2..
Execute         transform -hls -syn-check -check-rec-only -disaggr -scalarrepl -norm-name -dce -mem2reg -instcombine -function-uniquify -directive-preproc -mem2reg -dse -dce -auto-rom-infer -dce -pag -array-normalize -instcombine -dce -warn-fifo-pointer -array-seg-normalize -instcombine -dce -array-flatten -instcombine -dce -array-burst -dce -deadargelim -promote-global-argument -simplifycfg -mem2reg -globaldce -dce -deadargelim -dce -instcombine -function-inline -globaldce -dce -doublePtrSimplify -doublePtrElim -dce -doublePtrSimplify -promote-dbg-pointer -dce -scalarrepl -dse -adse -instcombine -ptrLegalization -simplifycfg -dce -instcombine -pointer-simplify -ptrArgReplace -dce -instcombine -resolve-double-ptr -disaggr -scalarrepl -norm-name -dce -mem2reg -instcombine -ptrLegalization -simplifycfg -deadargelim -instcombine -dce -inst-simplify -function-uniquify -directive-preproc -mem2reg -dse -dce -globaldce -check-dspbuiltin /home/nevarez/work/vivado/hls/sbs_fixedpoint_spike/sbs_fixedpoint_spike/.autopilot/db/a.g.1.bc -o /home/nevarez/work/vivado/hls/sbs_fixedpoint_spike/sbs_fixedpoint_spike/.autopilot/db/a.g.2.prechk.bc -f 
INFO-FLOW: Checking Synthesizability 2/2..
Execute         transform -syn-check /home/nevarez/work/vivado/hls/sbs_fixedpoint_spike/sbs_fixedpoint_spike/.autopilot/db/a.g.2.prechk.bc -o /home/nevarez/work/vivado/hls/sbs_fixedpoint_spike/sbs_fixedpoint_spike/.autopilot/db/a.g.2.bc -f -phase syn-check 
INFO: [HLS 200-111] Finished Checking Synthesizability Time (s): cpu = 00:00:10 ; elapsed = 00:00:11 . Memory (MB): peak = 895.164 ; gain = 194.969 ; free physical = 370 ; free virtual = 12030
INFO-FLOW: Compiler optimizing ...
INFO-FLOW: Share syncheck's 1.bc for syn flow: copy /home/nevarez/work/vivado/hls/sbs_fixedpoint_spike/sbs_fixedpoint_spike/.autopilot/db/a.g.1.bc to /home/nevarez/work/vivado/hls/sbs_fixedpoint_spike/sbs_fixedpoint_spike/.autopilot/db/a.o.1.bc
INFO-FLOW: Presyn 1...
Execute         transform -hls -tmp /home/nevarez/work/vivado/hls/sbs_fixedpoint_spike/sbs_fixedpoint_spike/.autopilot/db -interface-port-rename -type-info -function-uniquify -directive-preproc -mem2reg -dse -dce -disaggr -scalarrepl -norm-name -deadargelim -mem2reg -instcombine -dce -simplifycfg -auto-rom-infer -dce -function-uniquify -resource-proc -clib-intrinsic-prepare -dce -func-buffer -dce -pag -array-normalize -func-legal -instcombine -gvn -constprop -dce -simplifycfg -mem2reg -globaldce -resolve-double-ptr -dce -deadargelim -dce -instcombine -ptrArgReplace -mem2reg -dce -array-seg-normalize -deadargelim -instcombine -dce -pointer-simplify -dce -port-alignment -dce -interface-preproc -data-pack -instcombine -dce -basicaa -aggr-aa -aggrmodref-aa -aggr-aa -gvn -gvn -basicaa -aggr-aa -aggrmodref-aa -aggr-aa -dse -adse -adce -loop-simplify -indvars -instcombine -gvn -loop-simplify -mem2reg -dce -find-region -instcombine -auto-loop-pipeline -inst-simplify -interface-preproc -cfgopt -instcombine -indvars -auto-loop-unroll -loop-simplify -loop-bound -xunroll -constprop -instcombine -simplifycfg -indvars -simplifycfg -dce -globaldce -clean-region -attach-range -gvn -inst-simplify -constprop -simplifycfg -dce -pointer-simplify -dce -globalopt -constprop -dce -array-promote -constprop -dce -ptrArgReplace -mem2reg -simplifycfg -dce -auto-par -instcombine -dce -array-transform-check -array-reshape -instcombine -simplifycfg -dce -ptrArgReplace -deadargelim -mem2reg -instcombine -simplifycfg -dce -indvars -loop-simplify -loop-bound -xunroll -constprop -instcombine -simplifycfg -indvars -simplifycfg -dce -globaldce -basicaa -aggr-aa -aggrmodref-aa -aggr-aa -dse -duplicate-dataflow-processes -globaldce -instcombine -array-partition -instcombine -simplifycfg -dce -ptrArgReplace -global-constprop -deadargelim -mem2reg -func-legal -dce -global-constprop -deadargelim -mem2reg -simplifycfg -dce -merge-param -deadargelim -globalopt -constprop -dce -array-promote -constprop -dce -ptrArgReplace -mem2reg -simplifycfg -dce -mem-intrinsic-preproc -dce -global-internalize -global-privatize -mem2reg -globaldce -promote-global-argument -ptrArgReplace -mem2reg -dce -globalopt -mergereturn -simplify-global-access -mem2reg -dce -pointer-simplify -dce -functionattrs -basicaa -aggr-aa -aggrmodref-aa -aggr-aa -gvn -gvn -basicaa -aggr-aa -aggrmodref-aa -aggr-aa -dse -adse -adce -dce -norm-name -function-inline -complex-op-raise -inst-simplify -globaldce -func-inst -constprop -instcombine -simplifycfg -dce -func-legal -dce -loop-bound -arraycheck -bitwidthmin -on-by-dataflow -loop-delete -instcombine -simplifycfg -globaldce -dce -gvn -deadargelim -dce -loop-simplify -clean-region -simplifycfg -propagate-stable-arguments -loop-stream -instcombine -simplifycfg -dce -globaldce -duplicate-dataflow-processes -stream-intrinsic-preproc -dce -check-ap-stream -loop-simplify -eliminate-keepreads -extract-dataflow-in-loop -loop-simplify -dce -gvn -deadargelim -dse -check-dataflow-syntax -legalize-stream-variable -legalize-global -extract-subproc -dce -dead-channel-elimination -canonicalize-gep -globaldce -dce -gvn -deadargelim -annotate-dataflow-channels -scalar-propagation -deadargelim -globaldce -mem2reg -check-dataflow-channels -function-stream -dce -globaldce -prop-fifo-spec -internal-stream-gen -canonicalize-gep -globaldce -dce -gvn -deadargelim -mergereturn -indvars -loop-simplify -instcombine -array-stream -array-seg-normalize -array-partition -func-legal -instcombine -simplifycfg -dce -bundle-memfifo-ops -deadargelim -function-uniquify -directive-preproc -mem2reg -dse -dce -group-axi-access -licm -simplifycfg -dce -loop-delete -norm-name /home/nevarez/work/vivado/hls/sbs_fixedpoint_spike/sbs_fixedpoint_spike/.autopilot/db/a.o.1.bc -o /home/nevarez/work/vivado/hls/sbs_fixedpoint_spike/sbs_fixedpoint_spike/.autopilot/db/a.o.1.tmp.bc -f 
INFO: [XFORM 203-502] Unrolling all sub-loops inside loop 'Loop-1' (../../GITHUB/app-framework-baremetal/libs/sbs_neural_network/systemc/sbs_fixedpoint_spike.cpp:26) in function 'sbs_fixedpoint_spike' for pipelining.
WARNING: [XFORM 203-503] Cannot unroll loop 'Loop-1.1' (../../GITHUB/app-framework-baremetal/libs/sbs_neural_network/systemc/sbs_fixedpoint_spike.cpp:40) in function 'sbs_fixedpoint_spike': cannot completely unroll a loop with a variable trip count.
Command         transform done; 0.13 sec.
INFO-FLOW: Presyn 2...
Execute         transform -hls -keep-callgraph -scalarrepl -mem2reg -port-alignment -attach-range -dce -pipe-mux-gen -indvars -loop-bound -inst-simplify -instcombine -dce -merge-array-access -mem2reg -dce -clean-region -mergereturn -if-conv -instcombine -dce -constprop -basicaa -aggr-aa -aggrmodref-aa -aggr-aa -gvn -gvn -basicaa -aggr-aa -aggrmodref-aa -aggr-aa -dse -adse -adce -scalarrepl -mem2reg -global-constprop -deadargelim -deadargelim -instcombine -dce -simplifycfg -ptrArgReplace -mem2reg -function-inline -globaldce -mem2reg -instcombine -dce -expr-balance -instcombine -dce -bitwidthmin -interface-preproc -directive-preproc -inst-rectify -instcombine -dce -functionattrs -constprop -instcombine -bit-constprop -simplify-global-access -globalopt -globaldce -inst-simplify -instcombine -elimdeaddata -dce -loop-delete -simplifycfg -loop-simplify -auto-burst -norm-name /home/nevarez/work/vivado/hls/sbs_fixedpoint_spike/sbs_fixedpoint_spike/.autopilot/db/a.o.1.tmp.bc -o /home/nevarez/work/vivado/hls/sbs_fixedpoint_spike/sbs_fixedpoint_spike/.autopilot/db/a.o.2.bc -f -phase presyn 
INFO: [HLS 200-111] Finished Pre-synthesis Time (s): cpu = 00:00:10 ; elapsed = 00:00:11 . Memory (MB): peak = 895.164 ; gain = 194.969 ; free physical = 327 ; free virtual = 11997
INFO-FLOW: Building ssdm...
Execute         transform -hls -function-uniquify -auto-function-inline -globaldce -ptrArgReplace -mem2reg -dce -reset-lda -loop-simplify -indvars -licm -loop-dep -loop-bound -licm -loop-simplify -flattenloopnest -array-flatten -gvn -instcombine -dce -array-map -dce -func-legal -gvn -adce -instcombine -cfgopt -simplifycfg -loop-simplify -array-burst -promote-global-argument -dce -ptrLegalization -axi4-lower -array-seg-normalize -basicaa -aggrmodref-aa -globalsmodref-aa -aggr-aa -gvn -gvn -basicaa -aggrmodref-aa -globalsmodref-aa -aggr-aa -dse -adse -adce -licm -inst-simplify -dce -globaldce -instcombine -array-stream -eliminate-keepreads -instcombine -dce -deadargelim -doublePtrSimplify -doublePtrElim -dce -doublePtrSimplify -promote-dbg-pointer -dce -scalarrepl -mem2reg -disaggr -norm-name -mem2reg -instcombine -dse -adse -adce -ptrLegalization -dce -auto-rom-infer -array-flatten -dce -instcombine -check-doubleptr -loop-rot -constprop -cfgopt -simplifycfg -loop-simplify -indvars -pointer-simplify -dce -loop-bound -loop-simplify -loop-preproc -constprop -global-constprop -gvn -mem2reg -instcombine -dce -loop-bound -loop-merge -dce -bitwidthmin -deadargelim -dce -canonicalize-dataflow -dce -scalar-propagation -deadargelim -globaldce -mem2reg -read-loop-dep -interface-preproc -directive-preproc -interface-gen -bram-byte-enable -deadargelim -inst-simplify -dce -gvn -mem2reg -instcombine -dce -adse -loop-bound -instcombine -cfgopt -simplifycfg -loop-simplify -clean-region -io-protocol -find-region -mem2reg -bitop-raise -complex-op-raise -inst-simplify -inst-rectify -instcombine -adce -deadargelim -loop-simplify -phi-opt -bitop-raise -cfgopt -simplifycfg -strip-dead-prototypes -interface-lower -bitop-lower -intrinsic-lower -auto-function-inline -basicaa -aggrmodref-aa -globalsmodref-aa -aggr-aa -inst-simplify -simplifycfg -loop-simplify -mergereturn -inst-simplify -inst-rectify -dce -load-elim -bitop-lower -loop-rewind -pointer-simplify -dce -cfgopt -dce -loop-bound -loop-dep -read-loop-dep -dce -check-stream -norm-name -legalize -validate-dataflow -inst-clarity -bitwidth -dump-loop-dep-to-ir -check-all-ssdm -cdfg-build /home/nevarez/work/vivado/hls/sbs_fixedpoint_spike/sbs_fixedpoint_spike/.autopilot/db/a.o.2.bc -o /home/nevarez/work/vivado/hls/sbs_fixedpoint_spike/sbs_fixedpoint_spike/.autopilot/db/a.o.3.bc -f -phase build-ssdm 
WARNING: [XFORM 203-542] Cannot flatten a loop nest 'Loop-1' (../../GITHUB/app-framework-baremetal/libs/sbs_neural_network/systemc/sbs_fixedpoint_spike.cpp:26:8) in function 'sbs_fixedpoint_spike' : 

the outer loop is not a perfect loop because there is nontrivial logic in the loop header.
INFO: [HLS 200-111] Finished Architecture Synthesis Time (s): cpu = 00:00:10 ; elapsed = 00:00:11 . Memory (MB): peak = 895.164 ; gain = 194.969 ; free physical = 315 ; free virtual = 11989
INFO-FLOW: Finish building internal data model.
Command       opt_and_import_c done; 1.09 sec.
Command     elaborate done; 9.99 sec.
Execute     autosyn -from_csynth_design=1 
INFO: [HLS 200-10] Starting hardware synthesis ...
INFO-FLOW: Synthesizing C/C++ design ...
INFO: [HLS 200-10] Synthesizing 'sbs_fixedpoint_spike' ...
Execute       ap_set_top_model sbs_fixedpoint_spike 
Execute       get_model_list sbs_fixedpoint_spike -filter all-wo-channel -topdown 
Execute       preproc_iomode -model sbs_fixedpoint_spike 
Execute       get_model_list sbs_fixedpoint_spike -filter all-wo-channel 
INFO-FLOW: Model list for configure: sbs_fixedpoint_spike
INFO-FLOW: Configuring Module : sbs_fixedpoint_spike ...
Execute       set_default_model sbs_fixedpoint_spike 
Execute       apply_spec_resource_limit sbs_fixedpoint_spike 
INFO-FLOW: Model list for preprocess: sbs_fixedpoint_spike
INFO-FLOW: Preprocessing Module: sbs_fixedpoint_spike ...
Execute       set_default_model sbs_fixedpoint_spike 
Execute       cdfg_preprocess -model sbs_fixedpoint_spike 
Execute       rtl_gen_preprocess sbs_fixedpoint_spike 
INFO-FLOW: Model list for synthesis: sbs_fixedpoint_spike
INFO: [HLS 200-10] ----------------------------------------------------------------
INFO: [HLS 200-42] -- Implementing module 'sbs_fixedpoint_spike' 
INFO: [HLS 200-10] ----------------------------------------------------------------
Execute       set_default_model sbs_fixedpoint_spike 
Execute       schedule -model sbs_fixedpoint_spike 
INFO: [SCHED 204-11] Starting scheduling ...
WARNING: [SCHED 204-65] Unable to satisfy pipeline directive: Loop contains subloop(s) not being unrolled or flattened.
WARNING: [SCHED 204-21] Estimated clock period (4.732ns) exceeds the target (target clock period: 4ns, clock uncertainty: 0.5ns, effective delay budget: 3.5ns).
WARNING: [SCHED 204-21] The critical path in module 'sbs_fixedpoint_spike' consists of the following:
	'icmp' operation ('icmp_ln43', ../../GITHUB/app-framework-baremetal/libs/sbs_neural_network/systemc/sbs_fixedpoint_spike.cpp:43) [92]  (2.78 ns)
	blocking operation 1.96 ns on control path)
INFO: [SCHED 204-11] Finished scheduling.
INFO: [HLS 200-111]  Elapsed time: 11.18 seconds; current allocated memory: 113.141 MB.
Execute       syn_report -verbosereport -o /home/nevarez/work/vivado/hls/sbs_fixedpoint_spike/sbs_fixedpoint_spike/.autopilot/db/sbs_fixedpoint_spike.verbose.sched.rpt 
INFO: [HLS 200-434] Only 0 loops out of a total 2 loops have been pipelined in this design.
Execute       db_write -o /home/nevarez/work/vivado/hls/sbs_fixedpoint_spike/sbs_fixedpoint_spike/.autopilot/db/sbs_fixedpoint_spike.sched.adb -f 
INFO-FLOW: Finish scheduling sbs_fixedpoint_spike.
Execute       set_default_model sbs_fixedpoint_spike 
Execute       bind -model sbs_fixedpoint_spike 
BIND OPTION: model=sbs_fixedpoint_spike
INFO: [BIND 205-100] Starting micro-architecture generation ...
INFO: [BIND 205-101] Performing variable lifetime analysis.
INFO: [BIND 205-101] Exploring resource sharing.
INFO: [BIND 205-101] Binding ...
INFO: [BIND 205-100] Finished micro-architecture generation.
INFO: [HLS 200-111]  Elapsed time: 0.04 seconds; current allocated memory: 113.615 MB.
Execute       syn_report -verbosereport -o /home/nevarez/work/vivado/hls/sbs_fixedpoint_spike/sbs_fixedpoint_spike/.autopilot/db/sbs_fixedpoint_spike.verbose.bind.rpt 
Execute       db_write -o /home/nevarez/work/vivado/hls/sbs_fixedpoint_spike/sbs_fixedpoint_spike/.autopilot/db/sbs_fixedpoint_spike.bind.adb -f 
INFO-FLOW: Finish binding sbs_fixedpoint_spike.
Execute       get_model_list sbs_fixedpoint_spike -filter all-wo-channel 
INFO-FLOW: Preprocessing for RTLGen ...
Execute       rtl_gen_preprocess sbs_fixedpoint_spike 
INFO-FLOW: Model list for RTL generation: sbs_fixedpoint_spike
INFO: [HLS 200-10] ----------------------------------------------------------------
INFO: [HLS 200-10] -- Generating RTL for module 'sbs_fixedpoint_spike' 
INFO: [HLS 200-10] ----------------------------------------------------------------
Execute       get_config_rtl -module_prefix 
Execute       get_config_rtl -module_auto_prefix 
Execute       create_rtl_model sbs_fixedpoint_spike -vendor xilinx -mg_file /home/nevarez/work/vivado/hls/sbs_fixedpoint_spike/sbs_fixedpoint_spike/.autopilot/db/sbs_fixedpoint_spike.compgen.tcl 
INFO: [RTGEN 206-500] Setting interface mode on port 'sbs_fixedpoint_spike/stream_in_V_data_V' to 'axis' (register, both mode).
INFO: [RTGEN 206-500] Setting interface mode on port 'sbs_fixedpoint_spike/stream_in_V_keep_V' to 'axis' (register, both mode).
INFO: [RTGEN 206-500] Setting interface mode on port 'sbs_fixedpoint_spike/stream_in_V_strb_V' to 'axis' (register, both mode).
INFO: [RTGEN 206-500] Setting interface mode on port 'sbs_fixedpoint_spike/stream_in_V_user_V' to 'axis' (register, both mode).
INFO: [RTGEN 206-500] Setting interface mode on port 'sbs_fixedpoint_spike/stream_in_V_last_V' to 'axis' (register, both mode).
INFO: [RTGEN 206-500] Setting interface mode on port 'sbs_fixedpoint_spike/stream_in_V_id_V' to 'axis' (register, both mode).
INFO: [RTGEN 206-500] Setting interface mode on port 'sbs_fixedpoint_spike/stream_in_V_dest_V' to 'axis' (register, both mode).
INFO: [RTGEN 206-500] Setting interface mode on port 'sbs_fixedpoint_spike/stream_out_V_data_V' to 'axis' (register, both mode).
INFO: [RTGEN 206-500] Setting interface mode on port 'sbs_fixedpoint_spike/stream_out_V_keep_V' to 'axis' (register, both mode).
INFO: [RTGEN 206-500] Setting interface mode on port 'sbs_fixedpoint_spike/stream_out_V_strb_V' to 'axis' (register, both mode).
INFO: [RTGEN 206-500] Setting interface mode on port 'sbs_fixedpoint_spike/stream_out_V_user_V' to 'axis' (register, both mode).
INFO: [RTGEN 206-500] Setting interface mode on port 'sbs_fixedpoint_spike/stream_out_V_last_V' to 'axis' (register, both mode).
INFO: [RTGEN 206-500] Setting interface mode on port 'sbs_fixedpoint_spike/stream_out_V_id_V' to 'axis' (register, both mode).
INFO: [RTGEN 206-500] Setting interface mode on port 'sbs_fixedpoint_spike/stream_out_V_dest_V' to 'axis' (register, both mode).
INFO: [RTGEN 206-500] Setting interface mode on port 'sbs_fixedpoint_spike/layerSize' to 's_axilite & ap_none'.
INFO: [RTGEN 206-500] Setting interface mode on port 'sbs_fixedpoint_spike/vectorSize' to 's_axilite & ap_none'.
INFO: [RTGEN 206-500] Setting interface mode on function 'sbs_fixedpoint_spike' to 's_axilite & ap_ctrl_hs'.
WARNING: [RTGEN 206-101] Register 'ip_index' is power-on initialization.
WARNING: [RTGEN 206-101] Register 'channel_keep_V' is power-on initialization.
WARNING: [RTGEN 206-101] Register 'channel_strb_V' is power-on initialization.
WARNING: [RTGEN 206-101] Register 'channel_user_V' is power-on initialization.
WARNING: [RTGEN 206-101] Register 'channel_id_V' is power-on initialization.
WARNING: [RTGEN 206-101] Register 'channel_dest_V' is power-on initialization.
WARNING: [RTGEN 206-101] Register 'random_value' is power-on initialization.
WARNING: [RTGEN 206-101] Register 'sum' is power-on initialization.
INFO: [RTGEN 206-100] Bundling port 'return', 'layerSize' and 'vectorSize' to AXI-Lite port CRTL_BUS.
INFO: [RTGEN 206-100] Generating core module 'sbs_fixedpoint_spike_add_64ns_64ns_64_2_1': 1 instance(s).
INFO: [RTGEN 206-100] Finished creating RTL model for 'sbs_fixedpoint_spike'.
INFO: [HLS 200-111]  Elapsed time: 0.05 seconds; current allocated memory: 115.270 MB.
Execute       source /home/nevarez/work/vivado/hls/sbs_fixedpoint_spike/sbs_fixedpoint_spike/.autopilot/db/sbs_fixedpoint_spike.rtl_wrap.cfg.tcl 
Execute       gen_rtl sbs_fixedpoint_spike -istop -style xilinx -tracefl mytrace -tracefmt vcd -traceopt all -f -lang sc -o /home/nevarez/work/vivado/hls/sbs_fixedpoint_spike/sbs_fixedpoint_spike/syn/systemc/sbs_fixedpoint_spike -synmodules sbs_fixedpoint_spike 
Execute       gen_rtl sbs_fixedpoint_spike -istop -style xilinx -f -lang vhdl -o /home/nevarez/work/vivado/hls/sbs_fixedpoint_spike/sbs_fixedpoint_spike/syn/vhdl/sbs_fixedpoint_spike 
Execute       gen_rtl sbs_fixedpoint_spike -istop -style xilinx -f -lang vlog -o /home/nevarez/work/vivado/hls/sbs_fixedpoint_spike/sbs_fixedpoint_spike/syn/verilog/sbs_fixedpoint_spike 
Execute       syn_report -csynth -model sbs_fixedpoint_spike -o /home/nevarez/work/vivado/hls/sbs_fixedpoint_spike/sbs_fixedpoint_spike/syn/report/sbs_fixedpoint_spike_csynth.rpt 
Execute       syn_report -rtlxml -model sbs_fixedpoint_spike -o /home/nevarez/work/vivado/hls/sbs_fixedpoint_spike/sbs_fixedpoint_spike/syn/report/sbs_fixedpoint_spike_csynth.xml 
Execute       syn_report -verbosereport -model sbs_fixedpoint_spike -o /home/nevarez/work/vivado/hls/sbs_fixedpoint_spike/sbs_fixedpoint_spike/.autopilot/db/sbs_fixedpoint_spike.verbose.rpt 
Execute       db_write -model sbs_fixedpoint_spike -f -o /home/nevarez/work/vivado/hls/sbs_fixedpoint_spike/sbs_fixedpoint_spike/.autopilot/db/sbs_fixedpoint_spike.adb 
Execute       gen_tb_info sbs_fixedpoint_spike -p /home/nevarez/work/vivado/hls/sbs_fixedpoint_spike/sbs_fixedpoint_spike/.autopilot/db -o /home/nevarez/work/vivado/hls/sbs_fixedpoint_spike/sbs_fixedpoint_spike/.autopilot/db/sbs_fixedpoint_spike 
Execute       export_constraint_db -f -tool general -o /home/nevarez/work/vivado/hls/sbs_fixedpoint_spike/sbs_fixedpoint_spike/.autopilot/db/sbs_fixedpoint_spike.constraint.tcl 
Execute       syn_report -designview -model sbs_fixedpoint_spike -o /home/nevarez/work/vivado/hls/sbs_fixedpoint_spike/sbs_fixedpoint_spike/.autopilot/db/sbs_fixedpoint_spike.design.xml 
Execute       get_config_rtl -disable_wave_debug 
Execute       syn_report -wcfg -model sbs_fixedpoint_spike -o /home/nevarez/work/vivado/hls/sbs_fixedpoint_spike/sbs_fixedpoint_spike/.autopilot/db/sbs_fixedpoint_spike_dataflow_ana.wcfg 
Execute       syn_report -protoinst -model sbs_fixedpoint_spike -o /home/nevarez/work/vivado/hls/sbs_fixedpoint_spike/sbs_fixedpoint_spike/.autopilot/db/sbs_fixedpoint_spike.protoinst 
Execute       get_config_debug -directory 
Execute       sc_get_clocks sbs_fixedpoint_spike 
Execute       get_config_export -vivado_clock 
Execute       sc_get_portdomain sbs_fixedpoint_spike 
INFO-FLOW: Model list for RTL component generation: sbs_fixedpoint_spike
INFO-FLOW: Handling components in module [sbs_fixedpoint_spike] ... 
Execute       source /home/nevarez/work/vivado/hls/sbs_fixedpoint_spike/sbs_fixedpoint_spike/.autopilot/db/sbs_fixedpoint_spike.compgen.tcl 
INFO-FLOW: Found component sbs_fixedpoint_spike_add_64ns_64ns_64_2_1.
INFO-FLOW: Append model sbs_fixedpoint_spike_add_64ns_64ns_64_2_1
INFO-FLOW: Found component sbs_fixedpoint_spike_CRTL_BUS_s_axi.
INFO-FLOW: Append model sbs_fixedpoint_spike_CRTL_BUS_s_axi
INFO-FLOW: Append model sbs_fixedpoint_spike
INFO-FLOW: Generating RTL model list ...
INFO-FLOW: All models in this session: sbs_fixedpoint_spike_add_64ns_64ns_64_2_1 sbs_fixedpoint_spike_CRTL_BUS_s_axi sbs_fixedpoint_spike
INFO-FLOW: To file: write model sbs_fixedpoint_spike_add_64ns_64ns_64_2_1
INFO-FLOW: To file: write model sbs_fixedpoint_spike_CRTL_BUS_s_axi
INFO-FLOW: To file: write model sbs_fixedpoint_spike
INFO-FLOW: Finished generating RTL model list.


INFO-FLOW: RTL Generation done.
INFO-FLOW: CAS Generation done.
INFO-FLOW: CBC Generation done.
INFO-FLOW: DBG:CMD: auto_generate_csynth_design
INFO-FLOW: DBG:CMD:     auto_generate --sim-model -phase csynth_design -d /home/nevarez/work/vivado/hls/sbs_fixedpoint_spike/sbs_fixedpoint_spike
Execute       source /home/nevarez/work/vivado/hls/sbs_fixedpoint_spike/sbs_fixedpoint_spike/.autopilot/db/global.setting.tcl 
INFO-FLOW: DBG:CMD: read_platform_lib /home/nevarez/work/vivado/hls/sbs_fixedpoint_spike/sbs_fixedpoint_spike/.autopilot/db/global.setting.tcl
Execute       source /tools/Xilinx/Vivado/2019.1/common/technology/generic/autopilot/common.gen 
Execute         source /tools/Xilinx/Vivado/2019.1/common/technology/generic/autopilot/APCoreGen.gen 
Execute       source /tools/Xilinx/Vivado/2019.1/common/technology/generic/autopilot/op.gen 
Execute       source /tools/Xilinx/Vivado/2019.1/common/technology/generic/autopilot/op_simcore.gen 
Execute       source /tools/Xilinx/Vivado/2019.1/common/technology/generic/autopilot/interface.gen 
Execute       source /home/nevarez/work/vivado/hls/sbs_fixedpoint_spike/sbs_fixedpoint_spike/.autopilot/db/global.setting.tcl 
Execute       source /tools/Xilinx/Vivado/2019.1/common/technology/xilinx/zynq/zynq.gen 
Execute         source /tools/Xilinx/Vivado/2019.1/common/technology/xilinx/common/xilinx.gen 
Execute           source /tools/Xilinx/Vivado/2019.1/common/technology/xilinx/interface/plb46.gen 
Execute           source /tools/Xilinx/Vivado/2019.1/common/technology/xilinx/interface/fsl.gen 
Execute           source /tools/Xilinx/Vivado/2019.1/common/technology/xilinx/interface/axi4.gen 
Execute           source /tools/Xilinx/Vivado/2019.1/common/technology/xilinx/interface/nativeAXI4.gen 
Execute             source /tools/Xilinx/Vivado/2019.1/common/technology/xilinx/interface/saxilite.gen 
Execute             source /tools/Xilinx/Vivado/2019.1/common/technology/xilinx/interface/maxi.gen 
Execute           source /tools/Xilinx/Vivado/2019.1/common/technology/xilinx/scripts/xilinxcoregen.gen 
Execute           source /tools/Xilinx/Vivado/2019.1/common/technology/xilinx/interface/XilEDKCoreGen.gen 
Execute           source /tools/Xilinx/Vivado/2019.1/common/technology/xilinx/ip/dds_compiler.gen 
Execute           source /tools/Xilinx/Vivado/2019.1/common/technology/xilinx/ip/util.gen 
Execute           source /tools/Xilinx/Vivado/2019.1/common/technology/xilinx/ip/xfft.gen 
Execute           source /tools/Xilinx/Vivado/2019.1/common/technology/xilinx/ip/xfir.gen 
Execute           source /tools/Xilinx/Vivado/2019.1/common/technology/xilinx/common/dsp48.gen 
Execute       source /tools/Xilinx/Vivado/2019.1/common/technology/xilinx/zynq/zynq_fpv6.gen 
Execute         source /tools/Xilinx/Vivado/2019.1/common/technology/xilinx/common/xilinx_fp.gen 
INFO-FLOW: DBG:CMD:   using AESL_AUTOCG::g_clock_period=4.000 (was NA)
INFO-FLOW: DBG:CMD:       generate_ip_cores sim=1 export=0 expOnly=0 dstVlogDir=syn/verilog
Execute       source /home/nevarez/work/vivado/hls/sbs_fixedpoint_spike/sbs_fixedpoint_spike/.autopilot/db/global.setting.tcl 
Execute       ap_part_info -name xc7z020-clg400-1 -data names -quiet 
Execute       ap_part_info -name xc7z020-clg400-1 -data info -quiet 
Execute       source /home/nevarez/work/vivado/hls/sbs_fixedpoint_spike/sbs_fixedpoint_spike/.autopilot/db/global.setting.tcl 
Execute       source /home/nevarez/work/vivado/hls/sbs_fixedpoint_spike/sbs_fixedpoint_spike/.autopilot/db/global.setting.tcl 
Execute       source /home/nevarez/work/vivado/hls/sbs_fixedpoint_spike/sbs_fixedpoint_spike/.autopilot/db/sbs_fixedpoint_spike.compgen.tcl 
Execute         ap_part_info -name xc7z020-clg400-1 -data names -quiet 
Execute         ap_part_info -name xc7z020-clg400-1 -data info -quiet 
INFO: [RTMG 210-283] Generating pipelined adder/subtractor : 'sbs_fixedpoint_spike_add_64ns_64ns_64_2_1_AddSubnS_0'
Execute         source ./CRTL_BUS.slave.tcl 
Execute         is_m_axi_addr64 
INFO-FLOW: DBG:CMD:     auto_generate -export -impltomg_flag -rtl both -tool Vivado -pcore_version 1.00.a -phase csynth_design -d /home/nevarez/work/vivado/hls/sbs_fixedpoint_spike/sbs_fixedpoint_spike
Execute       source /home/nevarez/work/vivado/hls/sbs_fixedpoint_spike/sbs_fixedpoint_spike/.autopilot/db/global.setting.tcl 
INFO-FLOW: DBG:CMD: read_platform_lib /home/nevarez/work/vivado/hls/sbs_fixedpoint_spike/sbs_fixedpoint_spike/.autopilot/db/global.setting.tcl
Execute       source /tools/Xilinx/Vivado/2019.1/common/technology/generic/autopilot/common.gen 
Execute         source /tools/Xilinx/Vivado/2019.1/common/technology/generic/autopilot/APCoreGen.gen 
Execute       source /tools/Xilinx/Vivado/2019.1/common/technology/generic/autopilot/op.gen 
Execute       source /tools/Xilinx/Vivado/2019.1/common/technology/generic/autopilot/op_simcore.gen 
Execute       source /tools/Xilinx/Vivado/2019.1/common/technology/generic/autopilot/interface.gen 
Execute       source /home/nevarez/work/vivado/hls/sbs_fixedpoint_spike/sbs_fixedpoint_spike/.autopilot/db/global.setting.tcl 
Execute       source /tools/Xilinx/Vivado/2019.1/common/technology/xilinx/zynq/zynq.gen 
Execute         source /tools/Xilinx/Vivado/2019.1/common/technology/xilinx/common/xilinx.gen 
Execute           source /tools/Xilinx/Vivado/2019.1/common/technology/xilinx/interface/plb46.gen 
Execute           source /tools/Xilinx/Vivado/2019.1/common/technology/xilinx/interface/fsl.gen 
Execute           source /tools/Xilinx/Vivado/2019.1/common/technology/xilinx/interface/axi4.gen 
Execute           source /tools/Xilinx/Vivado/2019.1/common/technology/xilinx/interface/nativeAXI4.gen 
Execute             source /tools/Xilinx/Vivado/2019.1/common/technology/xilinx/interface/saxilite.gen 
Execute             source /tools/Xilinx/Vivado/2019.1/common/technology/xilinx/interface/maxi.gen 
Execute           source /tools/Xilinx/Vivado/2019.1/common/technology/xilinx/scripts/xilinxcoregen.gen 
Execute           source /tools/Xilinx/Vivado/2019.1/common/technology/xilinx/interface/XilEDKCoreGen.gen 
Execute           source /tools/Xilinx/Vivado/2019.1/common/technology/xilinx/ip/dds_compiler.gen 
Execute           source /tools/Xilinx/Vivado/2019.1/common/technology/xilinx/ip/util.gen 
Execute           source /tools/Xilinx/Vivado/2019.1/common/technology/xilinx/ip/xfft.gen 
Execute           source /tools/Xilinx/Vivado/2019.1/common/technology/xilinx/ip/xfir.gen 
Execute           source /tools/Xilinx/Vivado/2019.1/common/technology/xilinx/common/dsp48.gen 
Execute       source /tools/Xilinx/Vivado/2019.1/common/technology/xilinx/zynq/zynq_fpv6.gen 
Execute         source /tools/Xilinx/Vivado/2019.1/common/technology/xilinx/common/xilinx_fp.gen 
INFO-FLOW: DBG:CMD:       initCTypeInfo top_module=sbs_fixedpoint_spike xml_exists=0
Execute       source /home/nevarez/work/vivado/hls/sbs_fixedpoint_spike/sbs_fixedpoint_spike/.autopilot/db/sbs_fixedpoint_spike.rtl_wrap.cfg.tcl 
Execute       source /home/nevarez/work/vivado/hls/sbs_fixedpoint_spike/sbs_fixedpoint_spike/.autopilot/db/sbs_fixedpoint_spike.rtl_wrap.cfg.tcl 
Execute       source /home/nevarez/work/vivado/hls/sbs_fixedpoint_spike/sbs_fixedpoint_spike/.autopilot/db/sbs_fixedpoint_spike.rtl_wrap.cfg.tcl 
Execute       source /home/nevarez/work/vivado/hls/sbs_fixedpoint_spike/sbs_fixedpoint_spike/.autopilot/db/sbs_fixedpoint_spike.tbgen.tcl 
Execute       source /home/nevarez/work/vivado/hls/sbs_fixedpoint_spike/sbs_fixedpoint_spike/.autopilot/db/sbs_fixedpoint_spike.tbgen.tcl 
INFO-FLOW: DBG:CMD:       export_impl_rtl
INFO-FLOW: DBG:CMD:       generate_ip_cores sim=0 export=0 expOnly=0 dstVlogDir=impl/.verilog
Execute       source /home/nevarez/work/vivado/hls/sbs_fixedpoint_spike/sbs_fixedpoint_spike/.autopilot/db/global.setting.tcl 
Execute       source /home/nevarez/work/vivado/hls/sbs_fixedpoint_spike/sbs_fixedpoint_spike/.autopilot/db/sbs_fixedpoint_spike.compgen.tcl 
INFO-FLOW: DBG:CMD:       generate_ip_cores sim=0 export=1 expOnly=1 dstVlogDir=impl/.pcores/verilog
Execute       source /home/nevarez/work/vivado/hls/sbs_fixedpoint_spike/sbs_fixedpoint_spike/.autopilot/db/global.setting.tcl 
Execute       source /home/nevarez/work/vivado/hls/sbs_fixedpoint_spike/sbs_fixedpoint_spike/.autopilot/db/sbs_fixedpoint_spike.compgen.tcl 
Execute         ap_part_info -name xc7z020-clg400-1 -data names -quiet 
Execute         ap_part_info -name xc7z020-clg400-1 -data info -quiet 
Execute         ap_part_info -name xc7z020-clg400-1 -data names -quiet 
Execute         ap_part_info -name xc7z020-clg400-1 -data info -quiet 
Execute         ap_part_info -name xc7z020-clg400-1 -data names -quiet 
Execute         ap_part_info -name xc7z020-clg400-1 -data info -quiet 
Execute         ap_part_info -name xc7z020-clg400-1 -data names -quiet 
Execute         ap_part_info -name xc7z020-clg400-1 -data info -quiet 
Execute         ap_part_info -name xc7z020-clg400-1 -data names -quiet 
Execute         ap_part_info -name xc7z020-clg400-1 -data info -quiet 
Execute         ap_part_info -name xc7z020-clg400-1 -data names -quiet 
Execute         ap_part_info -name xc7z020-clg400-1 -data info -quiet 
Execute       ap_part_info -name xc7z020-clg400-1 -data names -quiet 
Execute       ap_part_info -name xc7z020-clg400-1 -data info -quiet 
INFO-FLOW: DBG:CMD:       generate_ip_cores sim=0 export=0 expOnly=0 dstVlogDir=impl/.pcores/verilog_sim
Execute       source /home/nevarez/work/vivado/hls/sbs_fixedpoint_spike/sbs_fixedpoint_spike/.autopilot/db/global.setting.tcl 
Execute       source /home/nevarez/work/vivado/hls/sbs_fixedpoint_spike/sbs_fixedpoint_spike/.autopilot/db/sbs_fixedpoint_spike.compgen.tcl 
Execute       ap_part_info -name xc7z020-clg400-1 -data names -quiet 
Execute       ap_part_info -name xc7z020-clg400-1 -data info -quiet 
Execute       ap_part_info -name xc7z020-clg400-1 -data names -quiet 
Execute       ap_part_info -name xc7z020-clg400-1 -data info -quiet 
Execute       source /home/nevarez/work/vivado/hls/sbs_fixedpoint_spike/sbs_fixedpoint_spike/.autopilot/db/global.setting.tcl 
Execute       ap_part_info -name xc7z020-clg400-1 -data names -quiet 
Execute       ap_part_info -name xc7z020-clg400-1 -data info -quiet 
Execute       source /home/nevarez/work/vivado/hls/sbs_fixedpoint_spike/sbs_fixedpoint_spike/.autopilot/db/sbs_fixedpoint_spike.constraint.tcl 
Execute       source /home/nevarez/work/vivado/hls/sbs_fixedpoint_spike/sbs_fixedpoint_spike/.autopilot/db/sbs_fixedpoint_spike.tbgen.tcl 
INFO-FLOW: DBG:CMD:       hasPcoreIpAdapter=false #gSsdmPorts=28
INFO-FLOW: DBG:CMD: Skipping loadAnalyze_DB, #g_database=16
INFO-FLOW: DBG:CMD:       generate_json is_phase_csynth=1 g_has_adaptors=false generate_bd_files=1 #modelList=3 #gSsdmPorts=28
Execute       source /tools/Xilinx/Vivado/2019.1/tps/tcl/tcllib1.11.1/fileutil/fileutil.tcl 
Execute         source /tools/Xilinx/Vivado/2019.1/tps/tcl/tcllib1.11.1/cmdline/cmdline.tcl 
Execute       source /home/nevarez/work/vivado/hls/sbs_fixedpoint_spike/sbs_fixedpoint_spike/.autopilot/db/global.setting.tcl 
Execute       source /home/nevarez/work/vivado/hls/sbs_fixedpoint_spike/sbs_fixedpoint_spike/.autopilot/db/global.setting.tcl 
Execute       get_config_export -xo 
Execute       source /home/nevarez/work/vivado/hls/sbs_fixedpoint_spike/sbs_fixedpoint_spike/.autopilot/db/sbs_fixedpoint_spike.tbgen.tcl 
Execute       source /home/nevarez/work/vivado/hls/sbs_fixedpoint_spike/sbs_fixedpoint_spike/.autopilot/db/sbs_fixedpoint_spike.compgen.dataonly.tcl 
Execute       source /home/nevarez/work/vivado/hls/sbs_fixedpoint_spike/sbs_fixedpoint_spike/.autopilot/db/sbs_fixedpoint_spike.compgen.dataonly.tcl 
Execute       source /home/nevarez/work/vivado/hls/sbs_fixedpoint_spike/sbs_fixedpoint_spike/.autopilot/db/sbs_fixedpoint_spike.tbgen.tcl 
Execute       source /home/nevarez/work/vivado/hls/sbs_fixedpoint_spike/sbs_fixedpoint_spike/.autopilot/db/sbs_fixedpoint_spike.tbgen.tcl 
Execute       source /home/nevarez/work/vivado/hls/sbs_fixedpoint_spike/sbs_fixedpoint_spike/.autopilot/db/sbs_fixedpoint_spike.tbgen.tcl 
Execute       source /home/nevarez/work/vivado/hls/sbs_fixedpoint_spike/sbs_fixedpoint_spike/.autopilot/db/sbs_fixedpoint_spike.tbgen.tcl 
Execute       source /home/nevarez/work/vivado/hls/sbs_fixedpoint_spike/sbs_fixedpoint_spike/.autopilot/db/sbs_fixedpoint_spike.tbgen.tcl 
Execute       source /home/nevarez/work/vivado/hls/sbs_fixedpoint_spike/sbs_fixedpoint_spike/.autopilot/db/sbs_fixedpoint_spike.tbgen.tcl 
Execute       source /home/nevarez/work/vivado/hls/sbs_fixedpoint_spike/sbs_fixedpoint_spike/.autopilot/db/sbs_fixedpoint_spike.tbgen.tcl 
Execute       source /home/nevarez/work/vivado/hls/sbs_fixedpoint_spike/sbs_fixedpoint_spike/.autopilot/db/global.setting.tcl 
Execute       get_config_sdx -target 
Execute       source /home/nevarez/work/vivado/hls/sbs_fixedpoint_spike/sbs_fixedpoint_spike/.autopilot/db/sbs_fixedpoint_spike.rtl_wrap.cfg.tcl 
Execute       source /home/nevarez/work/vivado/hls/sbs_fixedpoint_spike/sbs_fixedpoint_spike/.autopilot/db/sbs_fixedpoint_spike.compgen.dataonly.tcl 
Execute       source /home/nevarez/work/vivado/hls/sbs_fixedpoint_spike/sbs_fixedpoint_spike/.autopilot/db/global.setting.tcl 
Execute       ap_part_info -name xc7z020-clg400-1 -data names -quiet 
Execute       ap_part_info -name xc7z020-clg400-1 -data info -quiet 
Execute       source /home/nevarez/work/vivado/hls/sbs_fixedpoint_spike/sbs_fixedpoint_spike/.autopilot/db/sbs_fixedpoint_spike.constraint.tcl 
Execute       sc_get_clocks sbs_fixedpoint_spike 
Execute       ap_part_info -name xc7z020-clg400-1 -data names -quiet 
Execute       ap_part_info -name xc7z020-clg400-1 -data info -quiet 
Execute       source /home/nevarez/work/vivado/hls/sbs_fixedpoint_spike/sbs_fixedpoint_spike/.autopilot/db/global.setting.tcl 
Execute       get_config_debug -directory 
Execute       source /home/nevarez/work/vivado/hls/sbs_fixedpoint_spike/sbs_fixedpoint_spike/.autopilot/db/sbs_fixedpoint_spike.tbgen.tcl 
Execute       get_config_sdx -target 
Execute       get_config_sdx -profile 
Execute       get_config_rtl -kernel_profile 
Execute       get_config_rtl -stall_sig_gen 
Execute       get_config_rtl -profile 
INFO-FLOW: DBG:CMD: add_json_sdx_info kernel file does not exist, skipping opencl info: /home/nevarez/work/vivado/hls/sbs_fixedpoint_spike/sbs_fixedpoint_spike/.autopilot/db/kernel.internal.xml
INFO-FLOW: DBG:CMD:       delete-temp-dirs (skipped for debug)
INFO: [HLS 200-111] Finished generating all RTL models Time (s): cpu = 00:00:11 ; elapsed = 00:00:12 . Memory (MB): peak = 895.164 ; gain = 194.969 ; free physical = 290 ; free virtual = 11973
INFO: [VHDL 208-304] Generating VHDL RTL for sbs_fixedpoint_spike.
INFO: [VLOG 209-307] Generating Verilog RTL for sbs_fixedpoint_spike.
Command     autosyn done; 0.79 sec.
Command   csynth_design done; 10.78 sec.
Command ap_source done; 11.76 sec.
Execute cleanup_all 
INFO-FLOW: Workspace /home/nevarez/work/vivado/hls/sbs_fixedpoint_spike/sbs_fixedpoint_spike opened at Wed Feb 12 09:47:34 CET 2020
Execute     config_clock -quiet -name default -period 4 -unit ns -default=false 
INFO: [SYN 201-201] Setting up clock 'default' with a period of 4ns.
Execute     open_platform DefaultPlatform 
Execute     import_lib /tools/Xilinx/Vivado/2019.1/common/technology/xilinx/zynq/zynq 
Execute       source /tools/Xilinx/Vivado/2019.1/common/technology/xilinx/common/xilinx.lib 
Execute         source /tools/Xilinx/Vivado/2019.1/common/technology/xilinx/interface/xilinx_interface.lib 
Execute           source /tools/Xilinx/Vivado/2019.1/common/technology/xilinx/interface/plb46.lib 
Execute           source /tools/Xilinx/Vivado/2019.1/common/technology/xilinx/interface/fsl.lib 
Execute           source /tools/Xilinx/Vivado/2019.1/common/technology/xilinx/interface/axi4.lib 
Execute           source /tools/Xilinx/Vivado/2019.1/common/technology/xilinx/interface/maxi.lib 
Execute           source /tools/Xilinx/Vivado/2019.1/common/technology/xilinx/interface/saxilite.lib 
Execute         source /tools/Xilinx/Vivado/2019.1/common/technology/xilinx/common/dsp48.lib 
Execute         source /tools/Xilinx/Vivado/2019.1/common/technology/xilinx/ip/dds_compiler.lib 
Execute         source /tools/Xilinx/Vivado/2019.1/common/technology/xilinx/ip/xfft.lib 
Execute         source /tools/Xilinx/Vivado/2019.1/common/technology/xilinx/ip/xfir.lib 
Execute       source /tools/Xilinx/Vivado/2019.1/common/technology/xilinx/common/xilinx.hlp 
Execute         source /tools/Xilinx/Vivado/2019.1/common/technology/xilinx/common/target_info.tcl 
Execute         source /tools/Xilinx/Vivado/2019.1/common/technology/xilinx/interface/xilinx_interface.hlp 
Execute           source /tools/Xilinx/Vivado/2019.1/common/technology/xilinx/interface/maxi.hlp 
Execute           source /tools/Xilinx/Vivado/2019.1/common/technology/xilinx/interface/saxilite.hlp 
Execute         source /tools/Xilinx/Vivado/2019.1/common/technology/xilinx/common/dsp48.hlp 
Execute       source /tools/Xilinx/Vivado/2019.1/common/technology/xilinx/zynq/dsp48e1.hlp 
Execute       source /tools/Xilinx/Vivado/2019.1/common/technology/xilinx/common/xilinx.hlp 
Execute         source /tools/Xilinx/Vivado/2019.1/common/technology/xilinx/common/target_info.tcl 
Execute         source /tools/Xilinx/Vivado/2019.1/common/technology/xilinx/interface/xilinx_interface.hlp 
Execute           source /tools/Xilinx/Vivado/2019.1/common/technology/xilinx/interface/maxi.hlp 
Execute           source /tools/Xilinx/Vivado/2019.1/common/technology/xilinx/interface/saxilite.hlp 
Execute         source /tools/Xilinx/Vivado/2019.1/common/technology/xilinx/common/dsp48.hlp 
Execute     source /tools/Xilinx/Vivado/2019.1/common/technology/xilinx/zynq/zynq.gen 
Execute       source /tools/Xilinx/Vivado/2019.1/common/technology/xilinx/common/xilinx.gen 
Execute         source /tools/Xilinx/Vivado/2019.1/common/technology/xilinx/interface/plb46.gen 
Execute         source /tools/Xilinx/Vivado/2019.1/common/technology/xilinx/interface/fsl.gen 
Execute         source /tools/Xilinx/Vivado/2019.1/common/technology/xilinx/interface/axi4.gen 
Execute         source /tools/Xilinx/Vivado/2019.1/common/technology/xilinx/interface/nativeAXI4.gen 
Execute           source /tools/Xilinx/Vivado/2019.1/common/technology/xilinx/interface/saxilite.gen 
Execute           source /tools/Xilinx/Vivado/2019.1/common/technology/xilinx/interface/maxi.gen 
Execute         source /tools/Xilinx/Vivado/2019.1/common/technology/xilinx/scripts/xilinxcoregen.gen 
Execute         source /tools/Xilinx/Vivado/2019.1/common/technology/xilinx/interface/XilEDKCoreGen.gen 
Execute         source /tools/Xilinx/Vivado/2019.1/common/technology/xilinx/ip/dds_compiler.gen 
Execute         source /tools/Xilinx/Vivado/2019.1/common/technology/xilinx/ip/util.gen 
Execute         source /tools/Xilinx/Vivado/2019.1/common/technology/xilinx/ip/xfft.gen 
Execute         source /tools/Xilinx/Vivado/2019.1/common/technology/xilinx/ip/xfir.gen 
Execute         source /tools/Xilinx/Vivado/2019.1/common/technology/xilinx/common/dsp48.gen 
Execute     set_part xc7z020clg400-1 
Execute       ap_part_info -name xc7z020clg400-1 -data single -quiet 
Command       ap_part_info done; 0.56 sec.
Execute       ap_part_info -name xc7z020clg400-1 -data info 
Execute       add_library xilinx/zynq/zynq:xc7z020:-clg400:-1 
Execute         get_default_platform 
Execute         ap_part_info -data single -name xc7z020-clg400-1 
Execute         ap_part_info -name xc7z020-clg400-1 -data resources 
Execute         ap_part_info -name xc7z020-clg400-1 -data info 
Execute         ap_part_info -name xc7z020-clg400-1 -data info 
Execute         config_chip_info -quiet -resource {SLICE 13300} {LUT 53200} {FF 106400} {DSP48E 220} {BRAM 280} {URAM 0} 
Execute         ap_part_info -name xc7z020-clg400-1 -data info 
Execute         config_chip_info -quiet -speed slow 
Execute       add_library xilinx/zynq/zynq_fpv6 
Execute         get_default_platform 
Execute         open_platform DefaultPlatform 
Execute         import_lib /tools/Xilinx/Vivado/2019.1/common/technology/xilinx/zynq/zynq_fpv6 
Execute           source /tools/Xilinx/Vivado/2019.1/common/technology/xilinx/common/xilinx_fp.lib 
Execute           source /tools/Xilinx/Vivado/2019.1/common/technology/xilinx/common/xilinx_fp.hlp 
Execute             source /tools/Xilinx/Vivado/2019.1/common/technology/xilinx/common/xilinx.hlp 
Execute               source /tools/Xilinx/Vivado/2019.1/common/technology/xilinx/common/target_info.tcl 
Execute               source /tools/Xilinx/Vivado/2019.1/common/technology/xilinx/interface/xilinx_interface.hlp 
Execute                 source /tools/Xilinx/Vivado/2019.1/common/technology/xilinx/interface/maxi.hlp 
Execute                 source /tools/Xilinx/Vivado/2019.1/common/technology/xilinx/interface/saxilite.hlp 
Execute               source /tools/Xilinx/Vivado/2019.1/common/technology/xilinx/common/dsp48.hlp 
Execute         source /tools/Xilinx/Vivado/2019.1/common/technology/xilinx/zynq/zynq_fpv6.gen 
Execute           source /tools/Xilinx/Vivado/2019.1/common/technology/xilinx/common/xilinx_fp.gen 
INFO: [HLS 200-10] Setting target device to 'xc7z020-clg400-1'
Execute       ap_part_info -name xc7z020-clg400-1 -data info 
Execute       get_default_platform 
Command     set_part done; 0.63 sec.
Execute     ap_part_info -data single -name xc7z020clg400-1 
Execute     ap_part_info -name xc7z020clg400-1 -data resources 
Execute     ap_part_info -name xc7z020clg400-1 -data info 
Execute     ap_part_info -name xc7z020clg400-1 -data info 
Execute     config_chip_info -quiet -resource {SLICE 13300} {LUT 53200} {FF 106400} {DSP48E 220} {BRAM 280} {URAM 0} 
Execute     ap_part_info -name xc7z020clg400-1 -data info 
Execute     config_chip_info -quiet -speed slow 
Command   open_solution done; 0.73 sec.
Execute   export_design -rtl vhdl -format ip_catalog 
Execute     get_config_export -acc 
Execute     get_config_export -clock_margin 
Execute     get_config_export -custom_script 
Execute     get_config_export -description 
Execute     get_config_export -display_name 
Execute     get_config_export -driver_input_dir 
Execute     get_config_export -ipname 
Execute     get_config_export -kernel_drc 
Execute     get_config_export -library 
Execute     get_config_export -qor_test 
Execute     get_config_export -sdaccel 
Execute     get_config_export -sim 
Execute     get_config_export -taxonomy 
Execute     get_config_export -use_ip 
Execute     get_config_export -use_netlist 
Execute     get_config_export -vendor 
Execute     get_config_export -version 
Execute     get_config_export -xo 
Execute     config_export -format=ip_catalog -rtl=vhdl 
INFO-FLOW: DBG:CMD: export_design_wrap: -format ip_catalog -rtl vhdl
Execute     source /home/nevarez/work/vivado/hls/sbs_fixedpoint_spike/sbs_fixedpoint_spike/.autopilot/db/global.setting.tcl 
Execute     get_config_export -vivado_clock 
Execute     get_top 
Execute     get_config_sdx -target 
Execute     get_config_rtl -module_auto_prefix 
Execute     get_config_sdx -target 
Execute     get_config_sdx -target 
INFO-FLOW: DBG:CMD:   auto_impl: pack: -export -tool vivado -rtl vhdl -sdx-target none
Execute     source /home/nevarez/work/vivado/hls/sbs_fixedpoint_spike/sbs_fixedpoint_spike/.autopilot/db/global.setting.tcl 
INFO-FLOW: DBG:CMD: read_platform_lib /home/nevarez/work/vivado/hls/sbs_fixedpoint_spike/sbs_fixedpoint_spike/.autopilot/db/global.setting.tcl
Execute     source /tools/Xilinx/Vivado/2019.1/common/technology/generic/autopilot/common.gen 
Execute       source /tools/Xilinx/Vivado/2019.1/common/technology/generic/autopilot/APCoreGen.gen 
Execute     source /tools/Xilinx/Vivado/2019.1/common/technology/generic/autopilot/op.gen 
Execute     source /tools/Xilinx/Vivado/2019.1/common/technology/generic/autopilot/op_simcore.gen 
Execute     source /tools/Xilinx/Vivado/2019.1/common/technology/generic/autopilot/interface.gen 
Execute     source /home/nevarez/work/vivado/hls/sbs_fixedpoint_spike/sbs_fixedpoint_spike/.autopilot/db/global.setting.tcl 
Execute     source /tools/Xilinx/Vivado/2019.1/common/technology/xilinx/zynq/zynq.gen 
Execute       source /tools/Xilinx/Vivado/2019.1/common/technology/xilinx/common/xilinx.gen 
Execute         source /tools/Xilinx/Vivado/2019.1/common/technology/xilinx/interface/plb46.gen 
Execute         source /tools/Xilinx/Vivado/2019.1/common/technology/xilinx/interface/fsl.gen 
Execute         source /tools/Xilinx/Vivado/2019.1/common/technology/xilinx/interface/axi4.gen 
Execute         source /tools/Xilinx/Vivado/2019.1/common/technology/xilinx/interface/nativeAXI4.gen 
Execute           source /tools/Xilinx/Vivado/2019.1/common/technology/xilinx/interface/saxilite.gen 
Execute           source /tools/Xilinx/Vivado/2019.1/common/technology/xilinx/interface/maxi.gen 
Execute         source /tools/Xilinx/Vivado/2019.1/common/technology/xilinx/scripts/xilinxcoregen.gen 
Execute         source /tools/Xilinx/Vivado/2019.1/common/technology/xilinx/interface/XilEDKCoreGen.gen 
Execute         source /tools/Xilinx/Vivado/2019.1/common/technology/xilinx/ip/dds_compiler.gen 
Execute         source /tools/Xilinx/Vivado/2019.1/common/technology/xilinx/ip/util.gen 
Execute         source /tools/Xilinx/Vivado/2019.1/common/technology/xilinx/ip/xfft.gen 
Execute         source /tools/Xilinx/Vivado/2019.1/common/technology/xilinx/ip/xfir.gen 
Execute         source /tools/Xilinx/Vivado/2019.1/common/technology/xilinx/common/dsp48.gen 
Execute     source /tools/Xilinx/Vivado/2019.1/common/technology/xilinx/zynq/zynq_fpv6.gen 
Execute       source /tools/Xilinx/Vivado/2019.1/common/technology/xilinx/common/xilinx_fp.gen 
INFO-FLOW: DBG:CMD:   using AESL_AUTOCG::g_clock_period=4.000 (was NA)
Execute     ap_part_info -name xc7z020-clg400-1 -data names -quiet 
Execute     ap_part_info -name xc7z020-clg400-1 -data info -quiet 
Execute     source /home/nevarez/work/vivado/hls/sbs_fixedpoint_spike/sbs_fixedpoint_spike/.autopilot/db/global.setting.tcl 
INFO: [IMPL 213-8] Exporting RTL as a Vivado IP.
Execute     source /home/nevarez/work/vivado/hls/sbs_fixedpoint_spike/sbs_fixedpoint_spike/.autopilot/db/global.setting.tcl 
INFO-FLOW: DBG:CMD: automg_wrap -export -pcore_version 1.00.a -rtl vhdl -sdx-target none -tool Vivado -impltomg_flag
INFO-FLOW: DBG:CMD:     auto_generate -export -pcore_version 1.00.a -rtl vhdl -sdx-target none -tool Vivado -impltomg_flag
Execute     source /home/nevarez/work/vivado/hls/sbs_fixedpoint_spike/sbs_fixedpoint_spike/.autopilot/db/global.setting.tcl 
INFO-FLOW: DBG:CMD: read_platform_lib /home/nevarez/work/vivado/hls/sbs_fixedpoint_spike/sbs_fixedpoint_spike/.autopilot/db/global.setting.tcl
Execute     source /tools/Xilinx/Vivado/2019.1/common/technology/generic/autopilot/common.gen 
Execute       source /tools/Xilinx/Vivado/2019.1/common/technology/generic/autopilot/APCoreGen.gen 
Execute     source /tools/Xilinx/Vivado/2019.1/common/technology/generic/autopilot/op.gen 
Execute     source /tools/Xilinx/Vivado/2019.1/common/technology/generic/autopilot/op_simcore.gen 
Execute     source /tools/Xilinx/Vivado/2019.1/common/technology/generic/autopilot/interface.gen 
Execute     source /home/nevarez/work/vivado/hls/sbs_fixedpoint_spike/sbs_fixedpoint_spike/.autopilot/db/global.setting.tcl 
Execute     source /tools/Xilinx/Vivado/2019.1/common/technology/xilinx/zynq/zynq.gen 
Execute       source /tools/Xilinx/Vivado/2019.1/common/technology/xilinx/common/xilinx.gen 
Execute         source /tools/Xilinx/Vivado/2019.1/common/technology/xilinx/interface/plb46.gen 
Execute         source /tools/Xilinx/Vivado/2019.1/common/technology/xilinx/interface/fsl.gen 
Execute         source /tools/Xilinx/Vivado/2019.1/common/technology/xilinx/interface/axi4.gen 
Execute         source /tools/Xilinx/Vivado/2019.1/common/technology/xilinx/interface/nativeAXI4.gen 
Execute           source /tools/Xilinx/Vivado/2019.1/common/technology/xilinx/interface/saxilite.gen 
Execute           source /tools/Xilinx/Vivado/2019.1/common/technology/xilinx/interface/maxi.gen 
Execute         source /tools/Xilinx/Vivado/2019.1/common/technology/xilinx/scripts/xilinxcoregen.gen 
Execute         source /tools/Xilinx/Vivado/2019.1/common/technology/xilinx/interface/XilEDKCoreGen.gen 
Execute         source /tools/Xilinx/Vivado/2019.1/common/technology/xilinx/ip/dds_compiler.gen 
Execute         source /tools/Xilinx/Vivado/2019.1/common/technology/xilinx/ip/util.gen 
Execute         source /tools/Xilinx/Vivado/2019.1/common/technology/xilinx/ip/xfft.gen 
Execute         source /tools/Xilinx/Vivado/2019.1/common/technology/xilinx/ip/xfir.gen 
Execute         source /tools/Xilinx/Vivado/2019.1/common/technology/xilinx/common/dsp48.gen 
Execute     source /tools/Xilinx/Vivado/2019.1/common/technology/xilinx/zynq/zynq_fpv6.gen 
Execute       source /tools/Xilinx/Vivado/2019.1/common/technology/xilinx/common/xilinx_fp.gen 
INFO-FLOW: DBG:CMD:       initCTypeInfo top_module=sbs_fixedpoint_spike xml_exists=1
Execute     source /home/nevarez/work/vivado/hls/sbs_fixedpoint_spike/sbs_fixedpoint_spike/.autopilot/db/sbs_fixedpoint_spike.rtl_wrap.cfg.tcl 
Execute     source /home/nevarez/work/vivado/hls/sbs_fixedpoint_spike/sbs_fixedpoint_spike/.autopilot/db/sbs_fixedpoint_spike.rtl_wrap.cfg.tcl 
Execute     source /home/nevarez/work/vivado/hls/sbs_fixedpoint_spike/sbs_fixedpoint_spike/.autopilot/db/sbs_fixedpoint_spike.rtl_wrap.cfg.tcl 
Execute     source /home/nevarez/work/vivado/hls/sbs_fixedpoint_spike/sbs_fixedpoint_spike/.autopilot/db/sbs_fixedpoint_spike.tbgen.tcl 
Execute     source /home/nevarez/work/vivado/hls/sbs_fixedpoint_spike/sbs_fixedpoint_spike/.autopilot/db/sbs_fixedpoint_spike.tbgen.tcl 
INFO-FLOW: DBG:CMD:       export_impl_rtl
INFO-FLOW: DBG:CMD:       generate_ip_cores sim=0 export=0 expOnly=0 dstVlogDir=impl/.verilog
Execute     source /home/nevarez/work/vivado/hls/sbs_fixedpoint_spike/sbs_fixedpoint_spike/.autopilot/db/global.setting.tcl 
Execute     source /home/nevarez/work/vivado/hls/sbs_fixedpoint_spike/sbs_fixedpoint_spike/.autopilot/db/sbs_fixedpoint_spike.compgen.tcl 
INFO-FLOW: DBG:CMD:       generate_ip_cores sim=0 export=1 expOnly=1 dstVlogDir=impl/.pcores/verilog
Execute     source /home/nevarez/work/vivado/hls/sbs_fixedpoint_spike/sbs_fixedpoint_spike/.autopilot/db/global.setting.tcl 
Execute     source /home/nevarez/work/vivado/hls/sbs_fixedpoint_spike/sbs_fixedpoint_spike/.autopilot/db/sbs_fixedpoint_spike.compgen.tcl 
Execute       ap_part_info -name xc7z020-clg400-1 -data names -quiet 
Execute       ap_part_info -name xc7z020-clg400-1 -data info -quiet 
Execute       ap_part_info -name xc7z020-clg400-1 -data names -quiet 
Execute       ap_part_info -name xc7z020-clg400-1 -data info -quiet 
Execute       ap_part_info -name xc7z020-clg400-1 -data names -quiet 
Execute       ap_part_info -name xc7z020-clg400-1 -data info -quiet 
Execute       ap_part_info -name xc7z020-clg400-1 -data names -quiet 
Execute       ap_part_info -name xc7z020-clg400-1 -data info -quiet 
Execute       ap_part_info -name xc7z020-clg400-1 -data names -quiet 
Execute       ap_part_info -name xc7z020-clg400-1 -data info -quiet 
Execute       ap_part_info -name xc7z020-clg400-1 -data names -quiet 
Execute       ap_part_info -name xc7z020-clg400-1 -data info -quiet 
Execute     ap_part_info -name xc7z020-clg400-1 -data names -quiet 
Execute     ap_part_info -name xc7z020-clg400-1 -data info -quiet 
INFO-FLOW: DBG:CMD:       generate_ip_cores sim=0 export=0 expOnly=0 dstVlogDir=impl/.pcores/verilog_sim
Execute     source /home/nevarez/work/vivado/hls/sbs_fixedpoint_spike/sbs_fixedpoint_spike/.autopilot/db/global.setting.tcl 
Execute     source /home/nevarez/work/vivado/hls/sbs_fixedpoint_spike/sbs_fixedpoint_spike/.autopilot/db/sbs_fixedpoint_spike.compgen.tcl 
Execute     ap_part_info -name xc7z020-clg400-1 -data names -quiet 
Execute     ap_part_info -name xc7z020-clg400-1 -data info -quiet 
Execute     ap_part_info -name xc7z020-clg400-1 -data names -quiet 
Execute     ap_part_info -name xc7z020-clg400-1 -data info -quiet 
Execute     source /home/nevarez/work/vivado/hls/sbs_fixedpoint_spike/sbs_fixedpoint_spike/.autopilot/db/global.setting.tcl 
Execute     ap_part_info -name xc7z020-clg400-1 -data names -quiet 
Execute     ap_part_info -name xc7z020-clg400-1 -data info -quiet 
Execute     source /home/nevarez/work/vivado/hls/sbs_fixedpoint_spike/sbs_fixedpoint_spike/.autopilot/db/sbs_fixedpoint_spike.constraint.tcl 
Execute     source /home/nevarez/work/vivado/hls/sbs_fixedpoint_spike/sbs_fixedpoint_spike/.autopilot/db/sbs_fixedpoint_spike.tbgen.tcl 
INFO-FLOW: DBG:CMD:       hasPcoreIpAdapter=false #gSsdmPorts=28
INFO-FLOW: DBG:CMD:       copying IP vlog from /home/nevarez/work/vivado/hls/sbs_fixedpoint_spike/sbs_fixedpoint_spike/impl/verilog
INFO-FLOW: DBG:CMD:       copying IP vhdl from /home/nevarez/work/vivado/hls/sbs_fixedpoint_spike/sbs_fixedpoint_spike/impl/vhdl
INFO-FLOW: DBG:CMD:       copy ip_driver_dir 1_0 /home/nevarez/work/vivado/hls/sbs_fixedpoint_spike/sbs_fixedpoint_spike/.autopilot/db/driver
INFO-FLOW: DBG:CMD:       generate_ip_script #gSsdmPorts=28
Execute     ap_part_info -name xc7z020-clg400-1 -data names -quiet 
Execute     ap_part_info -name xc7z020-clg400-1 -data info -quiet 
Execute     ap_part_info -name xc7z020-clg400-1 -data names -quiet 
Execute     ap_part_info -name xc7z020-clg400-1 -data info -quiet 
Execute     source /home/nevarez/work/vivado/hls/sbs_fixedpoint_spike/sbs_fixedpoint_spike/.autopilot/db/sbs_fixedpoint_spike.compgen.dataonly.tcl 
Execute     source /home/nevarez/work/vivado/hls/sbs_fixedpoint_spike/sbs_fixedpoint_spike/.autopilot/db/sbs_fixedpoint_spike.compgen.dataonly.tcl 
Execute     source /home/nevarez/work/vivado/hls/sbs_fixedpoint_spike/sbs_fixedpoint_spike/.autopilot/db/sbs_fixedpoint_spike.tbgen.tcl 
Execute     source /home/nevarez/work/vivado/hls/sbs_fixedpoint_spike/sbs_fixedpoint_spike/.autopilot/db/sbs_fixedpoint_spike.tbgen.tcl 
Execute     source /home/nevarez/work/vivado/hls/sbs_fixedpoint_spike/sbs_fixedpoint_spike/.autopilot/db/sbs_fixedpoint_spike.tbgen.tcl 
Execute     source /home/nevarez/work/vivado/hls/sbs_fixedpoint_spike/sbs_fixedpoint_spike/.autopilot/db/sbs_fixedpoint_spike.tbgen.tcl 
Execute     source /home/nevarez/work/vivado/hls/sbs_fixedpoint_spike/sbs_fixedpoint_spike/.autopilot/db/sbs_fixedpoint_spike.tbgen.tcl 
Execute     source /home/nevarez/work/vivado/hls/sbs_fixedpoint_spike/sbs_fixedpoint_spike/.autopilot/db/sbs_fixedpoint_spike.tbgen.tcl 
Execute     source /home/nevarez/work/vivado/hls/sbs_fixedpoint_spike/sbs_fixedpoint_spike/.autopilot/db/sbs_fixedpoint_spike.tbgen.tcl 
Execute     source /home/nevarez/work/vivado/hls/sbs_fixedpoint_spike/sbs_fixedpoint_spike/.autopilot/db/global.setting.tcl 
Execute     get_config_sdx -target 
Execute     get_config_debug -directory 
INFO-FLOW: DBG:CMD:       generate_ip_auxiliary
Execute     ap_part_info -name xc7z020-clg400-1 -data names -quiet 
Execute     ap_part_info -name xc7z020-clg400-1 -data info -quiet 
Execute     source /home/nevarez/work/vivado/hls/sbs_fixedpoint_spike/sbs_fixedpoint_spike/.autopilot/db/global.setting.tcl 
INFO-FLOW: DBG:CMD:       prepArgInfo -> loadAnalyze_DB top_module=sbs_fixedpoint_spike
Execute     source /home/nevarez/work/vivado/hls/sbs_fixedpoint_spike/sbs_fixedpoint_spike/.autopilot/db/sbs_fixedpoint_spike.rtl_wrap.cfg.tcl 
Execute     source /home/nevarez/work/vivado/hls/sbs_fixedpoint_spike/sbs_fixedpoint_spike/.autopilot/db/sbs_fixedpoint_spike.rtl_wrap.cfg.tcl 
Execute     source /home/nevarez/work/vivado/hls/sbs_fixedpoint_spike/sbs_fixedpoint_spike/.autopilot/db/sbs_fixedpoint_spike.rtl_wrap.cfg.tcl 
Execute     source /home/nevarez/work/vivado/hls/sbs_fixedpoint_spike/sbs_fixedpoint_spike/.autopilot/db/sbs_fixedpoint_spike.tbgen.tcl 
Execute     source /home/nevarez/work/vivado/hls/sbs_fixedpoint_spike/sbs_fixedpoint_spike/.autopilot/db/sbs_fixedpoint_spike.tbgen.tcl 
Execute     source /home/nevarez/work/vivado/hls/sbs_fixedpoint_spike/sbs_fixedpoint_spike/.autopilot/db/sbs_fixedpoint_spike.tbgen.tcl 
INFO-FLOW: DBG:CMD:       generate_top_info
INFO-FLOW: DBG:CMD:       prepArgInfo -> loadAnalyze_DB top_module=sbs_fixedpoint_spike
Execute     source /home/nevarez/work/vivado/hls/sbs_fixedpoint_spike/sbs_fixedpoint_spike/.autopilot/db/sbs_fixedpoint_spike.rtl_wrap.cfg.tcl 
Execute     source /home/nevarez/work/vivado/hls/sbs_fixedpoint_spike/sbs_fixedpoint_spike/.autopilot/db/sbs_fixedpoint_spike.rtl_wrap.cfg.tcl 
Execute     source /home/nevarez/work/vivado/hls/sbs_fixedpoint_spike/sbs_fixedpoint_spike/.autopilot/db/sbs_fixedpoint_spike.rtl_wrap.cfg.tcl 
Execute     source /home/nevarez/work/vivado/hls/sbs_fixedpoint_spike/sbs_fixedpoint_spike/.autopilot/db/sbs_fixedpoint_spike.tbgen.tcl 
Execute     source /home/nevarez/work/vivado/hls/sbs_fixedpoint_spike/sbs_fixedpoint_spike/.autopilot/db/sbs_fixedpoint_spike.tbgen.tcl 
Execute     ap_part_info -name xc7z020-clg400-1 -data names -quiet 
Execute     ap_part_info -name xc7z020-clg400-1 -data info -quiet 
Execute     source /home/nevarez/work/vivado/hls/sbs_fixedpoint_spike/sbs_fixedpoint_spike/.autopilot/db/global.setting.tcl 
Execute     ap_part_info -name xc7z020-clg400-1 -data names -quiet 
Execute     ap_part_info -name xc7z020-clg400-1 -data info -quiet 
INFO-FLOW: DBG:CMD:       generate_ip_bd_script
Execute     ap_part_info -name xc7z020-clg400-1 -data names -quiet 
Execute     ap_part_info -name xc7z020-clg400-1 -data info -quiet 
Execute     ap_part_info -name xc7z020-clg400-1 -data names -quiet 
Execute     ap_part_info -name xc7z020-clg400-1 -data info -quiet 
Execute     source /home/nevarez/work/vivado/hls/sbs_fixedpoint_spike/sbs_fixedpoint_spike/.autopilot/db/sbs_fixedpoint_spike.tbgen.tcl 
Execute     source /home/nevarez/work/vivado/hls/sbs_fixedpoint_spike/sbs_fixedpoint_spike/.autopilot/db/global.setting.tcl 
Execute     source /home/nevarez/work/vivado/hls/sbs_fixedpoint_spike/sbs_fixedpoint_spike/.autopilot/db/sbs_fixedpoint_spike.constraint.tcl 
INFO-FLOW: DBG:CMD:       generate_ipi_example_script
Execute     ap_part_info -name xc7z020-clg400-1 -data names -quiet 
Execute     ap_part_info -name xc7z020-clg400-1 -data info -quiet 
Execute     ap_part_info -name xc7z020-clg400-1 -data names -quiet 
Execute     ap_part_info -name xc7z020-clg400-1 -data info -quiet 
INFO-FLOW: DBG:CMD:       generate_syn_sh
Execute     ap_part_info -name xc7z020-clg400-1 -data names -quiet 
Execute     ap_part_info -name xc7z020-clg400-1 -data info -quiet 
Execute     source /home/nevarez/work/vivado/hls/sbs_fixedpoint_spike/sbs_fixedpoint_spike/.autopilot/db/global.setting.tcl 
INFO-FLOW: DBG:CMD:       generate_imp_constraints
Execute     ap_part_info -name xc7z020-clg400-1 -data names -quiet 
Execute     ap_part_info -name xc7z020-clg400-1 -data info -quiet 
Execute     source /home/nevarez/work/vivado/hls/sbs_fixedpoint_spike/sbs_fixedpoint_spike/.autopilot/db/sbs_fixedpoint_spike.constraint.tcl 
Execute     source /home/nevarez/work/vivado/hls/sbs_fixedpoint_spike/sbs_fixedpoint_spike/.autopilot/db/sbs_fixedpoint_spike.tbgen.tcl 
INFO-FLOW: DBG:CMD:       delete-temp-dirs (skipped for debug)
Execute     ap_part_info -name xc7z020-clg400-1 -data names -quiet 
Execute     ap_part_info -name xc7z020-clg400-1 -data info -quiet 
INFO-FLOW: DBG:CMD: read_platform_lib /home/nevarez/work/vivado/hls/sbs_fixedpoint_spike/sbs_fixedpoint_spike/.autopilot/db/global.setting.tcl
Execute     source /tools/Xilinx/Vivado/2019.1/common/technology/generic/autopilot/common.gen 
Execute       source /tools/Xilinx/Vivado/2019.1/common/technology/generic/autopilot/APCoreGen.gen 
Execute     source /tools/Xilinx/Vivado/2019.1/common/technology/generic/autopilot/op.gen 
Execute     source /tools/Xilinx/Vivado/2019.1/common/technology/generic/autopilot/op_simcore.gen 
Execute     source /tools/Xilinx/Vivado/2019.1/common/technology/generic/autopilot/interface.gen 
Execute     source /home/nevarez/work/vivado/hls/sbs_fixedpoint_spike/sbs_fixedpoint_spike/.autopilot/db/global.setting.tcl 
Execute     source /tools/Xilinx/Vivado/2019.1/common/technology/xilinx/zynq/zynq.gen 
Execute       source /tools/Xilinx/Vivado/2019.1/common/technology/xilinx/common/xilinx.gen 
Execute         source /tools/Xilinx/Vivado/2019.1/common/technology/xilinx/interface/plb46.gen 
Execute         source /tools/Xilinx/Vivado/2019.1/common/technology/xilinx/interface/fsl.gen 
Execute         source /tools/Xilinx/Vivado/2019.1/common/technology/xilinx/interface/axi4.gen 
Execute         source /tools/Xilinx/Vivado/2019.1/common/technology/xilinx/interface/nativeAXI4.gen 
Execute           source /tools/Xilinx/Vivado/2019.1/common/technology/xilinx/interface/saxilite.gen 
Execute           source /tools/Xilinx/Vivado/2019.1/common/technology/xilinx/interface/maxi.gen 
Execute         source /tools/Xilinx/Vivado/2019.1/common/technology/xilinx/scripts/xilinxcoregen.gen 
Execute         source /tools/Xilinx/Vivado/2019.1/common/technology/xilinx/interface/XilEDKCoreGen.gen 
Execute         source /tools/Xilinx/Vivado/2019.1/common/technology/xilinx/ip/dds_compiler.gen 
Execute         source /tools/Xilinx/Vivado/2019.1/common/technology/xilinx/ip/util.gen 
Execute         source /tools/Xilinx/Vivado/2019.1/common/technology/xilinx/ip/xfft.gen 
Execute         source /tools/Xilinx/Vivado/2019.1/common/technology/xilinx/ip/xfir.gen 
Execute         source /tools/Xilinx/Vivado/2019.1/common/technology/xilinx/common/dsp48.gen 
Execute     source /tools/Xilinx/Vivado/2019.1/common/technology/xilinx/zynq/zynq_fpv6.gen 
Execute       source /tools/Xilinx/Vivado/2019.1/common/technology/xilinx/common/xilinx_fp.gen 
Execute     ap_part_info -name xc7z020-clg400-1 -data names -quiet 
Execute     ap_part_info -name xc7z020-clg400-1 -data info -quiet 
INFO-FLOW: DBG:CMD:     exec /home/nevarez/work/vivado/hls/sbs_fixedpoint_spike/sbs_fixedpoint_spike/impl/ip/pack.sh
Command   export_design done; 10.28 sec.
Command ap_source done; 11.01 sec.
Execute cleanup_all 
