#-----------------------------------------------------------
# Vivado v2017.4 (64-bit)
# SW Build 2086221 on Fri Dec 15 20:54:30 MST 2017
# IP Build 2085800 on Fri Dec 15 22:25:07 MST 2017
# Start of session at: Wed Mar 25 12:52:48 2020
# Process ID: 24635
# Current directory: /home/yarib/work/vivado_hls/sbs_spike_50/sbs_spike_50/impl/ip
# Command line: vivado -notrace -mode batch -source run_ippack.tcl
# Log file: /home/yarib/work/vivado_hls/sbs_spike_50/sbs_spike_50/impl/ip/vivado.log
# Journal file: /home/yarib/work/vivado_hls/sbs_spike_50/sbs_spike_50/impl/ip/vivado.jou
#-----------------------------------------------------------
source run_ippack.tcl -notrace
INFO: [IP_Flow 19-234] Refreshing IP repositories
INFO: [IP_Flow 19-1704] No user IP repositories specified
INFO: [IP_Flow 19-2313] Loaded Vivado IP repository '/opt/Xilinx/Vivado/2017.4/data/ip'.
WARNING: [IP_Flow 19-4832] The IP name 'sbs_spike_50_ap_fadd_8_full_dsp_32' you have specified is long. The Windows operating system has path length limitations. It is recommended you use shorter names to reduce the likelihood of issues.
INFO: [IP_Flow 19-1686] Generating 'Synthesis' target for IP 'sbs_spike_50_ap_fadd_8_full_dsp_32'...
INFO: [IP_Flow 19-1686] Generating 'Simulation' target for IP 'sbs_spike_50_ap_fadd_8_full_dsp_32'...
WARNING: [IP_Flow 19-4832] The IP name 'sbs_spike_50_ap_fcmp_2_no_dsp_32' you have specified is long. The Windows operating system has path length limitations. It is recommended you use shorter names to reduce the likelihood of issues.
INFO: [IP_Flow 19-1686] Generating 'Synthesis' target for IP 'sbs_spike_50_ap_fcmp_2_no_dsp_32'...
INFO: [IP_Flow 19-1686] Generating 'Simulation' target for IP 'sbs_spike_50_ap_fcmp_2_no_dsp_32'...
INFO: [IP_Flow 19-234] Refreshing IP repositories
INFO: [IP_Flow 19-1704] No user IP repositories specified
INFO: [IP_Flow 19-2313] Loaded Vivado IP repository '/opt/Xilinx/Vivado/2017.4/data/ip'.
INFO: [Common 17-206] Exiting Vivado at Wed Mar 25 12:53:15 2020...
