Copyright 1986-2017 Xilinx, Inc. All Rights Reserved.
------------------------------------------------------------------------------------
| Tool Version : Vivado v.2017.4 (lin64) Build 2086221 Fri Dec 15 20:54:30 MST 2017
| Date         : Wed Mar 25 12:57:48 2020
| Host         : yarib-ThinkPad-T460 running 64-bit Ubuntu 16.04.6 LTS
| Command      : upgrade_ip
| Device       : xc7z020clg400-1
------------------------------------------------------------------------------------

Upgrade Log for IP 'platform_sbs_spike_50_0_0'

1. Summary
----------

SUCCESS in the upgrade of platform_sbs_spike_50_0_0 (Yarib:sbs:sbs_spike_50:1.0) from (Rev. 2003251154) to (Rev. 2003251252)






Copyright 1986-2017 Xilinx, Inc. All Rights Reserved.
------------------------------------------------------------------------------------
| Tool Version : Vivado v.2017.4 (lin64) Build 2086221 Fri Dec 15 20:54:30 MST 2017
| Date         : Wed Mar 25 11:57:16 2020
| Host         : yarib-ThinkPad-T460 running 64-bit Ubuntu 16.04.6 LTS
| Command      : upgrade_ip
| Device       : xc7z020clg400-1
------------------------------------------------------------------------------------

Upgrade Log for IP 'platform_sbs_spike_50_0_0'

1. Summary
----------

SUCCESS in the upgrade of platform_sbs_spike_50_0_0 (Yarib:sbs:sbs_spike_50:1.0) from (Rev. 2003251042) to (Rev. 2003251154)






Copyright 1986-2017 Xilinx, Inc. All Rights Reserved.
------------------------------------------------------------------------------------
| Tool Version : Vivado v.2017.4 (lin64) Build 2086221 Fri Dec 15 20:54:30 MST 2017
| Date         : Wed Mar 25 10:44:44 2020
| Host         : yarib-ThinkPad-T460 running 64-bit Ubuntu 16.04.6 LTS
| Command      : upgrade_ip
| Device       : xc7z020clg400-1
------------------------------------------------------------------------------------

Upgrade Log for IP 'platform_sbs_spike_50_0_0'

1. Summary
----------

SUCCESS in the upgrade of platform_sbs_spike_50_0_0 (Yarib:sbs:sbs_spike_50:1.0) from (Rev. 2003250917) to (Rev. 2003251042)






Copyright 1986-2017 Xilinx, Inc. All Rights Reserved.
------------------------------------------------------------------------------------
| Tool Version : Vivado v.2017.4 (lin64) Build 2086221 Fri Dec 15 20:54:30 MST 2017
| Date         : Wed Mar 25 09:26:47 2020
| Host         : yarib-ThinkPad-T460 running 64-bit Ubuntu 16.04.6 LTS
| Command      : upgrade_ip
| Device       : xc7z020clg400-1
------------------------------------------------------------------------------------

Upgrade Log for IP 'platform_sbs_spike_50_0_0'

1. Summary
----------

CAUTION (success, with warnings) in the upgrade of platform_sbs_spike_50_0_0 (Yarib:sbs:sbs_spike_50:1.0) from (Rev. 2003221026) to (Rev. 2003250917)

After upgrade, an IP may have parameter and port differences compared to the original customization. Please review the parameters within the IP customization GUI to ensure proper functionality. Also, please review the updated IP instantiation template to ensure proper connectivity, and update your design if required.

2. Connection Warnings
----------------------

Detected external port differences while upgrading 'platform_sbs_spike_50_0_0'. These changes may impact your design.


-Upgraded port 's_axi_CRTL_BUS_ARADDR' width 6 differs from original width 5

-Upgraded port 's_axi_CRTL_BUS_AWADDR' width 6 differs from original width 5


