Copyright 1986-2019 Xilinx, Inc. All Rights Reserved.
----------------------------------------------------------------------------------------------------------------------------------------------------------------------
| Tool Version     : Vivado v.2019.1.1 (lin64) Build 2580384 Sat Jun 29 08:04:45 MDT 2019
| Date             : Thu Feb 20 11:20:30 2020
| Host             : nevarez running 64-bit Ubuntu 16.04.6 LTS
| Command          : report_power -file platform_wrapper_power_routed.rpt -pb platform_wrapper_power_summary_routed.pb -rpx platform_wrapper_power_routed.rpx
| Design           : platform_wrapper
| Device           : xc7z020clg400-1
| Design State     : routed
| Grade            : commercial
| Process          : typical
| Characterization : Production
----------------------------------------------------------------------------------------------------------------------------------------------------------------------

Power Report

Table of Contents
-----------------
1. Summary
1.1 On-Chip Components
1.2 Power Supply Summary
1.3 Confidence Level
2. Settings
2.1 Environment
2.2 Clock Constraints
3. Detailed Reports
3.1 By Hierarchy

1. Summary
----------

+--------------------------+--------------+
| Total On-Chip Power (W)  | 2.250        |
| Design Power Budget (W)  | Unspecified* |
| Power Budget Margin (W)  | NA           |
| Dynamic (W)              | 2.087        |
| Device Static (W)        | 0.162        |
| Effective TJA (C/W)      | 11.5         |
| Max Ambient (C)          | 59.1         |
| Junction Temperature (C) | 50.9         |
| Confidence Level         | Medium       |
| Setting File             | ---          |
| Simulation Activity File | ---          |
| Design Nets Matched      | NA           |
+--------------------------+--------------+
* Specify Design Power Budget using, set_operating_conditions -design_power_budget <value in Watts>


1.1 On-Chip Components
----------------------

+--------------------------+-----------+----------+-----------+-----------------+
| On-Chip                  | Power (W) | Used     | Available | Utilization (%) |
+--------------------------+-----------+----------+-----------+-----------------+
| Clocks                   |     0.216 |        3 |       --- |             --- |
| Slice Logic              |     0.117 |   103940 |       --- |             --- |
|   LUT as Logic           |     0.090 |    40308 |     53200 |           75.77 |
|   CARRY4                 |     0.012 |     4009 |     13300 |           30.14 |
|   Register               |     0.008 |    49300 |    106400 |           46.33 |
|   LUT as Distributed RAM |     0.006 |     1784 |     17400 |           10.25 |
|   LUT as Shift Register  |    <0.001 |     1052 |     17400 |            6.05 |
|   Others                 |     0.000 |     1836 |       --- |             --- |
| Signals                  |     0.163 |    75833 |       --- |             --- |
| Block RAM                |     0.064 |     39.5 |       140 |           28.21 |
| DSPs                     |     0.083 |       45 |       220 |           20.45 |
| PS7                      |     1.445 |        1 |       --- |             --- |
| Static Power             |     0.162 |          |           |                 |
| Total                    |     2.250 |          |           |                 |
+--------------------------+-----------+----------+-----------+-----------------+


1.2 Power Supply Summary
------------------------

+-----------+-------------+-----------+-------------+------------+
| Source    | Voltage (V) | Total (A) | Dynamic (A) | Static (A) |
+-----------+-------------+-----------+-------------+------------+
| Vccint    |       1.000 |     0.658 |       0.637 |      0.021 |
| Vccaux    |       1.800 |     0.018 |       0.000 |      0.018 |
| Vcco33    |       3.300 |     0.000 |       0.000 |      0.000 |
| Vcco25    |       2.500 |     0.000 |       0.000 |      0.000 |
| Vcco18    |       1.800 |     0.000 |       0.000 |      0.000 |
| Vcco15    |       1.500 |     0.000 |       0.000 |      0.000 |
| Vcco135   |       1.350 |     0.000 |       0.000 |      0.000 |
| Vcco12    |       1.200 |     0.000 |       0.000 |      0.000 |
| Vccaux_io |       1.800 |     0.000 |       0.000 |      0.000 |
| Vccbram   |       1.000 |     0.010 |       0.005 |      0.004 |
| MGTAVcc   |       1.000 |     0.000 |       0.000 |      0.000 |
| MGTAVtt   |       1.200 |     0.000 |       0.000 |      0.000 |
| MGTVccaux |       1.800 |     0.000 |       0.000 |      0.000 |
| Vccpint   |       1.000 |     0.800 |       0.763 |      0.037 |
| Vccpaux   |       1.800 |     0.061 |       0.051 |      0.010 |
| Vccpll    |       1.800 |     0.017 |       0.014 |      0.003 |
| Vcco_ddr  |       1.350 |     0.413 |       0.411 |      0.002 |
| Vcco_mio0 |       3.300 |     0.003 |       0.002 |      0.001 |
| Vcco_mio1 |       1.800 |     0.003 |       0.002 |      0.001 |
| Vccadc    |       1.800 |     0.020 |       0.000 |      0.020 |
+-----------+-------------+-----------+-------------+------------+


1.3 Confidence Level
--------------------

+-----------------------------+------------+------------------------------------------------+------------------------------------------------------------------------------------------------------------+
| User Input Data             | Confidence | Details                                        | Action                                                                                                     |
+-----------------------------+------------+------------------------------------------------+------------------------------------------------------------------------------------------------------------+
| Design implementation state | High       | Design is routed                               |                                                                                                            |
| Clock nodes activity        | High       | User specified more than 95% of clocks         |                                                                                                            |
| I/O nodes activity          | High       | User specified more than 95% of inputs         |                                                                                                            |
| Internal nodes activity     | Medium     | User specified less than 25% of internal nodes | Provide missing internal nodes activity with simulation results or by editing the "By Resource Type" views |
| Device models               | High       | Device models are Production                   |                                                                                                            |
|                             |            |                                                |                                                                                                            |
| Overall confidence level    | Medium     |                                                |                                                                                                            |
+-----------------------------+------------+------------------------------------------------+------------------------------------------------------------------------------------------------------------+


2. Settings
-----------

2.1 Environment
---------------

+-----------------------+------------------------+
| Ambient Temp (C)      | 25.0                   |
| ThetaJA (C/W)         | 11.5                   |
| Airflow (LFM)         | 250                    |
| Heat Sink             | none                   |
| ThetaSA (C/W)         | 0.0                    |
| Board Selection       | medium (10"x10")       |
| # of Board Layers     | 8to11 (8 to 11 Layers) |
| Board Temperature (C) | 25.0                   |
+-----------------------+------------------------+


2.2 Clock Constraints
---------------------

+------------+-------------------------------------------------------------+-----------------+
| Clock      | Domain                                                      | Constraint (ns) |
+------------+-------------------------------------------------------------+-----------------+
| clk_fpga_0 | platform_i/processing_system7_0/inst/FCLK_CLK_unbuffered[0] |             4.0 |
+------------+-------------------------------------------------------------+-----------------+


3. Detailed Reports
-------------------

3.1 By Hierarchy
----------------

+----------------------------+-----------+
| Name                       | Power (W) |
+----------------------------+-----------+
| platform_wrapper           |     2.087 |
|   platform_i               |     2.087 |
|     axi_dma_0              |     0.020 |
|       U0                   |     0.020 |
|     axi_dma_1              |     0.020 |
|       U0                   |     0.020 |
|     axi_dma_2              |     0.020 |
|       U0                   |     0.020 |
|     axi_dma_3              |     0.020 |
|       U0                   |     0.020 |
|     axi_smc                |     0.044 |
|       inst                 |     0.044 |
|     axi_smc_1              |     0.045 |
|       inst                 |     0.045 |
|     axi_smc_2              |     0.044 |
|       inst                 |     0.044 |
|     axi_smc_3              |     0.044 |
|       inst                 |     0.044 |
|     processing_system7_0   |     1.455 |
|       inst                 |     1.455 |
|     ps7_0_axi_periph       |     0.012 |
|       s00_couplers         |     0.007 |
|       xbar                 |     0.004 |
|     sbs_fixedpoint_0       |     0.118 |
|       U0                   |     0.118 |
|     sbs_fixedpoint_1       |     0.119 |
|       U0                   |     0.119 |
|     sbs_fixedpoint_2       |     0.120 |
|       U0                   |     0.120 |
|     sbs_fixedpoint_spike_0 |     0.007 |
|       U0                   |     0.007 |
+----------------------------+-----------+


