

================================================================
== Vivado HLS Report for 'sbs_spike_50'
================================================================
* Date:           Wed Mar 25 12:49:42 2020

* Version:        2017.4 (Build 2086221 on Fri Dec 15 21:13:33 MST 2017)
* Project:        sbs_spike_50
* Solution:       sbs_spike_50
* Product family: zynq
* Target device:  xc7z020clg400-1


================================================================
== Performance Estimates
================================================================
+ Timing (ns): 
    * Summary: 
    +--------+-------+----------+------------+
    |  Clock | Target| Estimated| Uncertainty|
    +--------+-------+----------+------------+
    |ap_clk  |   4.00|      6.09|        0.50|
    +--------+-------+----------+------------+

+ Latency (clock cycles): 
    * Summary: 
    +-----+-----+-----+-----+---------+
    |  Latency  |  Interval | Pipeline|
    | min | max | min | max |   Type  |
    +-----+-----+-----+-----+---------+
    |    ?|    ?|    ?|    ?|   none  |
    +-----+-----+-----+-----+---------+

    + Detail: 
        * Instance: 
        N/A

        * Loop: 
        +-------------+-----+-----+----------+-----------+-----------+------+----------+
        |             |  Latency  | Iteration|  Initiation Interval  | Trip |          |
        |  Loop Name  | min | max |  Latency |  achieved |   target  | Count| Pipelined|
        +-------------+-----+-----+----------+-----------+-----------+------+----------+
        |- Loop 1     |    ?|    ?|         ?|          -|          -|     ?|    no    |
        | + Loop 1.1  |    ?|    ?|        18|         15|          1|     ?|    yes   |
        +-------------+-----+-----+----------+-----------+-----------+------+----------+

============================================================
+ Verbose Summary: Synthesis Manager
============================================================
InlineROM: 1
ExposeGlobal: 0
============================================================
+ Verbose Summary: CDFG Model
============================================================
IsTopModel: 1
ResetActiveHigh: 1
IsCombinational: 0
IsDatapathOnly: 0
HasWiredReturn: 1
HasMFsm: 0
HasVarLatency: 1
IsPipeline: 0
IsRtlPipelined: 0
IsInstanceOverlapped: 0
IsDontTouch: 0
HasImplIP: 0
IsGatedGlobalClock: 0

+ Individual pipeline summary: 
  * Pipeline-0: initiation interval (II) = 15, depth = 18


============================================================
+ Verbose Summary: Schedule
============================================================
* Number of FSM states : 25
* Pipeline : 1
  Pipeline-0 : II = 15, D = 18, States = { 7 8 9 10 11 12 13 14 15 16 17 18 19 20 21 22 23 24 }
* Dataflow Pipeline: 0

* FSM state transitions: 
1 --> 
	2  / true
2 --> 
	3  / true
3 --> 
	4  / (tmp_7 & !tmp_8)
	5  / (tmp_7 & tmp_8)
4 --> 
	6  / true
5 --> 
	6  / true
6 --> 
	7  / true
7 --> 
	25  / (!tmp_10)
	8  / (tmp_10)
8 --> 
	9  / true
9 --> 
	10  / true
10 --> 
	11  / true
11 --> 
	12  / true
12 --> 
	13  / true
13 --> 
	14  / true
14 --> 
	15  / true
15 --> 
	16  / true
16 --> 
	17  / true
17 --> 
	18  / true
18 --> 
	19  / true
19 --> 
	20  / true
20 --> 
	21  / true
21 --> 
	22  / true
22 --> 
	23  / true
23 --> 
	24  / true
24 --> 
	7  / true
25 --> 
	3  / true

* FSM state operations: 

 <State 1> : 1.00ns
ST_1 : Operation 26 [1/1] (1.00ns)   --->   "%vectorSize_read = call i32 @_ssdm_op_Read.s_axilite.i32(i32 %vectorSize)"   --->   Core 10 's_axilite' <Latency = 0> <II = 1> <Delay = 1.00> <Adapter> <Opcode : 'read' 'write'>
ST_1 : Operation 27 [1/1] (1.00ns)   --->   "%layerSize_read = call i32 @_ssdm_op_Read.s_axilite.i32(i32 %layerSize)"   --->   Core 10 's_axilite' <Latency = 0> <II = 1> <Delay = 1.00> <Adapter> <Opcode : 'read' 'write'>
ST_1 : Operation 28 [1/1] (0.00ns)   --->   "%tmp = trunc i32 %layerSize_read to i8" [../app-framework-baremetal/libs/sbs_neural_network/systemc/sbs_spike_50.cpp:37]
ST_1 : Operation 29 [1/1] (0.00ns)   --->   "%tmp_18 = trunc i32 %vectorSize_read to i8"

 <State 2> : 2.55ns
ST_2 : Operation 30 [1/1] (0.00ns)   --->   "call void (...)* @_ssdm_op_SpecBitsMap(i32* %stream_in_V_data_V), !map !46"
ST_2 : Operation 31 [1/1] (0.00ns)   --->   "call void (...)* @_ssdm_op_SpecBitsMap(i4* %stream_in_V_keep_V), !map !50"
ST_2 : Operation 32 [1/1] (0.00ns)   --->   "call void (...)* @_ssdm_op_SpecBitsMap(i4* %stream_in_V_strb_V), !map !54"
ST_2 : Operation 33 [1/1] (0.00ns)   --->   "call void (...)* @_ssdm_op_SpecBitsMap(i2* %stream_in_V_user_V), !map !58"
ST_2 : Operation 34 [1/1] (0.00ns)   --->   "call void (...)* @_ssdm_op_SpecBitsMap(i1* %stream_in_V_last_V), !map !62"
ST_2 : Operation 35 [1/1] (0.00ns)   --->   "call void (...)* @_ssdm_op_SpecBitsMap(i5* %stream_in_V_id_V), !map !66"
ST_2 : Operation 36 [1/1] (0.00ns)   --->   "call void (...)* @_ssdm_op_SpecBitsMap(i6* %stream_in_V_dest_V), !map !70"
ST_2 : Operation 37 [1/1] (0.00ns)   --->   "call void (...)* @_ssdm_op_SpecBitsMap(i32* %stream_out_V_data_V), !map !74"
ST_2 : Operation 38 [1/1] (0.00ns)   --->   "call void (...)* @_ssdm_op_SpecBitsMap(i4* %stream_out_V_keep_V), !map !78"
ST_2 : Operation 39 [1/1] (0.00ns)   --->   "call void (...)* @_ssdm_op_SpecBitsMap(i4* %stream_out_V_strb_V), !map !82"
ST_2 : Operation 40 [1/1] (0.00ns)   --->   "call void (...)* @_ssdm_op_SpecBitsMap(i2* %stream_out_V_user_V), !map !86"
ST_2 : Operation 41 [1/1] (0.00ns)   --->   "call void (...)* @_ssdm_op_SpecBitsMap(i1* %stream_out_V_last_V), !map !90"
ST_2 : Operation 42 [1/1] (0.00ns)   --->   "call void (...)* @_ssdm_op_SpecBitsMap(i5* %stream_out_V_id_V), !map !94"
ST_2 : Operation 43 [1/1] (0.00ns)   --->   "call void (...)* @_ssdm_op_SpecBitsMap(i6* %stream_out_V_dest_V), !map !98"
ST_2 : Operation 44 [1/1] (0.00ns)   --->   "call void (...)* @_ssdm_op_SpecBitsMap(i32* %debug), !map !102"
ST_2 : Operation 45 [1/1] (0.00ns)   --->   "call void (...)* @_ssdm_op_SpecBitsMap(i32 %layerSize), !map !106"
ST_2 : Operation 46 [1/1] (0.00ns)   --->   "call void (...)* @_ssdm_op_SpecBitsMap(i32 %vectorSize), !map !112"
ST_2 : Operation 47 [1/1] (0.00ns)   --->   "call void (...)* @_ssdm_op_SpecTopModule([13 x i8]* @sbs_spike_50_str) nounwind"
ST_2 : Operation 48 [1/1] (0.00ns)   --->   "call void (...)* @_ssdm_op_SpecInterface(i32* %stream_in_V_data_V, i4* %stream_in_V_keep_V, i4* %stream_in_V_strb_V, i2* %stream_in_V_user_V, i1* %stream_in_V_last_V, i5* %stream_in_V_id_V, i6* %stream_in_V_dest_V, [5 x i8]* @p_str, i32 1, i32 1, [5 x i8]* @p_str1, i32 0, i32 0, [1 x i8]* @p_str2, [1 x i8]* @p_str2, [1 x i8]* @p_str2, i32 0, i32 0, i32 0, i32 0, [1 x i8]* @p_str2, [1 x i8]* @p_str2) nounwind" [../app-framework-baremetal/libs/sbs_neural_network/systemc/sbs_spike_50.cpp:19]
ST_2 : Operation 49 [1/1] (0.00ns)   --->   "call void (...)* @_ssdm_op_SpecInterface(i32* %stream_out_V_data_V, i4* %stream_out_V_keep_V, i4* %stream_out_V_strb_V, i2* %stream_out_V_user_V, i1* %stream_out_V_last_V, i5* %stream_out_V_id_V, i6* %stream_out_V_dest_V, [5 x i8]* @p_str, i32 1, i32 1, [5 x i8]* @p_str1, i32 0, i32 0, [1 x i8]* @p_str2, [1 x i8]* @p_str2, [1 x i8]* @p_str2, i32 0, i32 0, i32 0, i32 0, [1 x i8]* @p_str2, [1 x i8]* @p_str2) nounwind" [../app-framework-baremetal/libs/sbs_neural_network/systemc/sbs_spike_50.cpp:20]
ST_2 : Operation 50 [1/1] (0.00ns)   --->   "call void (...)* @_ssdm_op_SpecInterface(i32* %debug, [10 x i8]* @p_str3, i32 0, i32 0, [1 x i8]* @p_str2, i32 0, i32 0, [9 x i8]* @p_str4, [1 x i8]* @p_str2, [1 x i8]* @p_str2, i32 0, i32 0, i32 0, i32 0, [1 x i8]* @p_str2, [1 x i8]* @p_str2) nounwind" [../app-framework-baremetal/libs/sbs_neural_network/systemc/sbs_spike_50.cpp:21]
ST_2 : Operation 51 [1/1] (0.00ns)   --->   "call void (...)* @_ssdm_op_SpecInterface(i32 %layerSize, [10 x i8]* @p_str3, i32 0, i32 0, [1 x i8]* @p_str2, i32 0, i32 0, [9 x i8]* @p_str4, [1 x i8]* @p_str2, [1 x i8]* @p_str2, i32 0, i32 0, i32 0, i32 0, [1 x i8]* @p_str2, [1 x i8]* @p_str2) nounwind" [../app-framework-baremetal/libs/sbs_neural_network/systemc/sbs_spike_50.cpp:22]
ST_2 : Operation 52 [1/1] (0.00ns)   --->   "call void (...)* @_ssdm_op_SpecInterface(i32 %vectorSize, [10 x i8]* @p_str3, i32 0, i32 0, [1 x i8]* @p_str2, i32 0, i32 0, [9 x i8]* @p_str4, [1 x i8]* @p_str2, [1 x i8]* @p_str2, i32 0, i32 0, i32 0, i32 0, [1 x i8]* @p_str2, [1 x i8]* @p_str2) nounwind" [../app-framework-baremetal/libs/sbs_neural_network/systemc/sbs_spike_50.cpp:23]
ST_2 : Operation 53 [1/1] (0.00ns)   --->   "call void (...)* @_ssdm_op_SpecInterface(i32 0, [10 x i8]* @p_str3, i32 0, i32 0, [1 x i8]* @p_str2, i32 0, i32 0, [9 x i8]* @p_str4, [1 x i8]* @p_str2, [1 x i8]* @p_str2, i32 0, i32 0, i32 0, i32 0, [1 x i8]* @p_str2, [1 x i8]* @p_str2) nounwind" [../app-framework-baremetal/libs/sbs_neural_network/systemc/sbs_spike_50.cpp:24]
ST_2 : Operation 54 [1/1] (0.00ns)   --->   "%tmp_3 = call i16 @_ssdm_op_BitConcatenate.i16.i8.i8(i8 %tmp_18, i8 %tmp)" [../app-framework-baremetal/libs/sbs_neural_network/systemc/sbs_spike_50.cpp:38]
ST_2 : Operation 55 [1/1] (0.00ns)   --->   "%tmp_3_cast = zext i16 %tmp_3 to i32" [../app-framework-baremetal/libs/sbs_neural_network/systemc/sbs_spike_50.cpp:38]
ST_2 : Operation 56 [1/1] (1.00ns)   --->   "call void @_ssdm_op_Write.s_axilite.i32P(i32* %debug, i32 %tmp_3_cast)" [../app-framework-baremetal/libs/sbs_neural_network/systemc/sbs_spike_50.cpp:38]   --->   Core 10 's_axilite' <Latency = 0> <II = 1> <Delay = 1.00> <Adapter> <Opcode : 'read' 'write'>
ST_2 : Operation 57 [1/1] (2.55ns)   --->   "%tmp_4 = add nsw i32 -1, %vectorSize_read" [../app-framework-baremetal/libs/sbs_neural_network/systemc/sbs_spike_50.cpp:66]   --->   Core 14 'AddSub' <Latency = 0> <II = 1> <Delay = 2.55> <FuncUnit> <Opcode : 'add' 'sub'> <InPorts = 2> <OutPorts = 1>
ST_2 : Operation 58 [1/1] (2.55ns)   --->   "%tmp_5 = add nsw i32 -1, %layerSize_read" [../app-framework-baremetal/libs/sbs_neural_network/systemc/sbs_spike_50.cpp:70]   --->   Core 14 'AddSub' <Latency = 0> <II = 1> <Delay = 2.55> <FuncUnit> <Opcode : 'add' 'sub'> <InPorts = 2> <OutPorts = 1>
ST_2 : Operation 59 [1/1] (1.76ns)   --->   "br label %0" [../app-framework-baremetal/libs/sbs_neural_network/systemc/sbs_spike_50.cpp:40]

 <State 3> : 4.33ns
ST_3 : Operation 60 [1/1] (0.00ns)   --->   "%debug_load_1 = phi i32 [ %tmp_3_cast, %codeRepl ], [ %debug_load_2, %10 ]" [../app-framework-baremetal/libs/sbs_neural_network/systemc/sbs_spike_50.cpp:38]
ST_3 : Operation 61 [1/1] (0.00ns)   --->   "%tmp_6 = phi i32 [ 0, %codeRepl ], [ %tmp_15, %10 ]" [../app-framework-baremetal/libs/sbs_neural_network/systemc/sbs_spike_50.cpp:40]
ST_3 : Operation 62 [1/1] (0.00ns)   --->   "store i32 %tmp_6, i32* @ip_index, align 4" [../app-framework-baremetal/libs/sbs_neural_network/systemc/sbs_spike_50.cpp:40]
ST_3 : Operation 63 [1/1] (2.47ns)   --->   "%tmp_7 = icmp slt i32 %tmp_6, %layerSize_read" [../app-framework-baremetal/libs/sbs_neural_network/systemc/sbs_spike_50.cpp:40]   --->   Core 25 'Cmp' <Latency = 0> <II = 1> <Delay = 2.44> <FuncUnit> <Opcode : 'icmp'> <InPorts = 2> <OutPorts = 1>
ST_3 : Operation 64 [1/1] (0.00ns)   --->   "br i1 %tmp_7, label %1, label %11" [../app-framework-baremetal/libs/sbs_neural_network/systemc/sbs_spike_50.cpp:40]
ST_3 : Operation 65 [1/1] (0.00ns)   --->   "%tmp_1 = call i32 (...)* @_ssdm_op_SpecRegionBegin([12 x i8]* @p_str5)" [../app-framework-baremetal/libs/sbs_neural_network/systemc/sbs_spike_50.cpp:41]
ST_3 : Operation 66 [1/1] (0.00ns)   --->   "call void (...)* @_ssdm_op_SpecPipeline(i32 -1, i32 1, i32 1, i32 0, [1 x i8]* @p_str2) nounwind" [../app-framework-baremetal/libs/sbs_neural_network/systemc/sbs_spike_50.cpp:42]
ST_3 : Operation 67 [1/1] (2.47ns)   --->   "%tmp_8 = icmp eq i32 %tmp_6, 0" [../app-framework-baremetal/libs/sbs_neural_network/systemc/sbs_spike_50.cpp:43]   --->   Core 25 'Cmp' <Latency = 0> <II = 1> <Delay = 2.44> <FuncUnit> <Opcode : 'icmp'> <InPorts = 2> <OutPorts = 1>
ST_3 : Operation 68 [1/1] (0.00ns)   --->   "br i1 %tmp_8, label %2, label %3" [../app-framework-baremetal/libs/sbs_neural_network/systemc/sbs_spike_50.cpp:43]
ST_3 : Operation 69 [2/2] (0.00ns)   --->   "%empty_4 = call { i32, i4, i4, i2, i1, i5, i6 } @_ssdm_op_Read.axis.volatile.i32P.i4P.i4P.i2P.i1P.i5P.i6P(i32* %stream_in_V_data_V, i4* %stream_in_V_keep_V, i4* %stream_in_V_strb_V, i2* %stream_in_V_user_V, i1* %stream_in_V_last_V, i5* %stream_in_V_id_V, i6* %stream_in_V_dest_V)" [../app-framework-baremetal/libs/sbs_neural_network/systemc/sbs_spike_50.cpp:52]   --->   Core 5 'AXI4Stream' <Latency = 0> <II = 1> <Delay = 1.00> <Adapter> <Opcode : >
ST_3 : Operation 70 [2/2] (0.00ns)   --->   "%empty = call { i32, i4, i4, i2, i1, i5, i6 } @_ssdm_op_Read.axis.volatile.i32P.i4P.i4P.i2P.i1P.i5P.i6P(i32* %stream_in_V_data_V, i4* %stream_in_V_keep_V, i4* %stream_in_V_strb_V, i2* %stream_in_V_user_V, i1* %stream_in_V_last_V, i5* %stream_in_V_id_V, i6* %stream_in_V_dest_V)" [../app-framework-baremetal/libs/sbs_neural_network/systemc/sbs_spike_50.cpp:46]   --->   Core 5 'AXI4Stream' <Latency = 0> <II = 1> <Delay = 1.00> <Adapter> <Opcode : >
ST_3 : Operation 71 [1/1] (0.00ns)   --->   "ret void" [../app-framework-baremetal/libs/sbs_neural_network/systemc/sbs_spike_50.cpp:81]

 <State 4> : 1.77ns
ST_4 : Operation 72 [1/1] (0.00ns)   --->   "%tmp_s = or i32 %debug_load_1, 131072" [../app-framework-baremetal/libs/sbs_neural_network/systemc/sbs_spike_50.cpp:51]
ST_4 : Operation 73 [1/1] (1.00ns)   --->   "call void @_ssdm_op_Write.s_axilite.i32P(i32* %debug, i32 %tmp_s)" [../app-framework-baremetal/libs/sbs_neural_network/systemc/sbs_spike_50.cpp:51]   --->   Core 10 's_axilite' <Latency = 0> <II = 1> <Delay = 1.00> <Adapter> <Opcode : 'read' 'write'>
ST_4 : Operation 74 [1/2] (0.00ns)   --->   "%empty_4 = call { i32, i4, i4, i2, i1, i5, i6 } @_ssdm_op_Read.axis.volatile.i32P.i4P.i4P.i2P.i1P.i5P.i6P(i32* %stream_in_V_data_V, i4* %stream_in_V_keep_V, i4* %stream_in_V_strb_V, i2* %stream_in_V_user_V, i1* %stream_in_V_last_V, i5* %stream_in_V_id_V, i6* %stream_in_V_dest_V)" [../app-framework-baremetal/libs/sbs_neural_network/systemc/sbs_spike_50.cpp:52]   --->   Core 5 'AXI4Stream' <Latency = 0> <II = 1> <Delay = 1.00> <Adapter> <Opcode : >
ST_4 : Operation 75 [1/1] (0.00ns)   --->   "%tmp_data_V_1 = extractvalue { i32, i4, i4, i2, i1, i5, i6 } %empty_4, 0" [../app-framework-baremetal/libs/sbs_neural_network/systemc/sbs_spike_50.cpp:52]
ST_4 : Operation 76 [1/1] (1.76ns)   --->   "br label %4"

 <State 5> : 1.77ns
ST_5 : Operation 77 [1/1] (0.00ns)   --->   "%tmp_9 = or i32 %debug_load_1, 65536" [../app-framework-baremetal/libs/sbs_neural_network/systemc/sbs_spike_50.cpp:45]
ST_5 : Operation 78 [1/1] (1.00ns)   --->   "call void @_ssdm_op_Write.s_axilite.i32P(i32* %debug, i32 %tmp_9)" [../app-framework-baremetal/libs/sbs_neural_network/systemc/sbs_spike_50.cpp:45]   --->   Core 10 's_axilite' <Latency = 0> <II = 1> <Delay = 1.00> <Adapter> <Opcode : 'read' 'write'>
ST_5 : Operation 79 [1/2] (0.00ns)   --->   "%empty = call { i32, i4, i4, i2, i1, i5, i6 } @_ssdm_op_Read.axis.volatile.i32P.i4P.i4P.i2P.i1P.i5P.i6P(i32* %stream_in_V_data_V, i4* %stream_in_V_keep_V, i4* %stream_in_V_strb_V, i2* %stream_in_V_user_V, i1* %stream_in_V_last_V, i5* %stream_in_V_id_V, i6* %stream_in_V_dest_V)" [../app-framework-baremetal/libs/sbs_neural_network/systemc/sbs_spike_50.cpp:46]   --->   Core 5 'AXI4Stream' <Latency = 0> <II = 1> <Delay = 1.00> <Adapter> <Opcode : >
ST_5 : Operation 80 [1/1] (0.00ns)   --->   "%tmp_data_V = extractvalue { i32, i4, i4, i2, i1, i5, i6 } %empty, 0" [../app-framework-baremetal/libs/sbs_neural_network/systemc/sbs_spike_50.cpp:46]
ST_5 : Operation 81 [1/1] (0.00ns)   --->   "%tmp_keep_V = extractvalue { i32, i4, i4, i2, i1, i5, i6 } %empty, 1" [../app-framework-baremetal/libs/sbs_neural_network/systemc/sbs_spike_50.cpp:46]
ST_5 : Operation 82 [1/1] (0.00ns)   --->   "%tmp_strb_V = extractvalue { i32, i4, i4, i2, i1, i5, i6 } %empty, 2" [../app-framework-baremetal/libs/sbs_neural_network/systemc/sbs_spike_50.cpp:46]
ST_5 : Operation 83 [1/1] (0.00ns)   --->   "%tmp_user_V = extractvalue { i32, i4, i4, i2, i1, i5, i6 } %empty, 3" [../app-framework-baremetal/libs/sbs_neural_network/systemc/sbs_spike_50.cpp:46]
ST_5 : Operation 84 [1/1] (0.00ns)   --->   "%tmp_id_V = extractvalue { i32, i4, i4, i2, i1, i5, i6 } %empty, 5" [../app-framework-baremetal/libs/sbs_neural_network/systemc/sbs_spike_50.cpp:46]
ST_5 : Operation 85 [1/1] (0.00ns)   --->   "%tmp_dest_V = extractvalue { i32, i4, i4, i2, i1, i5, i6 } %empty, 6" [../app-framework-baremetal/libs/sbs_neural_network/systemc/sbs_spike_50.cpp:46]
ST_5 : Operation 86 [1/1] (0.00ns)   --->   "store i4 %tmp_keep_V, i4* @channel_keep_V, align 4" [../app-framework-baremetal/libs/sbs_neural_network/systemc/sbs_spike_50.cpp:46]
ST_5 : Operation 87 [1/1] (0.00ns)   --->   "store i4 %tmp_strb_V, i4* @channel_strb_V, align 1" [../app-framework-baremetal/libs/sbs_neural_network/systemc/sbs_spike_50.cpp:46]
ST_5 : Operation 88 [1/1] (0.00ns)   --->   "store i2 %tmp_user_V, i2* @channel_user_V, align 2" [../app-framework-baremetal/libs/sbs_neural_network/systemc/sbs_spike_50.cpp:46]
ST_5 : Operation 89 [1/1] (0.00ns)   --->   "store i5 %tmp_id_V, i5* @channel_id_V, align 4" [../app-framework-baremetal/libs/sbs_neural_network/systemc/sbs_spike_50.cpp:46]
ST_5 : Operation 90 [1/1] (0.00ns)   --->   "store i6 %tmp_dest_V, i6* @channel_dest_V, align 1" [../app-framework-baremetal/libs/sbs_neural_network/systemc/sbs_spike_50.cpp:46]
ST_5 : Operation 91 [1/1] (1.76ns)   --->   "br label %4" [../app-framework-baremetal/libs/sbs_neural_network/systemc/sbs_spike_50.cpp:48]

 <State 6> : 2.45ns
ST_6 : Operation 92 [1/1] (0.00ns)   --->   "%debug_load6 = phi i32 [ %tmp_s, %3 ], [ %tmp_9, %2 ]" [../app-framework-baremetal/libs/sbs_neural_network/systemc/sbs_spike_50.cpp:51]
ST_6 : Operation 93 [1/1] (0.00ns)   --->   "%storemerge = phi i32 [ %tmp_data_V_1, %3 ], [ %tmp_data_V, %2 ]"
ST_6 : Operation 94 [1/1] (0.00ns)   --->   "%tmp_2 = bitcast i32 %storemerge to float" [../app-framework-baremetal/libs/sbs_neural_network/systemc/sbs_spike_50.cpp:52]
ST_6 : Operation 95 [1/1] (0.00ns)   --->   "%tmp_24 = trunc i32 %storemerge to i23" [../app-framework-baremetal/libs/sbs_neural_network/systemc/sbs_spike_50.cpp:52]
ST_6 : Operation 96 [1/1] (2.44ns)   --->   "%notrhs3 = icmp eq i23 %tmp_24, 0" [../app-framework-baremetal/libs/sbs_neural_network/systemc/sbs_spike_50.cpp:52]   --->   Core 25 'Cmp' <Latency = 0> <II = 1> <Delay = 2.44> <FuncUnit> <Opcode : 'icmp'> <InPorts = 2> <OutPorts = 1>
ST_6 : Operation 97 [1/1] (1.76ns)   --->   "br label %5" [../app-framework-baremetal/libs/sbs_neural_network/systemc/sbs_spike_50.cpp:57]

 <State 7> : 3.40ns
ST_7 : Operation 98 [1/1] (0.00ns)   --->   "%sum_load = phi float [ 0.000000e+00, %4 ], [ %sum_load8, %._crit_edge23 ]" [../app-framework-baremetal/libs/sbs_neural_network/systemc/sbs_spike_50.cpp:64]
ST_7 : Operation 99 [1/1] (0.00ns)   --->   "%debug_load_2 = phi i32 [ %debug_load6, %4 ], [ %debug_load3, %._crit_edge23 ]" [../app-framework-baremetal/libs/sbs_neural_network/systemc/sbs_spike_50.cpp:51]
ST_7 : Operation 100 [1/1] (0.00ns)   --->   "%tmp_data_V_3 = phi i31 [ 0, %4 ], [ %tmp_22, %._crit_edge23 ]" [../app-framework-baremetal/libs/sbs_neural_network/systemc/sbs_spike_50.cpp:57]
ST_7 : Operation 101 [1/1] (0.00ns)   --->   "%tmp_data_V_4 = zext i31 %tmp_data_V_3 to i32" [../app-framework-baremetal/libs/sbs_neural_network/systemc/sbs_spike_50.cpp:57]
ST_7 : Operation 102 [1/1] (2.47ns)   --->   "%tmp_10 = icmp slt i32 %tmp_data_V_4, %vectorSize_read" [../app-framework-baremetal/libs/sbs_neural_network/systemc/sbs_spike_50.cpp:57]   --->   Core 25 'Cmp' <Latency = 0> <II = 1> <Delay = 2.44> <FuncUnit> <Opcode : 'icmp'> <InPorts = 2> <OutPorts = 1>
ST_7 : Operation 103 [1/1] (2.52ns)   --->   "%tmp_22 = add i31 %tmp_data_V_3, 1" [../app-framework-baremetal/libs/sbs_neural_network/systemc/sbs_spike_50.cpp:57]   --->   Core 14 'AddSub' <Latency = 0> <II = 1> <Delay = 2.55> <FuncUnit> <Opcode : 'add' 'sub'> <InPorts = 2> <OutPorts = 1>
ST_7 : Operation 104 [1/1] (0.00ns)   --->   "br i1 %tmp_10, label %6, label %10" [../app-framework-baremetal/libs/sbs_neural_network/systemc/sbs_spike_50.cpp:57]
ST_7 : Operation 105 [1/1] (0.00ns)   --->   "%tmp_23 = call i8 @_ssdm_op_PartSelect.i8.i32.i32.i32(i32 %storemerge, i32 23, i32 30)" [../app-framework-baremetal/libs/sbs_neural_network/systemc/sbs_spike_50.cpp:52]
ST_7 : Operation 106 [1/1] (1.55ns)   --->   "%notlhs2 = icmp ne i8 %tmp_23, -1" [../app-framework-baremetal/libs/sbs_neural_network/systemc/sbs_spike_50.cpp:52]   --->   Core 25 'Cmp' <Latency = 0> <II = 1> <Delay = 2.44> <FuncUnit> <Opcode : 'icmp'> <InPorts = 2> <OutPorts = 1>
ST_7 : Operation 107 [4/4] (2.73ns)   --->   "%tmp_28 = fcmp olt float %sum_load, %tmp_2" [../app-framework-baremetal/libs/sbs_neural_network/systemc/sbs_spike_50.cpp:62]   --->   Core 105 'FCmp' <Latency = 3> <II = 1> <Delay = 2.73> <FuncUnit> <Opcode : 'fcmp'> <InPorts = 2> <OutPorts = 1>

 <State 8> : 2.73ns
ST_8 : Operation 108 [3/4] (2.73ns)   --->   "%tmp_28 = fcmp olt float %sum_load, %tmp_2" [../app-framework-baremetal/libs/sbs_neural_network/systemc/sbs_spike_50.cpp:62]   --->   Core 105 'FCmp' <Latency = 3> <II = 1> <Delay = 2.73> <FuncUnit> <Opcode : 'fcmp'> <InPorts = 2> <OutPorts = 1>

 <State 9> : 2.73ns
ST_9 : Operation 109 [2/2] (0.00ns)   --->   "%empty_5 = call { i32, i4, i4, i2, i1, i5, i6 } @_ssdm_op_Read.axis.volatile.i32P.i4P.i4P.i2P.i1P.i5P.i6P(i32* %stream_in_V_data_V, i4* %stream_in_V_keep_V, i4* %stream_in_V_strb_V, i2* %stream_in_V_user_V, i1* %stream_in_V_last_V, i5* %stream_in_V_id_V, i6* %stream_in_V_dest_V)" [../app-framework-baremetal/libs/sbs_neural_network/systemc/sbs_spike_50.cpp:61]   --->   Core 5 'AXI4Stream' <Latency = 0> <II = 1> <Delay = 1.00> <Adapter> <Opcode : >
ST_9 : Operation 110 [2/4] (2.73ns)   --->   "%tmp_28 = fcmp olt float %sum_load, %tmp_2" [../app-framework-baremetal/libs/sbs_neural_network/systemc/sbs_spike_50.cpp:62]   --->   Core 105 'FCmp' <Latency = 3> <II = 1> <Delay = 2.73> <FuncUnit> <Opcode : 'fcmp'> <InPorts = 2> <OutPorts = 1>

 <State 10> : 4.59ns
ST_10 : Operation 111 [1/2] (0.00ns)   --->   "%empty_5 = call { i32, i4, i4, i2, i1, i5, i6 } @_ssdm_op_Read.axis.volatile.i32P.i4P.i4P.i2P.i1P.i5P.i6P(i32* %stream_in_V_data_V, i4* %stream_in_V_keep_V, i4* %stream_in_V_strb_V, i2* %stream_in_V_user_V, i1* %stream_in_V_last_V, i5* %stream_in_V_id_V, i6* %stream_in_V_dest_V)" [../app-framework-baremetal/libs/sbs_neural_network/systemc/sbs_spike_50.cpp:61]   --->   Core 5 'AXI4Stream' <Latency = 0> <II = 1> <Delay = 1.00> <Adapter> <Opcode : >
ST_10 : Operation 112 [1/1] (0.00ns)   --->   "%tmp_data_V_2 = extractvalue { i32, i4, i4, i2, i1, i5, i6 } %empty_5, 0" [../app-framework-baremetal/libs/sbs_neural_network/systemc/sbs_spike_50.cpp:61]
ST_10 : Operation 113 [1/1] (0.00ns)   --->   "%sum_load_to_int = bitcast float %sum_load to i32" [../app-framework-baremetal/libs/sbs_neural_network/systemc/sbs_spike_50.cpp:64]
ST_10 : Operation 114 [1/1] (0.00ns)   --->   "%tmp_13 = call i8 @_ssdm_op_PartSelect.i8.i32.i32.i32(i32 %sum_load_to_int, i32 23, i32 30)" [../app-framework-baremetal/libs/sbs_neural_network/systemc/sbs_spike_50.cpp:64]
ST_10 : Operation 115 [1/1] (0.00ns)   --->   "%tmp_31 = trunc i32 %sum_load_to_int to i23" [../app-framework-baremetal/libs/sbs_neural_network/systemc/sbs_spike_50.cpp:64]
ST_10 : Operation 116 [1/1] (1.55ns)   --->   "%notlhs = icmp ne i8 %tmp_13, -1" [../app-framework-baremetal/libs/sbs_neural_network/systemc/sbs_spike_50.cpp:64]   --->   Core 25 'Cmp' <Latency = 0> <II = 1> <Delay = 2.44> <FuncUnit> <Opcode : 'icmp'> <InPorts = 2> <OutPorts = 1>
ST_10 : Operation 117 [1/1] (2.44ns)   --->   "%notrhs = icmp eq i23 %tmp_31, 0" [../app-framework-baremetal/libs/sbs_neural_network/systemc/sbs_spike_50.cpp:64]   --->   Core 25 'Cmp' <Latency = 0> <II = 1> <Delay = 2.44> <FuncUnit> <Opcode : 'icmp'> <InPorts = 2> <OutPorts = 1>
ST_10 : Operation 118 [1/1] (0.00ns) (grouped into LUT with out node tmp_29)   --->   "%tmp_25 = or i1 %notrhs, %notlhs" [../app-framework-baremetal/libs/sbs_neural_network/systemc/sbs_spike_50.cpp:64]   --->   Core 27 'LogicGate' <Latency = 0> <II = 1> <Delay = 0.93> <FuncUnit> <Opcode : 'and' 'or' 'xor'> <InPorts = 2> <OutPorts = 1>
ST_10 : Operation 119 [1/1] (0.00ns) (grouped into LUT with out node tmp_29)   --->   "%tmp_26 = or i1 %notrhs3, %notlhs2" [../app-framework-baremetal/libs/sbs_neural_network/systemc/sbs_spike_50.cpp:52]   --->   Core 27 'LogicGate' <Latency = 0> <II = 1> <Delay = 0.93> <FuncUnit> <Opcode : 'and' 'or' 'xor'> <InPorts = 2> <OutPorts = 1>
ST_10 : Operation 120 [1/1] (0.00ns) (grouped into LUT with out node tmp_29)   --->   "%tmp_27 = and i1 %tmp_25, %tmp_26" [../app-framework-baremetal/libs/sbs_neural_network/systemc/sbs_spike_50.cpp:64]   --->   Core 27 'LogicGate' <Latency = 0> <II = 1> <Delay = 0.93> <FuncUnit> <Opcode : 'and' 'or' 'xor'> <InPorts = 2> <OutPorts = 1>
ST_10 : Operation 121 [1/4] (2.73ns)   --->   "%tmp_28 = fcmp olt float %sum_load, %tmp_2" [../app-framework-baremetal/libs/sbs_neural_network/systemc/sbs_spike_50.cpp:62]   --->   Core 105 'FCmp' <Latency = 3> <II = 1> <Delay = 2.73> <FuncUnit> <Opcode : 'fcmp'> <InPorts = 2> <OutPorts = 1>
ST_10 : Operation 122 [1/1] (0.93ns) (out node of the LUT)   --->   "%tmp_29 = and i1 %tmp_27, %tmp_28" [../app-framework-baremetal/libs/sbs_neural_network/systemc/sbs_spike_50.cpp:62]   --->   Core 27 'LogicGate' <Latency = 0> <II = 1> <Delay = 0.93> <FuncUnit> <Opcode : 'and' 'or' 'xor'> <InPorts = 2> <OutPorts = 1>
ST_10 : Operation 123 [1/1] (0.00ns)   --->   "%tmp_14 = bitcast i32 %tmp_data_V_2 to float" [../app-framework-baremetal/libs/sbs_neural_network/systemc/sbs_spike_50.cpp:61]
ST_10 : Operation 124 [10/10] (3.35ns)   --->   "%tmp_16 = fadd float %sum_load, %tmp_14" [../app-framework-baremetal/libs/sbs_neural_network/systemc/sbs_spike_50.cpp:64]   --->   Core 99 'FAddSub' <Latency = 9> <II = 1> <Delay = 3.35> <FuncUnit> <Opcode : 'fadd' 'fsub'> <InPorts = 2> <OutPorts = 1>
ST_10 : Operation 125 [1/1] (2.47ns)   --->   "%tmp_19 = icmp eq i32 %tmp_data_V_4, %tmp_4" [../app-framework-baremetal/libs/sbs_neural_network/systemc/sbs_spike_50.cpp:66]   --->   Core 25 'Cmp' <Latency = 0> <II = 1> <Delay = 2.44> <FuncUnit> <Opcode : 'icmp'> <InPorts = 2> <OutPorts = 1>

 <State 11> : 3.36ns
ST_11 : Operation 126 [1/1] (0.00ns)   --->   "%tmp_12 = or i32 %debug_load_2, 262144" [../app-framework-baremetal/libs/sbs_neural_network/systemc/sbs_spike_50.cpp:60]
ST_11 : Operation 127 [1/1] (1.86ns)   --->   "br i1 %tmp_29, label %7, label %._crit_edge23" [../app-framework-baremetal/libs/sbs_neural_network/systemc/sbs_spike_50.cpp:62]
ST_11 : Operation 128 [9/10] (3.35ns)   --->   "%tmp_16 = fadd float %sum_load, %tmp_14" [../app-framework-baremetal/libs/sbs_neural_network/systemc/sbs_spike_50.cpp:64]   --->   Core 99 'FAddSub' <Latency = 9> <II = 1> <Delay = 3.35> <FuncUnit> <Opcode : 'fadd' 'fsub'> <InPorts = 2> <OutPorts = 1>

 <State 12> : 3.36ns
ST_12 : Operation 129 [8/10] (3.35ns)   --->   "%tmp_16 = fadd float %sum_load, %tmp_14" [../app-framework-baremetal/libs/sbs_neural_network/systemc/sbs_spike_50.cpp:64]   --->   Core 99 'FAddSub' <Latency = 9> <II = 1> <Delay = 3.35> <FuncUnit> <Opcode : 'fadd' 'fsub'> <InPorts = 2> <OutPorts = 1>

 <State 13> : 3.36ns
ST_13 : Operation 130 [7/10] (3.35ns)   --->   "%tmp_16 = fadd float %sum_load, %tmp_14" [../app-framework-baremetal/libs/sbs_neural_network/systemc/sbs_spike_50.cpp:64]   --->   Core 99 'FAddSub' <Latency = 9> <II = 1> <Delay = 3.35> <FuncUnit> <Opcode : 'fadd' 'fsub'> <InPorts = 2> <OutPorts = 1>

 <State 14> : 3.36ns
ST_14 : Operation 131 [6/10] (3.35ns)   --->   "%tmp_16 = fadd float %sum_load, %tmp_14" [../app-framework-baremetal/libs/sbs_neural_network/systemc/sbs_spike_50.cpp:64]   --->   Core 99 'FAddSub' <Latency = 9> <II = 1> <Delay = 3.35> <FuncUnit> <Opcode : 'fadd' 'fsub'> <InPorts = 2> <OutPorts = 1>

 <State 15> : 3.36ns
ST_15 : Operation 132 [5/10] (3.35ns)   --->   "%tmp_16 = fadd float %sum_load, %tmp_14" [../app-framework-baremetal/libs/sbs_neural_network/systemc/sbs_spike_50.cpp:64]   --->   Core 99 'FAddSub' <Latency = 9> <II = 1> <Delay = 3.35> <FuncUnit> <Opcode : 'fadd' 'fsub'> <InPorts = 2> <OutPorts = 1>

 <State 16> : 3.36ns
ST_16 : Operation 133 [4/10] (3.35ns)   --->   "%tmp_16 = fadd float %sum_load, %tmp_14" [../app-framework-baremetal/libs/sbs_neural_network/systemc/sbs_spike_50.cpp:64]   --->   Core 99 'FAddSub' <Latency = 9> <II = 1> <Delay = 3.35> <FuncUnit> <Opcode : 'fadd' 'fsub'> <InPorts = 2> <OutPorts = 1>

 <State 17> : 3.36ns
ST_17 : Operation 134 [3/10] (3.35ns)   --->   "%tmp_16 = fadd float %sum_load, %tmp_14" [../app-framework-baremetal/libs/sbs_neural_network/systemc/sbs_spike_50.cpp:64]   --->   Core 99 'FAddSub' <Latency = 9> <II = 1> <Delay = 3.35> <FuncUnit> <Opcode : 'fadd' 'fsub'> <InPorts = 2> <OutPorts = 1>

 <State 18> : 3.36ns
ST_18 : Operation 135 [2/10] (3.35ns)   --->   "%tmp_16 = fadd float %sum_load, %tmp_14" [../app-framework-baremetal/libs/sbs_neural_network/systemc/sbs_spike_50.cpp:64]   --->   Core 99 'FAddSub' <Latency = 9> <II = 1> <Delay = 3.35> <FuncUnit> <Opcode : 'fadd' 'fsub'> <InPorts = 2> <OutPorts = 1>

 <State 19> : 6.09ns
ST_19 : Operation 136 [1/10] (3.35ns)   --->   "%tmp_16 = fadd float %sum_load, %tmp_14" [../app-framework-baremetal/libs/sbs_neural_network/systemc/sbs_spike_50.cpp:64]   --->   Core 99 'FAddSub' <Latency = 9> <II = 1> <Delay = 3.35> <FuncUnit> <Opcode : 'fadd' 'fsub'> <InPorts = 2> <OutPorts = 1>
ST_19 : Operation 137 [4/4] (2.73ns)   --->   "%tmp_33 = fcmp ole float %tmp_2, %tmp_16" [../app-framework-baremetal/libs/sbs_neural_network/systemc/sbs_spike_50.cpp:66]   --->   Core 105 'FCmp' <Latency = 3> <II = 1> <Delay = 2.73> <FuncUnit> <Opcode : 'fcmp'> <InPorts = 2> <OutPorts = 1>

 <State 20> : 2.73ns
ST_20 : Operation 138 [3/4] (2.73ns)   --->   "%tmp_33 = fcmp ole float %tmp_2, %tmp_16" [../app-framework-baremetal/libs/sbs_neural_network/systemc/sbs_spike_50.cpp:66]   --->   Core 105 'FCmp' <Latency = 3> <II = 1> <Delay = 2.73> <FuncUnit> <Opcode : 'fcmp'> <InPorts = 2> <OutPorts = 1>

 <State 21> : 2.73ns
ST_21 : Operation 139 [1/1] (1.00ns)   --->   "call void @_ssdm_op_Write.s_axilite.i32P(i32* %debug, i32 %tmp_12)" [../app-framework-baremetal/libs/sbs_neural_network/systemc/sbs_spike_50.cpp:60]   --->   Core 10 's_axilite' <Latency = 0> <II = 1> <Delay = 1.00> <Adapter> <Opcode : 'read' 'write'>
ST_21 : Operation 140 [1/1] (0.00ns)   --->   "%tmp_16_to_int = bitcast float %tmp_16 to i32" [../app-framework-baremetal/libs/sbs_neural_network/systemc/sbs_spike_50.cpp:64]
ST_21 : Operation 141 [1/1] (0.00ns)   --->   "%tmp_30 = call i8 @_ssdm_op_PartSelect.i8.i32.i32.i32(i32 %tmp_16_to_int, i32 23, i32 30)" [../app-framework-baremetal/libs/sbs_neural_network/systemc/sbs_spike_50.cpp:64]
ST_21 : Operation 142 [1/1] (0.00ns)   --->   "%tmp_35 = trunc i32 %tmp_16_to_int to i23" [../app-framework-baremetal/libs/sbs_neural_network/systemc/sbs_spike_50.cpp:64]
ST_21 : Operation 143 [1/1] (1.55ns)   --->   "%notlhs6 = icmp ne i8 %tmp_30, -1" [../app-framework-baremetal/libs/sbs_neural_network/systemc/sbs_spike_50.cpp:64]   --->   Core 25 'Cmp' <Latency = 0> <II = 1> <Delay = 2.44> <FuncUnit> <Opcode : 'icmp'> <InPorts = 2> <OutPorts = 1>
ST_21 : Operation 144 [1/1] (2.44ns)   --->   "%notrhs7 = icmp eq i23 %tmp_35, 0" [../app-framework-baremetal/libs/sbs_neural_network/systemc/sbs_spike_50.cpp:64]   --->   Core 25 'Cmp' <Latency = 0> <II = 1> <Delay = 2.44> <FuncUnit> <Opcode : 'icmp'> <InPorts = 2> <OutPorts = 1>
ST_21 : Operation 145 [2/4] (2.73ns)   --->   "%tmp_33 = fcmp ole float %tmp_2, %tmp_16" [../app-framework-baremetal/libs/sbs_neural_network/systemc/sbs_spike_50.cpp:66]   --->   Core 105 'FCmp' <Latency = 3> <II = 1> <Delay = 2.73> <FuncUnit> <Opcode : 'fcmp'> <InPorts = 2> <OutPorts = 1>

 <State 22> : 5.52ns
ST_22 : Operation 146 [1/1] (0.00ns)   --->   "%tmp_17 = or i32 %debug_load_2, 786432" [../app-framework-baremetal/libs/sbs_neural_network/systemc/sbs_spike_50.cpp:65]
ST_22 : Operation 147 [1/1] (1.00ns)   --->   "call void @_ssdm_op_Write.s_axilite.i32P(i32* %debug, i32 %tmp_17)" [../app-framework-baremetal/libs/sbs_neural_network/systemc/sbs_spike_50.cpp:65]   --->   Core 10 's_axilite' <Latency = 0> <II = 1> <Delay = 1.00> <Adapter> <Opcode : 'read' 'write'>
ST_22 : Operation 148 [1/1] (0.00ns) (grouped into LUT with out node or_cond)   --->   "%tmp_32 = or i1 %notrhs7, %notlhs6" [../app-framework-baremetal/libs/sbs_neural_network/systemc/sbs_spike_50.cpp:64]   --->   Core 27 'LogicGate' <Latency = 0> <II = 1> <Delay = 0.93> <FuncUnit> <Opcode : 'and' 'or' 'xor'> <InPorts = 2> <OutPorts = 1>
ST_22 : Operation 149 [1/4] (2.73ns)   --->   "%tmp_33 = fcmp ole float %tmp_2, %tmp_16" [../app-framework-baremetal/libs/sbs_neural_network/systemc/sbs_spike_50.cpp:66]   --->   Core 105 'FCmp' <Latency = 3> <II = 1> <Delay = 2.73> <FuncUnit> <Opcode : 'fcmp'> <InPorts = 2> <OutPorts = 1>
ST_22 : Operation 150 [1/1] (0.00ns) (grouped into LUT with out node or_cond)   --->   "%tmp_34 = and i1 %tmp_32, %tmp_33" [../app-framework-baremetal/libs/sbs_neural_network/systemc/sbs_spike_50.cpp:66]   --->   Core 27 'LogicGate' <Latency = 0> <II = 1> <Delay = 0.93> <FuncUnit> <Opcode : 'and' 'or' 'xor'> <InPorts = 2> <OutPorts = 1>
ST_22 : Operation 151 [1/1] (0.93ns) (out node of the LUT)   --->   "%or_cond = or i1 %tmp_34, %tmp_19" [../app-framework-baremetal/libs/sbs_neural_network/systemc/sbs_spike_50.cpp:66]   --->   Core 27 'LogicGate' <Latency = 0> <II = 1> <Delay = 0.93> <FuncUnit> <Opcode : 'and' 'or' 'xor'> <InPorts = 2> <OutPorts = 1>
ST_22 : Operation 152 [1/1] (1.86ns)   --->   "br i1 %or_cond, label %8, label %._crit_edge23" [../app-framework-baremetal/libs/sbs_neural_network/systemc/sbs_spike_50.cpp:66]
ST_22 : Operation 153 [1/1] (0.00ns)   --->   "%tmp_20 = or i32 %debug_load_2, 1835008" [../app-framework-baremetal/libs/sbs_neural_network/systemc/sbs_spike_50.cpp:68]
ST_22 : Operation 154 [1/1] (0.00ns)   --->   "%ip_index_load_1 = load i32* @ip_index, align 4" [../app-framework-baremetal/libs/sbs_neural_network/systemc/sbs_spike_50.cpp:70]
ST_22 : Operation 155 [1/1] (2.47ns)   --->   "%tmp_last_V = icmp eq i32 %ip_index_load_1, %tmp_5" [../app-framework-baremetal/libs/sbs_neural_network/systemc/sbs_spike_50.cpp:70]   --->   Core 25 'Cmp' <Latency = 0> <II = 1> <Delay = 2.44> <FuncUnit> <Opcode : 'icmp'> <InPorts = 2> <OutPorts = 1>
ST_22 : Operation 156 [1/1] (1.86ns)   --->   "br i1 %tmp_last_V, label %9, label %._crit_edge23" [../app-framework-baremetal/libs/sbs_neural_network/systemc/sbs_spike_50.cpp:74]
ST_22 : Operation 157 [1/1] (0.00ns)   --->   "%tmp_21 = or i32 %debug_load_2, 3932160" [../app-framework-baremetal/libs/sbs_neural_network/systemc/sbs_spike_50.cpp:74]
ST_22 : Operation 158 [1/1] (1.86ns)   --->   "br label %._crit_edge23" [../app-framework-baremetal/libs/sbs_neural_network/systemc/sbs_spike_50.cpp:74]
ST_22 : Operation 159 [1/1] (0.00ns)   --->   "%sum_load8 = phi float [ %sum_load, %6 ], [ %tmp_16, %8 ], [ %tmp_16, %9 ], [ %tmp_16, %7 ]" [../app-framework-baremetal/libs/sbs_neural_network/systemc/sbs_spike_50.cpp:64]

 <State 23> : 1.00ns
ST_23 : Operation 160 [1/1] (1.00ns)   --->   "call void @_ssdm_op_Write.s_axilite.i32P(i32* %debug, i32 %tmp_20)" [../app-framework-baremetal/libs/sbs_neural_network/systemc/sbs_spike_50.cpp:68]   --->   Core 10 's_axilite' <Latency = 0> <II = 1> <Delay = 1.00> <Adapter> <Opcode : 'read' 'write'>
ST_23 : Operation 161 [1/1] (0.00ns)   --->   "%tmp_keep_V_1 = load i4* @channel_keep_V, align 4" [../app-framework-baremetal/libs/sbs_neural_network/systemc/sbs_spike_50.cpp:72]
ST_23 : Operation 162 [1/1] (0.00ns)   --->   "%tmp_strb_V_1 = load i4* @channel_strb_V, align 1" [../app-framework-baremetal/libs/sbs_neural_network/systemc/sbs_spike_50.cpp:72]
ST_23 : Operation 163 [1/1] (0.00ns)   --->   "%tmp_user_V_1 = load i2* @channel_user_V, align 2" [../app-framework-baremetal/libs/sbs_neural_network/systemc/sbs_spike_50.cpp:72]
ST_23 : Operation 164 [1/1] (0.00ns)   --->   "%tmp_id_V_1 = load i5* @channel_id_V, align 4" [../app-framework-baremetal/libs/sbs_neural_network/systemc/sbs_spike_50.cpp:72]
ST_23 : Operation 165 [1/1] (0.00ns)   --->   "%tmp_dest_V_1 = load i6* @channel_dest_V, align 1" [../app-framework-baremetal/libs/sbs_neural_network/systemc/sbs_spike_50.cpp:72]
ST_23 : Operation 166 [2/2] (0.00ns)   --->   "call void @_ssdm_op_Write.axis.volatile.i32P.i4P.i4P.i2P.i1P.i5P.i6P(i32* %stream_out_V_data_V, i4* %stream_out_V_keep_V, i4* %stream_out_V_strb_V, i2* %stream_out_V_user_V, i1* %stream_out_V_last_V, i5* %stream_out_V_id_V, i6* %stream_out_V_dest_V, i32 %tmp_data_V_4, i4 %tmp_keep_V_1, i4 %tmp_strb_V_1, i2 %tmp_user_V_1, i1 %tmp_last_V, i5 %tmp_id_V_1, i6 %tmp_dest_V_1)" [../app-framework-baremetal/libs/sbs_neural_network/systemc/sbs_spike_50.cpp:72]   --->   Core 5 'AXI4Stream' <Latency = 0> <II = 1> <Delay = 1.00> <Adapter> <Opcode : >
ST_23 : Operation 167 [1/1] (0.00ns)   --->   "%debug_load3 = phi i32 [ %tmp_12, %6 ], [ %tmp_20, %8 ], [ %tmp_21, %9 ], [ %tmp_17, %7 ]" [../app-framework-baremetal/libs/sbs_neural_network/systemc/sbs_spike_50.cpp:60]

 <State 24> : 1.00ns
ST_24 : Operation 168 [1/1] (0.00ns)   --->   "%tmp_11 = call i32 (...)* @_ssdm_op_SpecRegionBegin([12 x i8]* @p_str6)" [../app-framework-baremetal/libs/sbs_neural_network/systemc/sbs_spike_50.cpp:58]
ST_24 : Operation 169 [1/1] (0.00ns)   --->   "call void (...)* @_ssdm_op_SpecPipeline(i32 -1, i32 1, i32 1, i32 0, [1 x i8]* @p_str2) nounwind" [../app-framework-baremetal/libs/sbs_neural_network/systemc/sbs_spike_50.cpp:59]
ST_24 : Operation 170 [1/2] (0.00ns)   --->   "call void @_ssdm_op_Write.axis.volatile.i32P.i4P.i4P.i2P.i1P.i5P.i6P(i32* %stream_out_V_data_V, i4* %stream_out_V_keep_V, i4* %stream_out_V_strb_V, i2* %stream_out_V_user_V, i1* %stream_out_V_last_V, i5* %stream_out_V_id_V, i6* %stream_out_V_dest_V, i32 %tmp_data_V_4, i4 %tmp_keep_V_1, i4 %tmp_strb_V_1, i2 %tmp_user_V_1, i1 %tmp_last_V, i5 %tmp_id_V_1, i6 %tmp_dest_V_1)" [../app-framework-baremetal/libs/sbs_neural_network/systemc/sbs_spike_50.cpp:72]   --->   Core 5 'AXI4Stream' <Latency = 0> <II = 1> <Delay = 1.00> <Adapter> <Opcode : >
ST_24 : Operation 171 [1/1] (1.00ns)   --->   "call void @_ssdm_op_Write.s_axilite.i32P(i32* %debug, i32 %tmp_21)" [../app-framework-baremetal/libs/sbs_neural_network/systemc/sbs_spike_50.cpp:74]   --->   Core 10 's_axilite' <Latency = 0> <II = 1> <Delay = 1.00> <Adapter> <Opcode : 'read' 'write'>
ST_24 : Operation 172 [1/1] (0.00ns)   --->   "%empty_6 = call i32 (...)* @_ssdm_op_SpecRegionEnd([12 x i8]* @p_str6, i32 %tmp_11)" [../app-framework-baremetal/libs/sbs_neural_network/systemc/sbs_spike_50.cpp:77]
ST_24 : Operation 173 [1/1] (0.00ns)   --->   "br label %5" [../app-framework-baremetal/libs/sbs_neural_network/systemc/sbs_spike_50.cpp:57]

 <State 25> : 2.55ns
ST_25 : Operation 174 [1/1] (0.00ns)   --->   "%empty_7 = call i32 (...)* @_ssdm_op_SpecRegionEnd([12 x i8]* @p_str5, i32 %tmp_1)" [../app-framework-baremetal/libs/sbs_neural_network/systemc/sbs_spike_50.cpp:79]
ST_25 : Operation 175 [1/1] (0.00ns)   --->   "%ip_index_load = load i32* @ip_index, align 4" [../app-framework-baremetal/libs/sbs_neural_network/systemc/sbs_spike_50.cpp:40]
ST_25 : Operation 176 [1/1] (2.55ns)   --->   "%tmp_15 = add nsw i32 %ip_index_load, 1" [../app-framework-baremetal/libs/sbs_neural_network/systemc/sbs_spike_50.cpp:40]   --->   Core 14 'AddSub' <Latency = 0> <II = 1> <Delay = 2.55> <FuncUnit> <Opcode : 'add' 'sub'> <InPorts = 2> <OutPorts = 1>
ST_25 : Operation 177 [1/1] (0.00ns)   --->   "br label %0" [../app-framework-baremetal/libs/sbs_neural_network/systemc/sbs_spike_50.cpp:40]


============================================================
+ Verbose Summary: Timing violations
============================================================
Target clock period: 4ns, clock uncertainty: 0.5ns.

 <State 1>: 1ns
The critical path consists of the following:
	s_axi read on port 'vectorSize' [42]  (1 ns)

 <State 2>: 2.55ns
The critical path consists of the following:
	'add' operation ('tmp_4', ../app-framework-baremetal/libs/sbs_neural_network/systemc/sbs_spike_50.cpp:66) [55]  (2.55 ns)

 <State 3>: 4.33ns
The critical path consists of the following:
	'icmp' operation ('tmp_7', ../app-framework-baremetal/libs/sbs_neural_network/systemc/sbs_spike_50.cpp:40) [62]  (2.47 ns)
	blocking operation 1.86 ns on control path)

 <State 4>: 1.77ns
The critical path consists of the following:
	'or' operation ('tmp_s', ../app-framework-baremetal/libs/sbs_neural_network/systemc/sbs_spike_50.cpp:51) [70]  (0 ns)
	multiplexor before 'phi' operation ('debug_load6', ../app-framework-baremetal/libs/sbs_neural_network/systemc/sbs_spike_50.cpp:51) with incoming values : ('tmp_s', ../app-framework-baremetal/libs/sbs_neural_network/systemc/sbs_spike_50.cpp:51) ('tmp_9', ../app-framework-baremetal/libs/sbs_neural_network/systemc/sbs_spike_50.cpp:45) [92]  (1.77 ns)

 <State 5>: 1.77ns
The critical path consists of the following:
	'or' operation ('tmp_9', ../app-framework-baremetal/libs/sbs_neural_network/systemc/sbs_spike_50.cpp:45) [76]  (0 ns)
	multiplexor before 'phi' operation ('debug_load6', ../app-framework-baremetal/libs/sbs_neural_network/systemc/sbs_spike_50.cpp:51) with incoming values : ('tmp_s', ../app-framework-baremetal/libs/sbs_neural_network/systemc/sbs_spike_50.cpp:51) ('tmp_9', ../app-framework-baremetal/libs/sbs_neural_network/systemc/sbs_spike_50.cpp:45) [92]  (1.77 ns)

 <State 6>: 2.45ns
The critical path consists of the following:
	'phi' operation ('tmp.data.V') with incoming values : ('tmp.data.V', ../app-framework-baremetal/libs/sbs_neural_network/systemc/sbs_spike_50.cpp:52) ('tmp.data.V', ../app-framework-baremetal/libs/sbs_neural_network/systemc/sbs_spike_50.cpp:46) [93]  (0 ns)
	'icmp' operation ('notrhs3', ../app-framework-baremetal/libs/sbs_neural_network/systemc/sbs_spike_50.cpp:52) [96]  (2.45 ns)

 <State 7>: 3.4ns
The critical path consists of the following:
	'icmp' operation ('tmp_10', ../app-framework-baremetal/libs/sbs_neural_network/systemc/sbs_spike_50.cpp:57) [103]  (2.47 ns)
	blocking operation 0.931 ns on control path)

 <State 8>: 2.73ns
The critical path consists of the following:
	'fcmp' operation ('tmp_28', ../app-framework-baremetal/libs/sbs_neural_network/systemc/sbs_spike_50.cpp:62) [123]  (2.73 ns)

 <State 9>: 2.73ns
The critical path consists of the following:
	'fcmp' operation ('tmp_28', ../app-framework-baremetal/libs/sbs_neural_network/systemc/sbs_spike_50.cpp:62) [123]  (2.73 ns)

 <State 10>: 4.59ns
The critical path consists of the following:
	'fcmp' operation ('tmp_28', ../app-framework-baremetal/libs/sbs_neural_network/systemc/sbs_spike_50.cpp:62) [123]  (2.73 ns)
	'and' operation ('tmp_29', ../app-framework-baremetal/libs/sbs_neural_network/systemc/sbs_spike_50.cpp:62) [124]  (0.931 ns)
	blocking operation 0.931 ns on control path)

 <State 11>: 3.36ns
The critical path consists of the following:
	'fadd' operation ('tmp_16', ../app-framework-baremetal/libs/sbs_neural_network/systemc/sbs_spike_50.cpp:64) [128]  (3.36 ns)

 <State 12>: 3.36ns
The critical path consists of the following:
	'fadd' operation ('tmp_16', ../app-framework-baremetal/libs/sbs_neural_network/systemc/sbs_spike_50.cpp:64) [128]  (3.36 ns)

 <State 13>: 3.36ns
The critical path consists of the following:
	'fadd' operation ('tmp_16', ../app-framework-baremetal/libs/sbs_neural_network/systemc/sbs_spike_50.cpp:64) [128]  (3.36 ns)

 <State 14>: 3.36ns
The critical path consists of the following:
	'fadd' operation ('tmp_16', ../app-framework-baremetal/libs/sbs_neural_network/systemc/sbs_spike_50.cpp:64) [128]  (3.36 ns)

 <State 15>: 3.36ns
The critical path consists of the following:
	'fadd' operation ('tmp_16', ../app-framework-baremetal/libs/sbs_neural_network/systemc/sbs_spike_50.cpp:64) [128]  (3.36 ns)

 <State 16>: 3.36ns
The critical path consists of the following:
	'fadd' operation ('tmp_16', ../app-framework-baremetal/libs/sbs_neural_network/systemc/sbs_spike_50.cpp:64) [128]  (3.36 ns)

 <State 17>: 3.36ns
The critical path consists of the following:
	'fadd' operation ('tmp_16', ../app-framework-baremetal/libs/sbs_neural_network/systemc/sbs_spike_50.cpp:64) [128]  (3.36 ns)

 <State 18>: 3.36ns
The critical path consists of the following:
	'fadd' operation ('tmp_16', ../app-framework-baremetal/libs/sbs_neural_network/systemc/sbs_spike_50.cpp:64) [128]  (3.36 ns)

 <State 19>: 6.09ns
The critical path consists of the following:
	'fadd' operation ('tmp_16', ../app-framework-baremetal/libs/sbs_neural_network/systemc/sbs_spike_50.cpp:64) [128]  (3.36 ns)
	'fcmp' operation ('tmp_33', ../app-framework-baremetal/libs/sbs_neural_network/systemc/sbs_spike_50.cpp:66) [137]  (2.73 ns)

 <State 20>: 2.73ns
The critical path consists of the following:
	'fcmp' operation ('tmp_33', ../app-framework-baremetal/libs/sbs_neural_network/systemc/sbs_spike_50.cpp:66) [137]  (2.73 ns)

 <State 21>: 2.73ns
The critical path consists of the following:
	'fcmp' operation ('tmp_33', ../app-framework-baremetal/libs/sbs_neural_network/systemc/sbs_spike_50.cpp:66) [137]  (2.73 ns)

 <State 22>: 5.52ns
The critical path consists of the following:
	'fcmp' operation ('tmp_33', ../app-framework-baremetal/libs/sbs_neural_network/systemc/sbs_spike_50.cpp:66) [137]  (2.73 ns)
	'and' operation ('tmp_34', ../app-framework-baremetal/libs/sbs_neural_network/systemc/sbs_spike_50.cpp:66) [138]  (0 ns)
	'or' operation ('or_cond', ../app-framework-baremetal/libs/sbs_neural_network/systemc/sbs_spike_50.cpp:66) [140]  (0.931 ns)
	multiplexor before 'phi' operation ('sum_load8', ../app-framework-baremetal/libs/sbs_neural_network/systemc/sbs_spike_50.cpp:64) with incoming values : ('tmp_16', ../app-framework-baremetal/libs/sbs_neural_network/systemc/sbs_spike_50.cpp:64) [159]  (1.86 ns)

 <State 23>: 1ns
The critical path consists of the following:
	s_axi write on port 'debug' (../app-framework-baremetal/libs/sbs_neural_network/systemc/sbs_spike_50.cpp:68) [144]  (1 ns)

 <State 24>: 1ns
The critical path consists of the following:
	s_axi write on port 'debug' (../app-framework-baremetal/libs/sbs_neural_network/systemc/sbs_spike_50.cpp:74) [156]  (1 ns)

 <State 25>: 2.55ns
The critical path consists of the following:
	'load' operation ('ip_index_load', ../app-framework-baremetal/libs/sbs_neural_network/systemc/sbs_spike_50.cpp:40) on static variable 'ip_index' [165]  (0 ns)
	'add' operation ('tmp_15', ../app-framework-baremetal/libs/sbs_neural_network/systemc/sbs_spike_50.cpp:40) [166]  (2.55 ns)


============================================================
+ Verbose Summary: Binding
============================================================
N/A
* FSMD analyzer results:
  - Output states:
 - Input state : 
  - Chain level:
	State 1
	State 2
	State 3
	State 4
	State 5
	State 6
	State 7
	State 8
	State 9
	State 10
	State 11
	State 12
	State 13
	State 14
	State 15
	State 16
	State 17
	State 18
	State 19
	State 20
	State 21
	State 22
	State 23
	State 24
	State 25


============================================================
+ Verbose Summary: Datapath Resource usage 
============================================================
N/A
